2018-09-28 10:04:49,285 INFO o.a.j.u.JMeterUtils: Setting Locale to en_US
2018-09-28 10:04:49,313 INFO o.a.j.JMeter: Loading user properties from: /Users/gaspa03/.bzt/jmeter-taurus/4.0/bin/user.properties
2018-09-28 10:04:49,314 INFO o.a.j.JMeter: Loading system properties from: /Users/gaspa03/.bzt/jmeter-taurus/4.0/bin/system.properties
2018-09-28 10:04:49,315 INFO o.a.j.JMeter: Setting System properties from file: /Users/gaspa03/git/SV-APIBusinessOnBox/SV-CarsAPI/2018-09-28_10-04-42.560075/system.properties
2018-09-28 10:04:49,324 INFO o.a.j.JMeter: Copyright (c) 1998-2018 The Apache Software Foundation
2018-09-28 10:04:49,324 INFO o.a.j.JMeter: Version 4.0 r1823414
2018-09-28 10:04:49,325 INFO o.a.j.JMeter: java.version=1.8.0_92
2018-09-28 10:04:49,325 INFO o.a.j.JMeter: java.vm.name=Java HotSpot(TM) 64-Bit Server VM
2018-09-28 10:04:49,325 INFO o.a.j.JMeter: os.name=Mac OS X
2018-09-28 10:04:49,325 INFO o.a.j.JMeter: os.arch=x86_64
2018-09-28 10:04:49,325 INFO o.a.j.JMeter: os.version=10.13.6
2018-09-28 10:04:49,325 INFO o.a.j.JMeter: file.encoding=UTF-8
2018-09-28 10:04:49,325 INFO o.a.j.JMeter: Max memory     =3817865216
2018-09-28 10:04:49,325 INFO o.a.j.JMeter: Available Processors =8
2018-09-28 10:04:49,332 INFO o.a.j.JMeter: Default Locale=English (United States)
2018-09-28 10:04:49,332 INFO o.a.j.JMeter: JMeter  Locale=English (United States)
2018-09-28 10:04:49,332 INFO o.a.j.JMeter: JMeterHome=/Users/gaspa03/.bzt/jmeter-taurus/4.0
2018-09-28 10:04:49,333 INFO o.a.j.JMeter: user.dir  =/Users/gaspa03/git/SV-APIBusinessOnBox/SV-CarsAPI
2018-09-28 10:04:49,333 INFO o.a.j.JMeter: PWD       =/Users/gaspa03/git/SV-APIBusinessOnBox/SV-CarsAPI
2018-09-28 10:04:49,337 INFO o.a.j.JMeter: IP: 127.0.0.1 Name: gaspa03mac FullName: localhost
2018-09-28 10:04:49,337 INFO o.a.j.JMeter: user.classpath=/Users/gaspa03/git/SV-APIBusinessOnBox/SV-CarsAPI/2018-09-28_10-04-42.560075:/Users/gaspa03/git/SV-APIBusinessOnBox/SV-CarsAPI/2018-09-28_10-04-42.560075
2018-09-28 10:04:49,338 INFO o.a.j.JMeter: Adding to classpath and loader: /Users/gaspa03/git/SV-APIBusinessOnBox/SV-CarsAPI/2018-09-28_10-04-42.560075
2018-09-28 10:04:49,339 INFO o.a.j.JMeter: Adding to classpath and loader: /Users/gaspa03/git/SV-APIBusinessOnBox/SV-CarsAPI/2018-09-28_10-04-42.560075
2018-09-28 10:04:49,343 INFO o.a.j.s.FileServer: Default base='/Users/gaspa03/git/SV-APIBusinessOnBox/SV-CarsAPI'
2018-09-28 10:04:49,351 INFO o.a.j.s.FileServer: Set new base='/Users/gaspa03/git/SV-APIBusinessOnBox/SV-CarsAPI/2018-09-28_10-04-42.560075'
2018-09-28 10:04:49,536 INFO o.a.j.s.SaveService: Testplan (JMX) version: 2.2. Testlog (JTL) version: 2.2
2018-09-28 10:04:49,554 INFO o.a.j.s.SaveService: Using SaveService properties file encoding UTF-8
2018-09-28 10:04:49,557 INFO o.a.j.s.SaveService: Using SaveService properties version 4.0
2018-09-28 10:04:49,564 INFO o.a.j.s.SaveService: Loading file: /Users/gaspa03/git/SV-APIBusinessOnBox/SV-CarsAPI/2018-09-28_10-04-42.560075/modified_requests.jmx
2018-09-28 10:04:49,621 INFO o.a.j.p.h.c.CacheManager: Will only cache the following methods: [GET]
2018-09-28 10:04:49,623 INFO o.a.j.p.h.c.CookieManager: Settings: Delete null: true Check: true Allow variable: true Save: false Prefix: COOKIE_
2018-09-28 10:04:49,640 INFO o.a.j.p.h.s.HTTPSamplerBase: Parser for text/html is org.apache.jmeter.protocol.http.parser.LagartoBasedHtmlParser
2018-09-28 10:04:49,641 INFO o.a.j.p.h.s.HTTPSamplerBase: Parser for application/xhtml+xml is org.apache.jmeter.protocol.http.parser.LagartoBasedHtmlParser
2018-09-28 10:04:49,641 INFO o.a.j.p.h.s.HTTPSamplerBase: Parser for application/xml is org.apache.jmeter.protocol.http.parser.LagartoBasedHtmlParser
2018-09-28 10:04:49,641 INFO o.a.j.p.h.s.HTTPSamplerBase: Parser for text/xml is org.apache.jmeter.protocol.http.parser.LagartoBasedHtmlParser
2018-09-28 10:04:49,641 INFO o.a.j.p.h.s.HTTPSamplerBase: Parser for text/vnd.wap.wml is org.apache.jmeter.protocol.http.parser.RegexpHTMLParser
2018-09-28 10:04:49,641 INFO o.a.j.p.h.s.HTTPSamplerBase: Parser for text/css is org.apache.jmeter.protocol.http.parser.CssParser
2018-09-28 10:04:49,685 INFO o.a.j.e.StandardJMeterEngine: Running the test!
2018-09-28 10:04:49,685 INFO o.a.j.s.SampleEvent: List of sample_variables: []
2018-09-28 10:04:49,685 INFO o.a.j.s.SampleEvent: List of sample_variables: []
2018-09-28 10:04:49,689 INFO o.a.j.e.u.CompoundVariable: Note: Function class names must contain the string: '.functions.'
2018-09-28 10:04:49,689 INFO o.a.j.e.u.CompoundVariable: Note: Function class names must not contain the string: '.gui.'
2018-09-28 10:04:50,131 INFO o.a.j.JMeter: Running test (1538121890131)
2018-09-28 10:04:50,203 INFO o.a.j.e.StandardJMeterEngine: Starting ThreadGroup: 1 : carsPerf
2018-09-28 10:04:50,204 INFO o.a.j.e.StandardJMeterEngine: Starting 200 threads for group carsPerf.
2018-09-28 10:04:50,204 INFO o.a.j.e.StandardJMeterEngine: Thread will continue on error
2018-09-28 10:04:50,208 INFO o.a.j.e.StandardJMeterEngine: All thread groups have been started
2018-09-28 10:04:50,208 INFO c.b.j.t.c.ConcurrencyThreadStarter: Start supplying threads
2018-09-28 10:04:50,289 INFO o.a.j.s.SampleResult: Note: Sample TimeStamps are START times
2018-09-28 10:04:50,290 INFO o.a.j.s.SampleResult: sampleresult.default.encoding is set to UTF-8
2018-09-28 10:04:50,290 INFO o.a.j.s.SampleResult: sampleresult.useNanoTime=true
2018-09-28 10:04:50,290 INFO o.a.j.s.SampleResult: sampleresult.nanoThreadSleep=5000
2018-09-28 10:04:50,291 INFO o.a.j.t.JMeterThread: Thread started: carsPerf 1-1
2018-09-28 10:04:50,316 INFO o.a.j.p.h.s.HTTPHCAbstractImpl: Local host = gaspa03mac
2018-09-28 10:04:50,321 INFO o.a.j.p.h.s.HTTPHC4Impl: HTTP request retry count = 0
2018-09-28 10:04:51,295 INFO o.a.j.t.JMeterThread: Thread started: carsPerf 1-2
2018-09-28 10:04:51,296 INFO o.a.j.t.JMeterThread: Thread started: carsPerf 1-3
2018-09-28 10:04:51,297 INFO o.a.j.t.JMeterThread: Thread started: carsPerf 1-4
2018-09-28 10:04:51,297 INFO o.a.j.t.JMeterThread: Thread started: carsPerf 1-5
2018-09-28 10:04:51,298 INFO o.a.j.t.JMeterThread: Thread started: carsPerf 1-6
2018-09-28 10:04:51,299 INFO o.a.j.t.JMeterThread: Thread started: carsPerf 1-7
2018-09-28 10:04:52,305 INFO o.a.j.t.JMeterThread: Thread started: carsPerf 1-8
2018-09-28 10:04:52,305 INFO o.a.j.t.JMeterThread: Thread started: carsPerf 1-9
2018-09-28 10:04:52,306 INFO o.a.j.t.JMeterThread: Thread started: carsPerf 1-10
2018-09-28 10:04:52,306 INFO o.a.j.t.JMeterThread: Thread started: carsPerf 1-11
2018-09-28 10:04:52,307 INFO o.a.j.t.JMeterThread: Thread started: carsPerf 1-12
2018-09-28 10:04:52,308 INFO o.a.j.t.JMeterThread: Thread started: carsPerf 1-13
2018-09-28 10:04:52,308 INFO o.a.j.t.JMeterThread: Thread started: carsPerf 1-14
2018-09-28 10:04:53,313 INFO o.a.j.t.JMeterThread: Thread started: carsPerf 1-15
2018-09-28 10:04:53,317 INFO o.a.j.t.JMeterThread: Thread started: carsPerf 1-16
2018-09-28 10:04:53,324 INFO o.a.j.t.JMeterThread: Thread started: carsPerf 1-17
2018-09-28 10:04:53,325 INFO o.a.j.t.JMeterThread: Thread started: carsPerf 1-18
2018-09-28 10:04:53,327 INFO o.a.j.t.JMeterThread: Thread started: carsPerf 1-19
2018-09-28 10:04:53,327 INFO o.a.j.t.JMeterThread: Thread started: carsPerf 1-20
2018-09-28 10:04:53,328 INFO o.a.j.t.JMeterThread: Thread started: carsPerf 1-21
2018-09-28 10:04:54,331 INFO o.a.j.t.JMeterThread: Thread started: carsPerf 1-22
2018-09-28 10:04:54,331 INFO o.a.j.t.JMeterThread: Thread started: carsPerf 1-23
2018-09-28 10:04:54,332 INFO o.a.j.t.JMeterThread: Thread started: carsPerf 1-24
2018-09-28 10:04:54,332 INFO o.a.j.t.JMeterThread: Thread started: carsPerf 1-25
2018-09-28 10:04:54,333 INFO o.a.j.t.JMeterThread: Thread started: carsPerf 1-26
2018-09-28 10:04:54,333 INFO o.a.j.t.JMeterThread: Thread started: carsPerf 1-27
2018-09-28 10:04:54,334 INFO o.a.j.t.JMeterThread: Thread started: carsPerf 1-28
2018-09-28 10:04:55,338 INFO o.a.j.t.JMeterThread: Thread started: carsPerf 1-29
2018-09-28 10:04:55,340 INFO o.a.j.t.JMeterThread: Thread started: carsPerf 1-34
2018-09-28 10:04:55,339 INFO o.a.j.t.JMeterThread: Thread started: carsPerf 1-31
2018-09-28 10:04:55,340 INFO o.a.j.t.JMeterThread: Thread started: carsPerf 1-33
2018-09-28 10:04:55,339 INFO o.a.j.t.JMeterThread: Thread started: carsPerf 1-32
2018-09-28 10:04:55,339 INFO o.a.j.t.JMeterThread: Thread started: carsPerf 1-30
2018-09-28 10:04:56,344 INFO o.a.j.t.JMeterThread: Thread started: carsPerf 1-35
2018-09-28 10:04:56,345 INFO o.a.j.t.JMeterThread: Thread started: carsPerf 1-36
2018-09-28 10:04:56,345 INFO o.a.j.t.JMeterThread: Thread started: carsPerf 1-37
2018-09-28 10:04:56,345 INFO o.a.j.t.JMeterThread: Thread started: carsPerf 1-38
2018-09-28 10:04:56,346 INFO o.a.j.t.JMeterThread: Thread started: carsPerf 1-39
2018-09-28 10:04:56,346 INFO o.a.j.t.JMeterThread: Thread started: carsPerf 1-40
2018-09-28 10:04:56,347 INFO o.a.j.t.JMeterThread: Thread started: carsPerf 1-41
2018-09-28 10:04:57,349 INFO o.a.j.t.JMeterThread: Thread started: carsPerf 1-42
2018-09-28 10:04:57,349 INFO o.a.j.t.JMeterThread: Thread started: carsPerf 1-43
2018-09-28 10:04:57,349 INFO o.a.j.t.JMeterThread: Thread started: carsPerf 1-44
2018-09-28 10:04:57,350 INFO o.a.j.t.JMeterThread: Thread started: carsPerf 1-45
2018-09-28 10:04:57,350 INFO o.a.j.t.JMeterThread: Thread started: carsPerf 1-46
2018-09-28 10:04:57,350 INFO o.a.j.t.JMeterThread: Thread started: carsPerf 1-47
2018-09-28 10:04:57,351 INFO o.a.j.t.JMeterThread: Thread started: carsPerf 1-48
2018-09-28 10:04:58,355 INFO o.a.j.t.JMeterThread: Thread started: carsPerf 1-49
2018-09-28 10:04:58,355 INFO o.a.j.t.JMeterThread: Thread started: carsPerf 1-50
2018-09-28 10:04:58,356 INFO o.a.j.t.JMeterThread: Thread started: carsPerf 1-51
2018-09-28 10:04:58,356 INFO o.a.j.t.JMeterThread: Thread started: carsPerf 1-52
2018-09-28 10:04:58,357 INFO o.a.j.t.JMeterThread: Thread started: carsPerf 1-53
2018-09-28 10:04:58,358 INFO o.a.j.t.JMeterThread: Thread started: carsPerf 1-54
2018-09-28 10:04:59,363 INFO o.a.j.t.JMeterThread: Thread started: carsPerf 1-55
2018-09-28 10:04:59,363 INFO o.a.j.t.JMeterThread: Thread started: carsPerf 1-56
2018-09-28 10:04:59,363 INFO o.a.j.t.JMeterThread: Thread started: carsPerf 1-57
2018-09-28 10:04:59,363 INFO o.a.j.t.JMeterThread: Thread started: carsPerf 1-58
2018-09-28 10:04:59,364 INFO o.a.j.t.JMeterThread: Thread started: carsPerf 1-59
2018-09-28 10:04:59,364 INFO o.a.j.t.JMeterThread: Thread started: carsPerf 1-60
2018-09-28 10:04:59,365 INFO o.a.j.t.JMeterThread: Thread started: carsPerf 1-61
2018-09-28 10:05:00,368 INFO o.a.j.t.JMeterThread: Thread started: carsPerf 1-62
2018-09-28 10:05:00,369 INFO o.a.j.t.JMeterThread: Thread started: carsPerf 1-63
2018-09-28 10:05:00,369 INFO o.a.j.t.JMeterThread: Thread started: carsPerf 1-64
2018-09-28 10:05:00,369 INFO o.a.j.t.JMeterThread: Thread started: carsPerf 1-65
2018-09-28 10:05:00,370 INFO o.a.j.t.JMeterThread: Thread started: carsPerf 1-66
2018-09-28 10:05:00,370 INFO o.a.j.t.JMeterThread: Thread started: carsPerf 1-67
2018-09-28 10:05:00,371 INFO o.a.j.t.JMeterThread: Thread started: carsPerf 1-68
2018-09-28 10:05:01,373 INFO o.a.j.t.JMeterThread: Thread started: carsPerf 1-69
2018-09-28 10:05:01,374 INFO o.a.j.t.JMeterThread: Thread started: carsPerf 1-74
2018-09-28 10:05:01,374 INFO o.a.j.t.JMeterThread: Thread started: carsPerf 1-73
2018-09-28 10:05:01,374 INFO o.a.j.t.JMeterThread: Thread started: carsPerf 1-72
2018-09-28 10:05:01,374 INFO o.a.j.t.JMeterThread: Thread started: carsPerf 1-71
2018-09-28 10:05:01,373 INFO o.a.j.t.JMeterThread: Thread started: carsPerf 1-70
2018-09-28 10:05:02,380 INFO o.a.j.t.JMeterThread: Thread started: carsPerf 1-75
2018-09-28 10:05:02,381 INFO o.a.j.t.JMeterThread: Thread started: carsPerf 1-76
2018-09-28 10:05:02,381 INFO o.a.j.t.JMeterThread: Thread started: carsPerf 1-77
2018-09-28 10:05:02,382 INFO o.a.j.t.JMeterThread: Thread started: carsPerf 1-78
2018-09-28 10:05:02,382 INFO o.a.j.t.JMeterThread: Thread started: carsPerf 1-79
2018-09-28 10:05:02,383 INFO o.a.j.t.JMeterThread: Thread started: carsPerf 1-80
2018-09-28 10:05:02,384 INFO o.a.j.t.JMeterThread: Thread started: carsPerf 1-81
2018-09-28 10:05:03,411 INFO o.a.j.t.JMeterThread: Thread started: carsPerf 1-83
2018-09-28 10:05:03,388 INFO o.a.j.t.JMeterThread: Thread started: carsPerf 1-82
2018-09-28 10:05:03,411 INFO o.a.j.t.JMeterThread: Thread started: carsPerf 1-84
2018-09-28 10:05:03,412 INFO o.a.j.t.JMeterThread: Thread started: carsPerf 1-85
2018-09-28 10:05:03,412 INFO o.a.j.t.JMeterThread: Thread started: carsPerf 1-86
2018-09-28 10:05:03,412 INFO o.a.j.t.JMeterThread: Thread started: carsPerf 1-87
2018-09-28 10:05:03,413 INFO o.a.j.t.JMeterThread: Thread started: carsPerf 1-88
2018-09-28 10:05:04,415 INFO o.a.j.t.JMeterThread: Thread started: carsPerf 1-89
2018-09-28 10:05:04,415 INFO o.a.j.t.JMeterThread: Thread started: carsPerf 1-90
2018-09-28 10:05:04,416 INFO o.a.j.t.JMeterThread: Thread started: carsPerf 1-91
2018-09-28 10:05:04,416 INFO o.a.j.t.JMeterThread: Thread started: carsPerf 1-92
2018-09-28 10:05:04,416 INFO o.a.j.t.JMeterThread: Thread started: carsPerf 1-93
2018-09-28 10:05:04,417 INFO o.a.j.t.JMeterThread: Thread started: carsPerf 1-94
2018-09-28 10:05:04,417 INFO o.a.j.t.JMeterThread: Thread started: carsPerf 1-95
2018-09-28 10:05:05,421 INFO o.a.j.t.JMeterThread: Thread started: carsPerf 1-96
2018-09-28 10:05:05,422 INFO o.a.j.t.JMeterThread: Thread started: carsPerf 1-97
2018-09-28 10:05:05,422 INFO o.a.j.t.JMeterThread: Thread started: carsPerf 1-98
2018-09-28 10:05:05,422 INFO o.a.j.t.JMeterThread: Thread started: carsPerf 1-99
2018-09-28 10:05:05,423 INFO o.a.j.t.JMeterThread: Thread started: carsPerf 1-100
2018-09-28 10:05:05,423 INFO o.a.j.t.JMeterThread: Thread started: carsPerf 1-101
2018-09-28 10:05:06,425 INFO o.a.j.t.JMeterThread: Thread started: carsPerf 1-102
2018-09-28 10:05:06,425 INFO o.a.j.t.JMeterThread: Thread started: carsPerf 1-103
2018-09-28 10:05:06,425 INFO o.a.j.t.JMeterThread: Thread started: carsPerf 1-104
2018-09-28 10:05:06,425 INFO o.a.j.t.JMeterThread: Thread started: carsPerf 1-105
2018-09-28 10:05:06,426 INFO o.a.j.t.JMeterThread: Thread started: carsPerf 1-106
2018-09-28 10:05:06,427 INFO o.a.j.t.JMeterThread: Thread started: carsPerf 1-107
2018-09-28 10:05:06,427 INFO o.a.j.t.JMeterThread: Thread started: carsPerf 1-108
2018-09-28 10:05:07,429 INFO o.a.j.t.JMeterThread: Thread started: carsPerf 1-110
2018-09-28 10:05:07,429 INFO o.a.j.t.JMeterThread: Thread started: carsPerf 1-109
2018-09-28 10:05:07,429 INFO o.a.j.t.JMeterThread: Thread started: carsPerf 1-111
2018-09-28 10:05:07,430 INFO o.a.j.t.JMeterThread: Thread started: carsPerf 1-112
2018-09-28 10:05:07,430 INFO o.a.j.t.JMeterThread: Thread started: carsPerf 1-113
2018-09-28 10:05:07,430 INFO o.a.j.t.JMeterThread: Thread started: carsPerf 1-114
2018-09-28 10:05:07,431 INFO o.a.j.t.JMeterThread: Thread started: carsPerf 1-115
2018-09-28 10:05:08,436 INFO o.a.j.t.JMeterThread: Thread started: carsPerf 1-116
2018-09-28 10:05:08,436 INFO o.a.j.t.JMeterThread: Thread started: carsPerf 1-117
2018-09-28 10:05:08,439 INFO o.a.j.t.JMeterThread: Thread started: carsPerf 1-118
2018-09-28 10:05:08,441 INFO o.a.j.t.JMeterThread: Thread started: carsPerf 1-119
2018-09-28 10:05:08,442 INFO o.a.j.t.JMeterThread: Thread started: carsPerf 1-120
2018-09-28 10:05:08,443 INFO o.a.j.t.JMeterThread: Thread started: carsPerf 1-121
2018-09-28 10:05:08,443 INFO o.a.j.t.JMeterThread: Thread started: carsPerf 1-122
2018-09-28 10:05:09,447 INFO o.a.j.t.JMeterThread: Thread started: carsPerf 1-123
2018-09-28 10:05:09,448 INFO o.a.j.t.JMeterThread: Thread started: carsPerf 1-124
2018-09-28 10:05:09,449 INFO o.a.j.t.JMeterThread: Thread started: carsPerf 1-125
2018-09-28 10:05:09,449 INFO o.a.j.t.JMeterThread: Thread started: carsPerf 1-126
2018-09-28 10:05:09,451 INFO o.a.j.t.JMeterThread: Thread started: carsPerf 1-127
2018-09-28 10:05:09,451 INFO o.a.j.t.JMeterThread: Thread started: carsPerf 1-128
2018-09-28 10:05:10,455 INFO o.a.j.t.JMeterThread: Thread started: carsPerf 1-129
2018-09-28 10:05:10,455 INFO o.a.j.t.JMeterThread: Thread started: carsPerf 1-130
2018-09-28 10:05:10,456 INFO o.a.j.t.JMeterThread: Thread started: carsPerf 1-131
2018-09-28 10:05:10,456 INFO o.a.j.t.JMeterThread: Thread started: carsPerf 1-132
2018-09-28 10:05:10,456 INFO o.a.j.t.JMeterThread: Thread started: carsPerf 1-133
2018-09-28 10:05:10,457 INFO o.a.j.t.JMeterThread: Thread started: carsPerf 1-134
2018-09-28 10:05:10,457 INFO o.a.j.t.JMeterThread: Thread started: carsPerf 1-135
2018-09-28 10:05:11,462 INFO o.a.j.t.JMeterThread: Thread started: carsPerf 1-136
2018-09-28 10:05:11,462 INFO o.a.j.t.JMeterThread: Thread started: carsPerf 1-137
2018-09-28 10:05:11,462 INFO o.a.j.t.JMeterThread: Thread started: carsPerf 1-138
2018-09-28 10:05:11,463 INFO o.a.j.t.JMeterThread: Thread started: carsPerf 1-139
2018-09-28 10:05:11,463 INFO o.a.j.t.JMeterThread: Thread started: carsPerf 1-140
2018-09-28 10:05:11,464 INFO o.a.j.t.JMeterThread: Thread started: carsPerf 1-141
2018-09-28 10:05:11,464 INFO o.a.j.t.JMeterThread: Thread started: carsPerf 1-142
2018-09-28 10:05:12,469 INFO o.a.j.t.JMeterThread: Thread started: carsPerf 1-143
2018-09-28 10:05:12,469 INFO o.a.j.t.JMeterThread: Thread started: carsPerf 1-144
2018-09-28 10:05:12,469 INFO o.a.j.t.JMeterThread: Thread started: carsPerf 1-145
2018-09-28 10:05:12,469 INFO o.a.j.t.JMeterThread: Thread started: carsPerf 1-146
2018-09-28 10:05:12,470 INFO o.a.j.t.JMeterThread: Thread started: carsPerf 1-147
2018-09-28 10:05:12,470 INFO o.a.j.t.JMeterThread: Thread started: carsPerf 1-148
2018-09-28 10:05:13,474 INFO o.a.j.t.JMeterThread: Thread started: carsPerf 1-149
2018-09-28 10:05:13,474 INFO o.a.j.t.JMeterThread: Thread started: carsPerf 1-150
2018-09-28 10:05:13,475 INFO o.a.j.t.JMeterThread: Thread started: carsPerf 1-151
2018-09-28 10:05:13,475 INFO o.a.j.t.JMeterThread: Thread started: carsPerf 1-152
2018-09-28 10:05:13,476 INFO o.a.j.t.JMeterThread: Thread started: carsPerf 1-153
2018-09-28 10:05:13,476 INFO o.a.j.t.JMeterThread: Thread started: carsPerf 1-154
2018-09-28 10:05:13,476 INFO o.a.j.t.JMeterThread: Thread started: carsPerf 1-155
2018-09-28 10:05:14,482 INFO o.a.j.t.JMeterThread: Thread started: carsPerf 1-156
2018-09-28 10:05:14,482 INFO o.a.j.t.JMeterThread: Thread started: carsPerf 1-157
2018-09-28 10:05:14,482 INFO o.a.j.t.JMeterThread: Thread started: carsPerf 1-158
2018-09-28 10:05:14,482 INFO o.a.j.t.JMeterThread: Thread started: carsPerf 1-159
2018-09-28 10:05:14,483 INFO o.a.j.t.JMeterThread: Thread started: carsPerf 1-160
2018-09-28 10:05:14,483 INFO o.a.j.t.JMeterThread: Thread started: carsPerf 1-161
2018-09-28 10:05:14,483 INFO o.a.j.t.JMeterThread: Thread started: carsPerf 1-162
2018-09-28 10:05:15,489 INFO o.a.j.t.JMeterThread: Thread started: carsPerf 1-164
2018-09-28 10:05:15,489 INFO o.a.j.t.JMeterThread: Thread started: carsPerf 1-165
2018-09-28 10:05:15,488 INFO o.a.j.t.JMeterThread: Thread started: carsPerf 1-163
2018-09-28 10:05:15,489 INFO o.a.j.t.JMeterThread: Thread started: carsPerf 1-166
2018-09-28 10:05:15,489 INFO o.a.j.t.JMeterThread: Thread started: carsPerf 1-167
2018-09-28 10:05:15,490 INFO o.a.j.t.JMeterThread: Thread started: carsPerf 1-168
2018-09-28 10:05:15,491 INFO o.a.j.t.JMeterThread: Thread started: carsPerf 1-169
2018-09-28 10:05:16,496 INFO o.a.j.t.JMeterThread: Thread started: carsPerf 1-170
2018-09-28 10:05:16,496 INFO o.a.j.t.JMeterThread: Thread started: carsPerf 1-171
2018-09-28 10:05:16,496 INFO o.a.j.t.JMeterThread: Thread started: carsPerf 1-172
2018-09-28 10:05:16,496 INFO o.a.j.t.JMeterThread: Thread started: carsPerf 1-173
2018-09-28 10:05:16,496 INFO o.a.j.t.JMeterThread: Thread started: carsPerf 1-174
2018-09-28 10:05:16,497 INFO o.a.j.t.JMeterThread: Thread started: carsPerf 1-175
2018-09-28 10:05:17,502 INFO o.a.j.t.JMeterThread: Thread started: carsPerf 1-176
2018-09-28 10:05:17,502 INFO o.a.j.t.JMeterThread: Thread started: carsPerf 1-177
2018-09-28 10:05:17,502 INFO o.a.j.t.JMeterThread: Thread started: carsPerf 1-178
2018-09-28 10:05:17,502 INFO o.a.j.t.JMeterThread: Thread started: carsPerf 1-179
2018-09-28 10:05:17,503 INFO o.a.j.t.JMeterThread: Thread started: carsPerf 1-180
2018-09-28 10:05:17,503 INFO o.a.j.t.JMeterThread: Thread started: carsPerf 1-181
2018-09-28 10:05:17,503 INFO o.a.j.t.JMeterThread: Thread started: carsPerf 1-182
2018-09-28 10:05:18,507 INFO o.a.j.t.JMeterThread: Thread started: carsPerf 1-183
2018-09-28 10:05:18,507 INFO o.a.j.t.JMeterThread: Thread started: carsPerf 1-184
2018-09-28 10:05:18,508 INFO o.a.j.t.JMeterThread: Thread started: carsPerf 1-185
2018-09-28 10:05:18,508 INFO o.a.j.t.JMeterThread: Thread started: carsPerf 1-186
2018-09-28 10:05:18,509 INFO o.a.j.t.JMeterThread: Thread started: carsPerf 1-187
2018-09-28 10:05:18,509 INFO o.a.j.t.JMeterThread: Thread started: carsPerf 1-188
2018-09-28 10:05:18,509 INFO o.a.j.t.JMeterThread: Thread started: carsPerf 1-189
2018-09-28 10:05:19,513 INFO o.a.j.t.JMeterThread: Thread started: carsPerf 1-190
2018-09-28 10:05:19,514 INFO o.a.j.t.JMeterThread: Thread started: carsPerf 1-191
2018-09-28 10:05:19,514 INFO o.a.j.t.JMeterThread: Thread started: carsPerf 1-192
2018-09-28 10:05:19,514 INFO o.a.j.t.JMeterThread: Thread started: carsPerf 1-193
2018-09-28 10:05:19,515 INFO o.a.j.t.JMeterThread: Thread started: carsPerf 1-194
2018-09-28 10:05:19,515 INFO o.a.j.t.JMeterThread: Thread started: carsPerf 1-195
2018-09-28 10:05:20,516 INFO o.a.j.t.JMeterThread: Thread started: carsPerf 1-196
2018-09-28 10:05:20,517 INFO o.a.j.t.JMeterThread: Thread started: carsPerf 1-197
2018-09-28 10:05:20,517 INFO o.a.j.t.JMeterThread: Thread started: carsPerf 1-198
2018-09-28 10:05:20,518 INFO o.a.j.t.JMeterThread: Thread started: carsPerf 1-199
2018-09-28 10:05:20,518 INFO o.a.j.t.JMeterThread: Thread started: carsPerf 1-200
2018-09-28 10:06:07,449 INFO o.a.j.JMeter: Command: Shutdown received from /127.0.0.1
2018-09-28 10:06:07,465 INFO c.b.j.t.c.ConcurrencyThreadStarter: Done supplying threads
2018-09-28 10:06:07,465 WARN o.a.j.t.JMeterThread: Interrupting: carsPerf 1-57 sampler: http://gaspa03mac.local:7901/inventory/carMake/index.json
2018-09-28 10:06:07,466 INFO o.a.j.t.JMeterThread: Thread is done: carsPerf 1-81
2018-09-28 10:06:07,466 INFO o.a.j.t.JMeterThread: Thread is done: carsPerf 1-148
2018-09-28 10:06:07,466 INFO o.a.j.t.JMeterThread: Thread finished: carsPerf 1-81
2018-09-28 10:06:07,466 INFO o.a.j.t.JMeterThread: Thread is done: carsPerf 1-197
2018-09-28 10:06:07,466 INFO o.a.j.t.JMeterThread: Thread finished: carsPerf 1-148
2018-09-28 10:06:07,466 INFO o.a.j.t.JMeterThread: Thread finished: carsPerf 1-197
2018-09-28 10:06:07,466 INFO o.a.j.t.JMeterThread: Thread is done: carsPerf 1-121
2018-09-28 10:06:07,469 INFO o.a.j.t.JMeterThread: Thread finished: carsPerf 1-121
2018-09-28 10:06:07,469 INFO o.a.j.t.JMeterThread: Thread is done: carsPerf 1-25
2018-09-28 10:06:07,469 INFO o.a.j.t.JMeterThread: Thread finished: carsPerf 1-25
2018-09-28 10:06:07,469 INFO o.a.j.t.JMeterThread: Thread is done: carsPerf 1-47
2018-09-28 10:06:07,469 INFO o.a.j.t.JMeterThread: Thread is done: carsPerf 1-5
2018-09-28 10:06:07,470 INFO o.a.j.t.JMeterThread: Thread finished: carsPerf 1-5
2018-09-28 10:06:07,470 INFO o.a.j.t.JMeterThread: Thread finished: carsPerf 1-47
2018-09-28 10:06:07,471 INFO o.a.j.t.JMeterThread: Thread is done: carsPerf 1-178
2018-09-28 10:06:07,472 INFO o.a.j.t.JMeterThread: Thread is done: carsPerf 1-68
2018-09-28 10:06:07,473 INFO o.a.j.t.JMeterThread: Thread finished: carsPerf 1-178
2018-09-28 10:06:07,473 INFO o.a.j.t.JMeterThread: Thread finished: carsPerf 1-68
2018-09-28 10:06:07,473 INFO o.a.j.t.JMeterThread: Thread is done: carsPerf 1-75
2018-09-28 10:06:07,473 INFO o.a.j.t.JMeterThread: Thread is done: carsPerf 1-45
2018-09-28 10:06:07,473 INFO o.a.j.t.JMeterThread: Thread finished: carsPerf 1-75
2018-09-28 10:06:07,473 INFO o.a.j.t.JMeterThread: Thread finished: carsPerf 1-45
2018-09-28 10:06:07,474 INFO o.a.j.t.JMeterThread: Thread is done: carsPerf 1-141
2018-09-28 10:06:07,473 INFO o.a.j.t.JMeterThread: Thread is done: carsPerf 1-43
2018-09-28 10:06:07,475 INFO o.a.j.t.JMeterThread: Thread finished: carsPerf 1-43
2018-09-28 10:06:07,476 INFO o.a.j.t.JMeterThread: Thread is done: carsPerf 1-77
2018-09-28 10:06:07,473 INFO o.a.j.t.JMeterThread: Thread is done: carsPerf 1-153
2018-09-28 10:06:07,476 INFO o.a.j.t.JMeterThread: Thread is done: carsPerf 1-164
2018-09-28 10:06:07,477 INFO o.a.j.t.JMeterThread: Thread is done: carsPerf 1-80
2018-09-28 10:06:07,476 INFO o.a.j.t.JMeterThread: Thread finished: carsPerf 1-77
2018-09-28 10:06:07,478 INFO o.a.j.t.JMeterThread: Thread finished: carsPerf 1-80
2018-09-28 10:06:07,478 INFO o.a.j.t.JMeterThread: Thread is done: carsPerf 1-162
2018-09-28 10:06:07,475 INFO o.a.j.t.JMeterThread: Thread is done: carsPerf 1-42
2018-09-28 10:06:07,475 WARN o.a.j.t.JMeterThread: Interrupting: carsPerf 1-119 sampler: http://gaspa03mac.local:7901/inventory/carInventory/2T1KR32E37C639014
2018-09-28 10:06:07,480 INFO o.a.j.t.JMeterThread: Thread is done: carsPerf 1-132
2018-09-28 10:06:07,480 INFO o.a.j.t.JMeterThread: Thread finished: carsPerf 1-42
2018-09-28 10:06:07,480 INFO o.a.j.t.JMeterThread: Thread finished: carsPerf 1-132
2018-09-28 10:06:07,480 INFO o.a.j.t.JMeterThread: Thread is done: carsPerf 1-84
2018-09-28 10:06:07,480 INFO o.a.j.t.JMeterThread: Thread finished: carsPerf 1-84
2018-09-28 10:06:07,480 INFO o.a.j.t.JMeterThread: Thread is done: carsPerf 1-60
2018-09-28 10:06:07,480 INFO o.a.j.t.JMeterThread: Thread finished: carsPerf 1-60
2018-09-28 10:06:07,474 INFO o.a.j.t.JMeterThread: Thread finished: carsPerf 1-141
2018-09-28 10:06:07,480 INFO o.a.j.t.JMeterThread: Thread is done: carsPerf 1-27
2018-09-28 10:06:07,480 INFO o.a.j.t.JMeterThread: Thread is done: carsPerf 1-97
2018-09-28 10:06:07,485 INFO o.a.j.t.JMeterThread: Thread is done: carsPerf 1-58
2018-09-28 10:06:07,485 INFO o.a.j.t.JMeterThread: Thread finished: carsPerf 1-27
2018-09-28 10:06:07,485 INFO o.a.j.t.JMeterThread: Thread finished: carsPerf 1-58
2018-09-28 10:06:07,480 INFO o.a.j.t.JMeterThread: Thread is done: carsPerf 1-116
2018-09-28 10:06:07,485 INFO o.a.j.t.JMeterThread: Thread finished: carsPerf 1-116
2018-09-28 10:06:07,478 INFO o.a.j.t.JMeterThread: Thread finished: carsPerf 1-162
2018-09-28 10:06:07,485 INFO o.a.j.t.JMeterThread: Thread is done: carsPerf 1-100
2018-09-28 10:06:07,486 INFO o.a.j.t.JMeterThread: Thread finished: carsPerf 1-100
2018-09-28 10:06:07,486 INFO o.a.j.t.JMeterThread: Thread is done: carsPerf 1-14
2018-09-28 10:06:07,486 INFO o.a.j.t.JMeterThread: Thread finished: carsPerf 1-14
2018-09-28 10:06:07,476 INFO o.a.j.t.JMeterThread: Thread is done: carsPerf 1-193
2018-09-28 10:06:07,486 INFO o.a.j.t.JMeterThread: Thread is done: carsPerf 1-17
2018-09-28 10:06:07,486 INFO o.a.j.t.JMeterThread: Thread is done: carsPerf 1-9
2018-09-28 10:06:07,486 INFO o.a.j.t.JMeterThread: Thread finished: carsPerf 1-193
2018-09-28 10:06:07,477 INFO o.a.j.t.JMeterThread: Thread is done: carsPerf 1-137
2018-09-28 10:06:07,486 INFO o.a.j.t.JMeterThread: Thread is done: carsPerf 1-174
2018-09-28 10:06:07,486 INFO o.a.j.t.JMeterThread: Thread finished: carsPerf 1-9
2018-09-28 10:06:07,486 INFO o.a.j.t.JMeterThread: Thread finished: carsPerf 1-174
2018-09-28 10:06:07,477 INFO o.a.j.t.JMeterThread: Thread finished: carsPerf 1-164
2018-09-28 10:06:07,486 INFO o.a.j.t.JMeterThread: Thread is done: carsPerf 1-2
2018-09-28 10:06:07,486 INFO o.a.j.t.JMeterThread: Thread is done: carsPerf 1-108
2018-09-28 10:06:07,487 INFO o.a.j.t.JMeterThread: Thread finished: carsPerf 1-2
2018-09-28 10:06:07,487 INFO o.a.j.t.JMeterThread: Thread finished: carsPerf 1-108
2018-09-28 10:06:07,487 INFO o.a.j.t.JMeterThread: Thread is done: carsPerf 1-50
2018-09-28 10:06:07,477 INFO o.a.j.t.JMeterThread: Thread finished: carsPerf 1-153
2018-09-28 10:06:07,487 INFO o.a.j.t.JMeterThread: Thread finished: carsPerf 1-50
2018-09-28 10:06:07,487 INFO o.a.j.t.JMeterThread: Thread is done: carsPerf 1-49
2018-09-28 10:06:07,487 INFO o.a.j.t.JMeterThread: Thread finished: carsPerf 1-49
2018-09-28 10:06:07,487 INFO o.a.j.t.JMeterThread: Thread is done: carsPerf 1-63
2018-09-28 10:06:07,477 INFO o.a.j.t.JMeterThread: Thread is done: carsPerf 1-34
2018-09-28 10:06:07,487 INFO o.a.j.t.JMeterThread: Thread is done: carsPerf 1-172
2018-09-28 10:06:07,487 INFO o.a.j.t.JMeterThread: Thread finished: carsPerf 1-63
2018-09-28 10:06:07,487 INFO o.a.j.t.JMeterThread: Thread finished: carsPerf 1-172
2018-09-28 10:06:07,487 INFO o.a.j.t.JMeterThread: Thread is done: carsPerf 1-74
2018-09-28 10:06:07,487 INFO o.a.j.t.JMeterThread: Thread finished: carsPerf 1-74
2018-09-28 10:06:07,487 INFO o.a.j.t.JMeterThread: Thread is done: carsPerf 1-155
2018-09-28 10:06:07,487 INFO o.a.j.t.JMeterThread: Thread is done: carsPerf 1-169
2018-09-28 10:06:07,487 INFO o.a.j.t.JMeterThread: Thread finished: carsPerf 1-155
2018-09-28 10:06:07,487 INFO o.a.j.t.JMeterThread: Thread finished: carsPerf 1-169
2018-09-28 10:06:07,488 INFO o.a.j.t.JMeterThread: Thread is done: carsPerf 1-46
2018-09-28 10:06:07,487 INFO o.a.j.t.JMeterThread: Thread is done: carsPerf 1-38
2018-09-28 10:06:07,488 INFO o.a.j.t.JMeterThread: Thread finished: carsPerf 1-46
2018-09-28 10:06:07,488 INFO o.a.j.t.JMeterThread: Thread finished: carsPerf 1-38
2018-09-28 10:06:07,488 INFO o.a.j.t.JMeterThread: Thread is done: carsPerf 1-184
2018-09-28 10:06:07,488 INFO o.a.j.t.JMeterThread: Thread finished: carsPerf 1-184
2018-09-28 10:06:07,488 INFO o.a.j.t.JMeterThread: Thread is done: carsPerf 1-147
2018-09-28 10:06:07,488 INFO o.a.j.t.JMeterThread: Thread is done: carsPerf 1-90
2018-09-28 10:06:07,488 INFO o.a.j.t.JMeterThread: Thread finished: carsPerf 1-147
2018-09-28 10:06:07,488 INFO o.a.j.t.JMeterThread: Thread finished: carsPerf 1-90
2018-09-28 10:06:07,488 INFO o.a.j.t.JMeterThread: Thread finished: carsPerf 1-137
2018-09-28 10:06:07,488 INFO o.a.j.t.JMeterThread: Thread is done: carsPerf 1-190
2018-09-28 10:06:07,486 INFO o.a.j.t.JMeterThread: Thread finished: carsPerf 1-17
2018-09-28 10:06:07,488 INFO o.a.j.t.JMeterThread: Thread finished: carsPerf 1-190
2018-09-28 10:06:07,488 INFO o.a.j.t.JMeterThread: Thread is done: carsPerf 1-39
2018-09-28 10:06:07,486 INFO o.a.j.t.JMeterThread: Thread is done: carsPerf 1-101
2018-09-28 10:06:07,488 INFO o.a.j.t.JMeterThread: Thread is done: carsPerf 1-170
2018-09-28 10:06:07,488 INFO o.a.j.t.JMeterThread: Thread finished: carsPerf 1-101
2018-09-28 10:06:07,488 INFO o.a.j.t.JMeterThread: Thread finished: carsPerf 1-170
2018-09-28 10:06:07,488 INFO o.a.j.t.JMeterThread: Thread is done: carsPerf 1-103
2018-09-28 10:06:07,488 INFO o.a.j.t.JMeterThread: Thread is done: carsPerf 1-102
2018-09-28 10:06:07,488 INFO o.a.j.t.JMeterThread: Thread is done: carsPerf 1-115
2018-09-28 10:06:07,489 INFO o.a.j.t.JMeterThread: Thread finished: carsPerf 1-102
2018-09-28 10:06:07,489 INFO o.a.j.t.JMeterThread: Thread is done: carsPerf 1-18
2018-09-28 10:06:07,489 INFO o.a.j.t.JMeterThread: Thread finished: carsPerf 1-18
2018-09-28 10:06:07,483 WARN o.a.j.t.JMeterThread: Interrupting: carsPerf 1-67 sampler: http://gaspa03mac.local:7901/inventory/carInventory/2T1KR32E37C639014
2018-09-28 10:06:07,489 INFO o.a.j.t.JMeterThread: Thread is done: carsPerf 1-36
2018-09-28 10:06:07,489 INFO o.a.j.t.JMeterThread: Thread is done: carsPerf 1-61
2018-09-28 10:06:07,489 INFO o.a.j.t.JMeterThread: Thread is done: carsPerf 1-176
2018-09-28 10:06:07,489 INFO o.a.j.t.JMeterThread: Thread finished: carsPerf 1-61
2018-09-28 10:06:07,489 INFO o.a.j.t.JMeterThread: Thread finished: carsPerf 1-176
2018-09-28 10:06:07,500 INFO o.a.j.t.JMeterThread: Thread is done: carsPerf 1-113
2018-09-28 10:06:07,500 INFO o.a.j.t.JMeterThread: Thread is done: carsPerf 1-136
2018-09-28 10:06:07,489 INFO o.a.j.t.JMeterThread: Thread finished: carsPerf 1-115
2018-09-28 10:06:07,501 INFO o.a.j.t.JMeterThread: Thread is done: carsPerf 1-189
2018-09-28 10:06:07,501 INFO o.a.j.t.JMeterThread: Thread finished: carsPerf 1-189
2018-09-28 10:06:07,489 INFO o.a.j.t.JMeterThread: Thread finished: carsPerf 1-97
2018-09-28 10:06:07,501 INFO o.a.j.t.JMeterThread: Thread is done: carsPerf 1-71
2018-09-28 10:06:07,501 INFO o.a.j.t.JMeterThread: Thread finished: carsPerf 1-71
2018-09-28 10:06:07,488 INFO o.a.j.t.JMeterThread: Thread finished: carsPerf 1-103
2018-09-28 10:06:07,488 INFO o.a.j.t.JMeterThread: Thread finished: carsPerf 1-39
2018-09-28 10:06:07,501 INFO o.a.j.t.JMeterThread: Thread is done: carsPerf 1-195
2018-09-28 10:06:07,501 INFO o.a.j.t.JMeterThread: Thread finished: carsPerf 1-195
2018-09-28 10:06:07,487 INFO o.a.j.t.JMeterThread: Thread is done: carsPerf 1-134
2018-09-28 10:06:07,502 INFO o.a.j.t.JMeterThread: Thread finished: carsPerf 1-134
2018-09-28 10:06:07,502 INFO o.a.j.t.JMeterThread: Thread is done: carsPerf 1-157
2018-09-28 10:06:07,502 INFO o.a.j.t.JMeterThread: Thread is done: carsPerf 1-92
2018-09-28 10:06:07,487 INFO o.a.j.t.JMeterThread: Thread is done: carsPerf 1-89
2018-09-28 10:06:07,502 INFO o.a.j.t.JMeterThread: Thread finished: carsPerf 1-92
2018-09-28 10:06:07,502 INFO o.a.j.t.JMeterThread: Thread finished: carsPerf 1-89
2018-09-28 10:06:07,502 INFO o.a.j.t.JMeterThread: Thread finished: carsPerf 1-34
2018-09-28 10:06:07,502 INFO o.a.j.t.JMeterThread: Thread is done: carsPerf 1-85
2018-09-28 10:06:07,502 INFO o.a.j.t.JMeterThread: Thread finished: carsPerf 1-85
2018-09-28 10:06:07,502 INFO o.a.j.t.JMeterThread: Thread is done: carsPerf 1-182
2018-09-28 10:06:07,502 INFO o.a.j.t.JMeterThread: Thread finished: carsPerf 1-182
2018-09-28 10:06:07,502 INFO o.a.j.t.JMeterThread: Thread finished: carsPerf 1-157
2018-09-28 10:06:07,503 INFO o.a.j.t.JMeterThread: Thread is done: carsPerf 1-200
2018-09-28 10:06:07,501 INFO o.a.j.t.JMeterThread: Thread is done: carsPerf 1-104
2018-09-28 10:06:07,503 INFO o.a.j.t.JMeterThread: Thread is done: carsPerf 1-144
2018-09-28 10:06:07,503 INFO o.a.j.t.JMeterThread: Thread finished: carsPerf 1-104
2018-09-28 10:06:07,503 INFO o.a.j.t.JMeterThread: Thread finished: carsPerf 1-136
2018-09-28 10:06:07,503 INFO o.a.j.t.JMeterThread: Thread finished: carsPerf 1-113
2018-09-28 10:06:07,489 INFO o.a.j.t.JMeterThread: Thread finished: carsPerf 1-36
2018-09-28 10:06:07,503 INFO o.a.j.t.JMeterThread: Thread finished: carsPerf 1-144
2018-09-28 10:06:07,503 INFO o.a.j.t.JMeterThread: Thread finished: carsPerf 1-200
2018-09-28 10:06:07,503 INFO o.a.j.t.JMeterThread: Thread is done: carsPerf 1-29
2018-09-28 10:06:07,503 INFO o.a.j.t.JMeterThread: Thread is done: carsPerf 1-37
2018-09-28 10:06:07,503 INFO o.a.j.t.JMeterThread: Thread is done: carsPerf 1-51
2018-09-28 10:06:07,503 INFO o.a.j.t.JMeterThread: Thread finished: carsPerf 1-29
2018-09-28 10:06:07,503 INFO o.a.j.t.JMeterThread: Thread finished: carsPerf 1-51
2018-09-28 10:06:07,502 INFO o.a.j.t.JMeterThread: Thread is done: carsPerf 1-156
2018-09-28 10:06:07,503 INFO o.a.j.t.JMeterThread: Thread is done: carsPerf 1-106
2018-09-28 10:06:07,503 INFO o.a.j.t.JMeterThread: Thread finished: carsPerf 1-37
2018-09-28 10:06:07,504 INFO o.a.j.t.JMeterThread: Thread is done: carsPerf 1-21
2018-09-28 10:06:07,504 INFO o.a.j.t.JMeterThread: Thread is done: carsPerf 1-3
2018-09-28 10:06:07,503 INFO o.a.j.t.JMeterThread: Thread is done: carsPerf 1-175
2018-09-28 10:06:07,504 INFO o.a.j.t.JMeterThread: Thread is done: carsPerf 1-199
2018-09-28 10:06:07,504 INFO o.a.j.t.JMeterThread: Thread finished: carsPerf 1-175
2018-09-28 10:06:07,504 WARN o.a.j.t.JMeterThread: Interrupting: carsPerf 1-70 sampler: http://gaspa03mac.local:7901/inventory/carInventory/2T1KR32EERATDH
2018-09-28 10:06:07,504 INFO o.a.j.t.JMeterThread: Thread is done: carsPerf 1-173
2018-09-28 10:06:07,504 INFO o.a.j.t.JMeterThread: Thread finished: carsPerf 1-21
2018-09-28 10:06:07,504 INFO o.a.j.t.JMeterThread: Thread finished: carsPerf 1-106
2018-09-28 10:06:07,506 INFO o.a.j.t.JMeterThread: Thread is done: carsPerf 1-88
2018-09-28 10:06:07,506 INFO o.a.j.t.JMeterThread: Thread finished: carsPerf 1-88
2018-09-28 10:06:07,504 INFO o.a.j.t.JMeterThread: Thread finished: carsPerf 1-156
2018-09-28 10:06:07,505 INFO o.a.j.t.JMeterThread: Thread is done: carsPerf 1-62
2018-09-28 10:06:07,506 INFO o.a.j.t.JMeterThread: Thread finished: carsPerf 1-62
2018-09-28 10:06:07,506 INFO o.a.j.t.JMeterThread: Thread is done: carsPerf 1-56
2018-09-28 10:06:07,506 INFO o.a.j.t.JMeterThread: Thread finished: carsPerf 1-56
2018-09-28 10:06:07,506 INFO o.a.j.t.JMeterThread: Thread is done: carsPerf 1-145
2018-09-28 10:06:07,507 INFO o.a.j.t.JMeterThread: Thread finished: carsPerf 1-145
2018-09-28 10:06:07,507 INFO o.a.j.t.JMeterThread: Thread is done: carsPerf 1-154
2018-09-28 10:06:07,507 INFO o.a.j.t.JMeterThread: Thread finished: carsPerf 1-173
2018-09-28 10:06:07,507 INFO o.a.j.t.JMeterThread: Thread is done: carsPerf 1-166
2018-09-28 10:06:07,507 INFO o.a.j.t.JMeterThread: Thread finished: carsPerf 1-154
2018-09-28 10:06:07,507 INFO o.a.j.t.JMeterThread: Thread finished: carsPerf 1-166
2018-09-28 10:06:07,504 INFO o.a.j.t.JMeterThread: Thread is done: carsPerf 1-20
2018-09-28 10:06:07,507 INFO o.a.j.t.JMeterThread: Thread finished: carsPerf 1-20
2018-09-28 10:06:07,507 INFO o.a.j.t.JMeterThread: Thread is done: carsPerf 1-15
2018-09-28 10:06:07,507 INFO o.a.j.t.JMeterThread: Thread finished: carsPerf 1-15
2018-09-28 10:06:07,504 INFO o.a.j.t.JMeterThread: Thread finished: carsPerf 1-199
2018-09-28 10:06:07,504 INFO o.a.j.t.JMeterThread: Thread finished: carsPerf 1-3
2018-09-28 10:06:07,509 WARN o.a.j.t.JMeterThread: Interrupting: carsPerf 1-32 sampler: http://gaspa03mac.local:7901/inventory/carInventory/2T1KR32E37C639014
2018-09-28 10:06:07,510 WARN o.a.j.t.JMeterThread: Interrupting: carsPerf 1-105 sampler: http://gaspa03mac.local:7901/inventory/carMake/1/models.json
2018-09-28 10:06:07,511 WARN o.a.j.t.JMeterThread: Interrupting: carsPerf 1-69 sampler: http://gaspa03mac.local:7901/inventory/carMake/3/models.json
2018-09-28 10:06:07,512 WARN o.a.j.t.JMeterThread: Interrupting: carsPerf 1-140 sampler: http://gaspa03mac.local:7901/inventory/carMake/1/models.json
2018-09-28 10:06:07,513 WARN o.a.j.t.JMeterThread: Interrupting: carsPerf 1-117 sampler: http://gaspa03mac.local:7901/inventory/carInventory/2T1KR32E37C639014
2018-09-28 10:06:07,514 WARN o.a.j.t.JMeterThread: Interrupting: carsPerf 1-96 sampler: http://gaspa03mac.local:7901/inventory/carInventory/2T1KR32E37C639014
2018-09-28 10:06:07,515 WARN o.a.j.t.JMeterThread: Interrupting: carsPerf 1-114 sampler: http://gaspa03mac.local:7901/inventory/carMake/2/models.json
2018-09-28 10:06:07,516 WARN o.a.j.t.JMeterThread: Interrupting: carsPerf 1-192 sampler: http://gaspa03mac.local:7901/inventory/carInventory/2T1KR32E37C639014
2018-09-28 10:06:07,517 WARN o.a.j.t.JMeterThread: Interrupting: carsPerf 1-124 sampler: http://gaspa03mac.local:7901/inventory/carInventory/2T1KR32E37C639014
2018-09-28 10:06:07,518 WARN o.a.j.t.JMeterThread: Interrupting: carsPerf 1-23 sampler: http://gaspa03mac.local:7901/inventory/carMake/2/models.json
2018-09-28 10:06:07,518 WARN o.a.j.t.JMeterThread: Interrupting: carsPerf 1-181 sampler: http://gaspa03mac.local:7901/inventory/carMake/3/models.json
2018-09-28 10:06:07,519 WARN o.a.j.t.JMeterThread: Interrupting: carsPerf 1-53 sampler: http://gaspa03mac.local:7901/inventory/carInventory/2T1KR32E37C639014
2018-09-28 10:06:07,520 WARN o.a.j.t.JMeterThread: Interrupting: carsPerf 1-76 sampler: http://gaspa03mac.local:7901/inventory/carInventory/2T1KR32EERATDH
2018-09-28 10:06:07,521 WARN o.a.j.t.JMeterThread: Interrupting: carsPerf 1-111 sampler: http://gaspa03mac.local:7901/inventory/carMake/index.json
2018-09-28 10:06:07,522 WARN o.a.j.t.JMeterThread: Interrupting: carsPerf 1-33 sampler: http://gaspa03mac.local:7901/inventory/carMake/2/models.json
2018-09-28 10:06:07,523 WARN o.a.j.t.JMeterThread: Interrupting: carsPerf 1-13 sampler: http://gaspa03mac.local:7901/inventory/carMake/3/models.json
2018-09-28 10:06:07,524 WARN o.a.j.t.JMeterThread: Interrupting: carsPerf 1-64 sampler: http://gaspa03mac.local:7901/inventory/carMake/1/models.json
2018-09-28 10:06:07,526 WARN o.a.j.t.JMeterThread: Interrupting: carsPerf 1-19 sampler: http://gaspa03mac.local:7901/inventory/carInventory/2T1KR32EERATDH
2018-09-28 10:06:07,528 WARN o.a.j.t.JMeterThread: Interrupting: carsPerf 1-6 sampler: http://gaspa03mac.local:7901/inventory/carMake/3/models.json
2018-09-28 10:06:07,528 WARN o.a.j.t.JMeterThread: Interrupting: carsPerf 1-149 sampler: http://gaspa03mac.local:7901/inventory/carMake/index.json
2018-09-28 10:06:07,529 WARN o.a.j.t.JMeterThread: Interrupting: carsPerf 1-123 sampler: http://gaspa03mac.local:7901/inventory/carMake/2/models.json
2018-09-28 10:06:07,530 WARN o.a.j.t.JMeterThread: Interrupting: carsPerf 1-118 sampler: http://gaspa03mac.local:7901/inventory/carMake/1/models.json
2018-09-28 10:06:07,530 WARN o.a.j.t.JMeterThread: Interrupting: carsPerf 1-52 sampler: http://gaspa03mac.local:7901/inventory/carInventory/2T1KR32EERATDH
2018-09-28 10:06:07,531 WARN o.a.j.t.JMeterThread: Interrupting: carsPerf 1-151 sampler: http://gaspa03mac.local:7901/inventory/carInventory/2T1KR32EERATDH
2018-09-28 10:06:07,531 WARN o.a.j.t.JMeterThread: Interrupting: carsPerf 1-183 sampler: http://gaspa03mac.local:7901/inventory/carInventory/2T1KR32E37C639014
2018-09-28 10:06:07,532 WARN o.a.j.t.JMeterThread: Interrupting: carsPerf 1-35 sampler: http://gaspa03mac.local:7901/inventory/carMake/index.json
2018-09-28 10:06:07,532 WARN o.a.j.t.JMeterThread: Interrupting: carsPerf 1-79 sampler: http://gaspa03mac.local:7901/inventory/carInventory/2T1KR32E37C639014
2018-09-28 10:06:07,534 WARN o.a.j.t.JMeterThread: Interrupting: carsPerf 1-98 sampler: http://gaspa03mac.local:7901/inventory/carMake/1/models.json
2018-09-28 10:06:07,535 WARN o.a.j.t.JMeterThread: Interrupting: carsPerf 1-12 sampler: http://gaspa03mac.local:7901/inventory/carInventory/2T1KR32EERATDH
2018-09-28 10:06:07,537 WARN o.a.j.t.JMeterThread: Interrupting: carsPerf 1-16 sampler: http://gaspa03mac.local:7901/inventory/carMake/3/models.json
2018-09-28 10:06:07,538 WARN o.a.j.t.JMeterThread: Interrupting: carsPerf 1-107 sampler: http://gaspa03mac.local:7901/inventory/carMake/3/models.json
2018-09-28 10:06:07,539 WARN o.a.j.t.JMeterThread: Interrupting: carsPerf 1-59 sampler: http://gaspa03mac.local:7901/inventory/carInventory/2T1KR32EERATDH
2018-09-28 10:06:07,540 WARN o.a.j.t.JMeterThread: Interrupting: carsPerf 1-127 sampler: http://gaspa03mac.local:7901/inventory/carInventory/2T1KR32EERATDH
2018-09-28 10:06:07,541 WARN o.a.j.t.JMeterThread: Interrupting: carsPerf 1-82 sampler: http://gaspa03mac.local:7901/inventory/carMake/index.json
2018-09-28 10:06:07,541 WARN o.a.j.t.JMeterThread: Interrupting: carsPerf 1-160 sampler: http://gaspa03mac.local:7901/inventory/carMake/index.json
2018-09-28 10:06:07,542 WARN o.a.j.t.JMeterThread: Interrupting: carsPerf 1-135 sampler: http://gaspa03mac.local:7901/inventory/carMake/1/models.json
2018-09-28 10:06:07,544 WARN o.a.j.t.JMeterThread: Interrupting: carsPerf 1-93 sampler: http://gaspa03mac.local:7901/inventory/carMake/index.json
2018-09-28 10:06:07,545 WARN o.a.j.t.JMeterThread: Interrupting: carsPerf 1-24 sampler: http://gaspa03mac.local:7901/inventory/carMake/3/models.json
2018-09-28 10:06:07,545 WARN o.a.j.t.JMeterThread: Interrupting: carsPerf 1-65 sampler: http://gaspa03mac.local:7901/inventory/carInventory/2T1KR32EERATDH
2018-09-28 10:06:07,548 WARN o.a.j.t.JMeterThread: Interrupting: carsPerf 1-83 sampler: http://gaspa03mac.local:7901/inventory/carMake/3/models.json
2018-09-28 10:06:07,548 WARN o.a.j.t.JMeterThread: Interrupting: carsPerf 1-22 sampler: http://gaspa03mac.local:7901/inventory/carMake/index.json
2018-09-28 10:06:07,548 WARN o.a.j.t.JMeterThread: Interrupting: carsPerf 1-26 sampler: http://gaspa03mac.local:7901/inventory/carMake/1/models.json
2018-09-28 10:06:07,549 WARN o.a.j.t.JMeterThread: Interrupting: carsPerf 1-143 sampler: http://gaspa03mac.local:7901/inventory/carMake/3/models.json
2018-09-28 10:06:07,549 WARN o.a.j.t.JMeterThread: Interrupting: carsPerf 1-11 sampler: http://gaspa03mac.local:7901/inventory/carMake/3/models.json
2018-09-28 10:06:07,550 WARN o.a.j.t.JMeterThread: Interrupting: carsPerf 1-91 sampler: http://gaspa03mac.local:7901/inventory/carMake/2/models.json
2018-09-28 10:06:07,550 WARN o.a.j.t.JMeterThread: Interrupting: carsPerf 1-196 sampler: http://gaspa03mac.local:7901/inventory/carMake/index.json
2018-09-28 10:06:07,550 WARN o.a.j.t.JMeterThread: Interrupting: carsPerf 1-1 sampler: http://gaspa03mac.local:7901/inventory/carMake/1/models.json
2018-09-28 10:06:07,551 WARN o.a.j.t.JMeterThread: Interrupting: carsPerf 1-86 sampler: http://gaspa03mac.local:7901/inventory/carMake/1/models.json
2018-09-28 10:06:07,551 WARN o.a.j.t.JMeterThread: Interrupting: carsPerf 1-10 sampler: http://gaspa03mac.local:7901/inventory/carMake/2/models.json
2018-09-28 10:06:07,552 WARN o.a.j.t.JMeterThread: Interrupting: carsPerf 1-152 sampler: http://gaspa03mac.local:7901/inventory/carInventory/2T1KR32EERATDH
2018-09-28 10:06:07,553 WARN o.a.j.t.JMeterThread: Interrupting: carsPerf 1-179 sampler: http://gaspa03mac.local:7901/inventory/carInventory/2T1KR32EERATDH
2018-09-28 10:06:07,554 WARN o.a.j.t.JMeterThread: Interrupting: carsPerf 1-55 sampler: http://gaspa03mac.local:7901/inventory/carInventory/2T1KR32E37C639014
2018-09-28 10:06:07,554 WARN o.a.j.t.JMeterThread: Interrupting: carsPerf 1-41 sampler: http://gaspa03mac.local:7901/inventory/carMake/2/models.json
2018-09-28 10:06:07,555 WARN o.a.j.t.JMeterThread: Interrupting: carsPerf 1-159 sampler: http://gaspa03mac.local:7901/inventory/carMake/3/models.json
2018-09-28 10:06:07,555 WARN o.a.j.t.JMeterThread: Interrupting: carsPerf 1-177 sampler: http://gaspa03mac.local:7901/inventory/carMake/1/models.json
2018-09-28 10:06:07,555 WARN o.a.j.t.JMeterThread: Interrupting: carsPerf 1-66 sampler: http://gaspa03mac.local:7901/inventory/carInventory/2T1KR32EERATDH
2018-09-28 10:06:07,555 WARN o.a.j.t.JMeterThread: Interrupting: carsPerf 1-138 sampler: http://gaspa03mac.local:7901/inventory/carMake/3/models.json
2018-09-28 10:06:07,555 WARN o.a.j.t.JMeterThread: Interrupting: carsPerf 1-161 sampler: http://gaspa03mac.local:7901/inventory/carInventory/2T1KR32EERATDH
2018-09-28 10:06:07,555 WARN o.a.j.t.JMeterThread: Interrupting: carsPerf 1-191 sampler: http://gaspa03mac.local:7901/inventory/carMake/index.json
2018-09-28 10:06:07,556 WARN o.a.j.t.JMeterThread: Interrupting: carsPerf 1-130 sampler: http://gaspa03mac.local:7901/inventory/carInventory/2T1KR32EERATDH
2018-09-28 10:06:07,556 WARN o.a.j.t.JMeterThread: Interrupting: carsPerf 1-28 sampler: http://gaspa03mac.local:7901/inventory/carMake/2/models.json
2018-09-28 10:06:07,556 WARN o.a.j.t.JMeterThread: Interrupting: carsPerf 1-44 sampler: http://gaspa03mac.local:7901/inventory/carMake/index.json
2018-09-28 10:06:07,556 WARN o.a.j.t.JMeterThread: Interrupting: carsPerf 1-194 sampler: http://gaspa03mac.local:7901/inventory/carInventory/2T1KR32E37C639014
2018-09-28 10:06:07,556 WARN o.a.j.t.JMeterThread: Interrupting: carsPerf 1-110 sampler: http://gaspa03mac.local:7901/inventory/carInventory/2T1KR32E37C639014
2018-09-28 10:06:07,556 WARN o.a.j.t.JMeterThread: Interrupting: carsPerf 1-4 sampler: http://gaspa03mac.local:7901/inventory/carMake/1/models.json
2018-09-28 10:06:07,557 WARN o.a.j.t.JMeterThread: Interrupting: carsPerf 1-54 sampler: http://gaspa03mac.local:7901/inventory/carMake/3/models.json
2018-09-28 10:06:07,557 WARN o.a.j.t.JMeterThread: Interrupting: carsPerf 1-99 sampler: http://gaspa03mac.local:7901/inventory/carInventory/2T1KR32E37C639014
2018-09-28 10:06:07,557 WARN o.a.j.t.JMeterThread: Interrupting: carsPerf 1-167 sampler: http://gaspa03mac.local:7901/inventory/carMake/index.json
2018-09-28 10:06:07,557 WARN o.a.j.t.JMeterThread: Interrupting: carsPerf 1-150 sampler: http://gaspa03mac.local:7901/inventory/carMake/index.json
2018-09-28 10:06:07,557 WARN o.a.j.t.JMeterThread: Interrupting: carsPerf 1-122 sampler: http://gaspa03mac.local:7901/inventory/carInventory/2T1KR32EERATDH
2018-09-28 10:06:07,558 WARN o.a.j.t.JMeterThread: Interrupting: carsPerf 1-30 sampler: http://gaspa03mac.local:7901/inventory/carMake/3/models.json
2018-09-28 10:06:07,558 WARN o.a.j.t.JMeterThread: Interrupting: carsPerf 1-125 sampler: http://gaspa03mac.local:7901/inventory/carInventory/2T1KR32EERATDH
2018-09-28 10:06:07,559 WARN o.a.j.t.JMeterThread: Interrupting: carsPerf 1-180 sampler: http://gaspa03mac.local:7901/inventory/carMake/2/models.json
2018-09-28 10:06:07,559 WARN o.a.j.t.JMeterThread: Interrupting: carsPerf 1-187 sampler: http://gaspa03mac.local:7901/inventory/carMake/1/models.json
2018-09-28 10:06:07,560 WARN o.a.j.t.JMeterThread: Interrupting: carsPerf 1-126 sampler: http://gaspa03mac.local:7901/inventory/carInventory/2T1KR32EERATDH
2018-09-28 10:06:07,561 WARN o.a.j.t.JMeterThread: Interrupting: carsPerf 1-109 sampler: http://gaspa03mac.local:7901/inventory/carMake/index.json
2018-09-28 10:06:07,562 WARN o.a.j.t.JMeterThread: Interrupting: carsPerf 1-129 sampler: http://gaspa03mac.local:7901/inventory/carInventory/2T1KR32E37C639014
2018-09-28 10:06:07,562 WARN o.a.j.t.JMeterThread: Interrupting: carsPerf 1-7 sampler: http://gaspa03mac.local:7901/inventory/carMake/3/models.json
2018-09-28 10:06:07,563 WARN o.a.j.t.JMeterThread: Interrupting: carsPerf 1-72 sampler: http://gaspa03mac.local:7901/inventory/carInventory/2T1KR32EERATDH
2018-09-28 10:06:07,563 INFO o.a.j.t.JMeterThread: Thread is done: carsPerf 1-57
2018-09-28 10:06:07,563 INFO o.a.j.t.JMeterThread: Thread finished: carsPerf 1-57
2018-09-28 10:06:07,564 WARN o.a.j.t.JMeterThread: Interrupting: carsPerf 1-168 sampler: http://gaspa03mac.local:7901/inventory/carMake/index.json
2018-09-28 10:06:07,564 INFO o.a.j.e.StandardJMeterEngine: Notifying test listeners of end of test
2018-09-28 10:06:07,564 WARN o.a.j.t.JMeterThread: Interrupting: carsPerf 1-31 sampler: http://gaspa03mac.local:7901/inventory/carMake/2/models.json
2018-09-28 10:06:07,564 WARN o.a.j.t.JMeterThread: Interrupting: carsPerf 1-165 sampler: http://gaspa03mac.local:7901/inventory/carMake/index.json
2018-09-28 10:06:07,565 WARN o.a.j.t.JMeterThread: Interrupting: carsPerf 1-142 sampler: http://gaspa03mac.local:7901/inventory/carMake/3/models.json
2018-09-28 10:06:07,565 WARN o.a.j.t.JMeterThread: Interrupting: carsPerf 1-131 sampler: http://gaspa03mac.local:7901/inventory/carMake/2/models.json
2018-09-28 10:06:07,565 INFO o.a.j.t.JMeterThread: Thread is done: carsPerf 1-129
2018-09-28 10:06:07,565 INFO o.a.j.t.JMeterThread: Thread is done: carsPerf 1-165
2018-09-28 10:06:07,565 INFO o.a.j.t.JMeterThread: Thread is done: carsPerf 1-142
2018-09-28 10:06:07,566 INFO o.a.j.t.JMeterThread: Thread finished: carsPerf 1-165
2018-09-28 10:06:07,566 INFO o.a.j.t.JMeterThread: Thread finished: carsPerf 1-142
2018-09-28 10:06:07,566 INFO o.a.j.t.JMeterThread: Thread finished: carsPerf 1-129
2018-09-28 10:06:07,566 INFO o.a.j.t.JMeterThread: Thread is done: carsPerf 1-31
2018-09-28 10:06:07,566 INFO o.a.j.e.StandardJMeterEngine: Forced JVM shutdown requested at end of test
2018-09-28 10:06:07,566 INFO o.a.j.t.JMeterThread: Thread finished: carsPerf 1-31
2018-09-28 10:06:07,566 INFO o.a.j.t.JMeterThread: Thread is done: carsPerf 1-131
2018-09-28 10:06:07,566 INFO o.a.j.t.JMeterThread: Thread finished: carsPerf 1-131
2018-09-28 10:06:07,566 WARN o.a.j.t.JMeterThread: Interrupting: carsPerf 1-78 sampler: http://gaspa03mac.local:7901/inventory/carInventory/2T1KR32E37C639014
2018-09-28 10:06:07,566 INFO o.a.j.t.JMeterThread: Thread is done: carsPerf 1-109
2018-09-28 10:06:07,567 INFO o.a.j.t.JMeterThread: Thread finished: carsPerf 1-109
2018-09-28 10:06:07,568 WARN o.a.j.t.JMeterThread: Interrupting: carsPerf 1-133 sampler: http://gaspa03mac.local:7901/inventory/carInventory/2T1KR32E37C639014
2018-09-28 10:06:07,568 INFO o.a.j.t.JMeterThread: Thread is done: carsPerf 1-78
2018-09-28 10:06:07,568 INFO o.a.j.t.JMeterThread: Thread finished: carsPerf 1-78
2018-09-28 10:06:07,568 WARN o.a.j.t.JMeterThread: Interrupting: carsPerf 1-146 sampler: http://gaspa03mac.local:7901/inventory/carMake/index.json
2018-09-28 10:06:07,568 WARN o.a.j.t.JMeterThread: Interrupting: carsPerf 1-185 sampler: http://gaspa03mac.local:7901/inventory/carInventory/2T1KR32E37C639014
2018-09-28 10:06:07,568 WARN o.a.j.t.JMeterThread: Interrupting: carsPerf 1-94 sampler: http://gaspa03mac.local:7901/inventory/carMake/2/models.json
2018-09-28 10:06:07,568 WARN o.a.j.t.JMeterThread: Interrupting: carsPerf 1-139 sampler: http://gaspa03mac.local:7901/inventory/carMake/2/models.json
2018-09-28 10:06:07,569 WARN o.a.j.t.JMeterThread: Interrupting: carsPerf 1-73 sampler: http://gaspa03mac.local:7901/inventory/carInventory/2T1KR32E37C639014
2018-09-28 10:06:07,569 INFO o.a.j.t.JMeterThread: Thread is done: carsPerf 1-126
2018-09-28 10:06:07,569 INFO o.a.j.t.JMeterThread: Thread is done: carsPerf 1-133
2018-09-28 10:06:07,569 INFO o.a.j.t.JMeterThread: Thread finished: carsPerf 1-126
2018-09-28 10:06:07,569 INFO o.a.j.t.JMeterThread: Thread finished: carsPerf 1-133
2018-09-28 10:06:07,569 WARN o.a.j.t.JMeterThread: Interrupting: carsPerf 1-40 sampler: http://gaspa03mac.local:7901/inventory/carMake/2/models.json
2018-09-28 10:06:07,569 WARN o.a.j.t.JMeterThread: Interrupting: carsPerf 1-48 sampler: http://gaspa03mac.local:7901/inventory/carMake/2/models.json
2018-09-28 10:06:07,569 WARN o.a.j.t.JMeterThread: Interrupting: carsPerf 1-198 sampler: http://gaspa03mac.local:7901/inventory/carMake/1/models.json
2018-09-28 10:06:07,569 WARN o.a.j.t.JMeterThread: Interrupting: carsPerf 1-8 sampler: http://gaspa03mac.local:7901/inventory/carMake/2/models.json
2018-09-28 10:06:07,570 INFO o.a.j.t.JMeterThread: Thread is done: carsPerf 1-146
2018-09-28 10:06:07,570 WARN o.a.j.t.JMeterThread: Interrupting: carsPerf 1-120 sampler: http://gaspa03mac.local:7901/inventory/carInventory/2T1KR32E37C639014
2018-09-28 10:06:07,570 INFO o.a.j.t.JMeterThread: Thread finished: carsPerf 1-146
2018-09-28 10:06:07,570 INFO o.a.j.t.JMeterThread: Thread is done: carsPerf 1-94
2018-09-28 10:06:07,570 INFO o.a.j.t.JMeterThread: Thread is done: carsPerf 1-185
2018-09-28 10:06:07,570 INFO o.a.j.t.JMeterThread: Thread finished: carsPerf 1-94
2018-09-28 10:06:07,570 WARN o.a.j.t.JMeterThread: Interrupting: carsPerf 1-95 sampler: http://gaspa03mac.local:7901/inventory/carMake/index.json
2018-09-28 10:06:07,570 INFO o.a.j.t.JMeterThread: Thread finished: carsPerf 1-185
2018-09-28 10:06:07,570 WARN o.a.j.t.JMeterThread: Interrupting: carsPerf 1-87 sampler: http://gaspa03mac.local:7901/inventory/carInventory/2T1KR32E37C639014
2018-09-28 10:06:07,570 WARN o.a.j.t.JMeterThread: Interrupting: carsPerf 1-171 sampler: http://gaspa03mac.local:7901/inventory/carMake/index.json
2018-09-28 10:06:07,570 INFO o.a.j.t.JMeterThread: Thread is done: carsPerf 1-187
2018-09-28 10:06:07,570 INFO o.a.j.t.JMeterThread: Thread is done: carsPerf 1-73
2018-09-28 10:06:07,570 INFO o.a.j.t.JMeterThread: Thread is done: carsPerf 1-139
2018-09-28 10:06:07,570 INFO o.a.j.t.JMeterThread: Thread finished: carsPerf 1-187
2018-09-28 10:06:07,570 INFO o.a.j.t.JMeterThread: Thread finished: carsPerf 1-73
2018-09-28 10:06:07,570 WARN o.a.j.t.JMeterThread: Interrupting: carsPerf 1-186 sampler: http://gaspa03mac.local:7901/inventory/carMake/2/models.json
2018-09-28 10:06:07,571 INFO o.a.j.t.JMeterThread: Thread finished: carsPerf 1-139
2018-09-28 10:06:07,571 WARN o.a.j.t.JMeterThread: Interrupting: carsPerf 1-163 sampler: http://gaspa03mac.local:7901/inventory/carInventory/2T1KR32EERATDH
2018-09-28 10:06:07,571 WARN o.a.j.t.JMeterThread: Interrupting: carsPerf 1-158 sampler: http://gaspa03mac.local:7901/inventory/carInventory/2T1KR32EERATDH
2018-09-28 10:06:07,571 INFO o.a.j.t.JMeterThread: Thread is done: carsPerf 1-40
2018-09-28 10:06:07,571 INFO o.a.j.t.JMeterThread: Thread finished: carsPerf 1-40
2018-09-28 10:06:07,571 WARN o.a.j.t.JMeterThread: Interrupting: carsPerf 1-188 sampler: http://gaspa03mac.local:7901/inventory/carMake/1/models.json
2018-09-28 10:06:07,571 INFO o.a.j.t.JMeterThread: Thread is done: carsPerf 1-48
2018-09-28 10:06:07,571 INFO o.a.j.t.JMeterThread: Thread finished: carsPerf 1-48
2018-09-28 10:06:07,571 WARN o.a.j.t.JMeterThread: Interrupting: carsPerf 1-128 sampler: http://gaspa03mac.local:7901/inventory/carInventory/2T1KR32EERATDH
2018-09-28 10:06:07,571 INFO o.a.j.t.JMeterThread: Thread is done: carsPerf 1-120
2018-09-28 10:06:07,571 INFO o.a.j.t.JMeterThread: Thread finished: carsPerf 1-120
2018-09-28 10:06:07,571 INFO o.a.j.t.JMeterThread: Thread is done: carsPerf 1-198
2018-09-28 10:06:07,572 WARN o.a.j.t.JMeterThread: Interrupting: carsPerf 1-112 sampler: http://gaspa03mac.local:7901/inventory/carMake/2/models.json
2018-09-28 10:06:07,572 INFO o.a.j.t.JMeterThread: Thread finished: carsPerf 1-198
2018-09-28 10:06:07,572 INFO o.a.j.t.JMeterThread: Thread is done: carsPerf 1-95
2018-09-28 10:06:07,572 INFO o.a.j.t.JMeterThread: Thread finished: carsPerf 1-95
2018-09-28 10:06:07,572 INFO o.a.j.t.JMeterThread: Thread is done: carsPerf 1-87
2018-09-28 10:06:07,572 INFO o.a.j.t.JMeterThread: Thread is done: carsPerf 1-171
2018-09-28 10:06:07,572 INFO o.a.j.t.JMeterThread: Thread finished: carsPerf 1-87
2018-09-28 10:06:07,572 INFO o.a.j.t.JMeterThread: Thread finished: carsPerf 1-171
2018-09-28 10:06:07,572 INFO o.a.j.t.JMeterThread: Thread is done: carsPerf 1-8
2018-09-28 10:06:07,572 INFO o.a.j.t.JMeterThread: Thread finished: carsPerf 1-8
2018-09-28 10:06:07,572 INFO o.a.j.t.JMeterThread: Thread is done: carsPerf 1-186
2018-09-28 10:06:07,572 INFO o.a.j.t.JMeterThread: Thread is done: carsPerf 1-125
2018-09-28 10:06:07,572 INFO o.a.j.t.JMeterThread: Thread is done: carsPerf 1-163
2018-09-28 10:06:07,573 INFO o.a.j.t.JMeterThread: Thread finished: carsPerf 1-186
2018-09-28 10:06:07,573 INFO o.a.j.t.JMeterThread: Thread finished: carsPerf 1-125
2018-09-28 10:06:07,573 INFO o.a.j.t.JMeterThread: Thread finished: carsPerf 1-163
2018-09-28 10:06:07,573 INFO o.a.j.t.JMeterThread: Thread is done: carsPerf 1-158
2018-09-28 10:06:07,573 INFO o.a.j.t.JMeterThread: Thread is done: carsPerf 1-188
2018-09-28 10:06:07,573 INFO o.a.j.t.JMeterThread: Thread is done: carsPerf 1-128
2018-09-28 10:06:07,573 INFO o.a.j.t.JMeterThread: Thread finished: carsPerf 1-158
2018-09-28 10:06:07,573 INFO o.a.j.t.JMeterThread: Thread is done: carsPerf 1-112
2018-09-28 10:06:07,573 INFO o.a.j.t.JMeterThread: Thread finished: carsPerf 1-128
2018-09-28 10:06:07,573 INFO o.a.j.t.JMeterThread: Thread finished: carsPerf 1-188
2018-09-28 10:06:07,573 INFO o.a.j.t.JMeterThread: Thread finished: carsPerf 1-112
2018-09-28 10:06:07,574 INFO o.a.j.t.JMeterThread: Thread is done: carsPerf 1-180
2018-09-28 10:06:07,574 INFO o.a.j.t.JMeterThread: Thread finished: carsPerf 1-180
