[2018-09-28 10:03:59,327 INFO root] Taurus CLI Tool v1.13.0
[2018-09-28 10:03:59,327 DEBUG root] Command-line options: {'verbose': None, 'no_system_configs': None, 'quiet': None, 'log': '/var/folders/vj/r6kgz4cd4bv4mdcv_qr1bsv40000gq/T/bzt_A1IVnT.log', 'option': None, 'aliases': []}
[2018-09-28 10:03:59,328 DEBUG root] Python: CPython 2.7.15
[2018-09-28 10:03:59,328 DEBUG root] OS: ('Darwin', 'gaspa03mac', '17.7.0', 'Darwin Kernel Version 17.7.0: Thu Jun 21 22:53:14 PDT 2018; root:xnu-4570.71.2~1/RELEASE_X86_64', 'x86_64', 'i386')
[2018-09-28 10:03:59,329 INFO root] Starting with configs: ['bzt/carsPerf-JMeter.yaml']
[2018-09-28 10:03:59,329 DEBUG root] Using personal config: /Users/gaspa03/.bzt-rc
[2018-09-28 10:03:59,329 INFO Engine] Configuring...
[2018-09-28 10:03:59,329 DEBUG Engine] No machine configs dir: /usr/local/etc/bzt.d
[2018-09-28 10:03:59,329 DEBUG Engine] Base configs list: ['/usr/local/lib/python2.7/site-packages/bzt/resources/base-config.yml']
[2018-09-28 10:03:59,329 DEBUG Engine.Configuration] Configs: ['/usr/local/lib/python2.7/site-packages/bzt/resources/base-config.yml']
[2018-09-28 10:03:59,330 DEBUG Engine.Configuration] Reading /usr/local/lib/python2.7/site-packages/bzt/resources/base-config.yml as YAML
[2018-09-28 10:03:59,356 DEBUG Engine] User configs list: ['/Users/gaspa03/.bzt-rc', 'bzt/carsPerf-JMeter.yaml']
[2018-09-28 10:03:59,357 DEBUG Engine.Configuration] Configs: ['/Users/gaspa03/.bzt-rc', 'bzt/carsPerf-JMeter.yaml']
[2018-09-28 10:03:59,358 WARNING Engine.Configuration] Replaced leading tabs in file /Users/gaspa03/.bzt-rc, line 0
[2018-09-28 10:03:59,358 WARNING Engine.Configuration] Line content is: # General Settings
[2018-09-28 10:03:59,358 WARNING Engine.Configuration] Please remember that YAML spec does not allow using tabs for indentation
[2018-09-28 10:03:59,358 DEBUG Engine.Configuration] Reading /Users/gaspa03/.bzt-rc as YAML
[2018-09-28 10:03:59,362 DEBUG Engine.Configuration] Reading bzt/carsPerf-JMeter.yaml as YAML
[2018-09-28 10:03:59,372 DEBUG Engine.Configuration] Configs: ['/Users/gaspa03/.bzt-rc', 'bzt/carsPerf-JMeter.yaml']
[2018-09-28 10:03:59,373 DEBUG Engine.Configuration] Reading /Users/gaspa03/.bzt-rc as YAML
[2018-09-28 10:03:59,377 DEBUG Engine.Configuration] Reading bzt/carsPerf-JMeter.yaml as YAML
[2018-09-28 10:03:59,395 DEBUG Engine] Requesting updates info: http://gettaurus.org/updates/?version=1.13.0&installID=macos-a45e60ebcf33
[2018-09-28 10:03:59,395 DEBUG HTTPClient] Making HTTP request GET http://gettaurus.org/updates/?version=1.13.0&installID=macos-a45e60ebcf33
[2018-09-28 10:03:59,395 INFO Engine] Artifacts dir: /Users/gaspa03/git/SV-APIBusinessOnBox/SV-CarsAPI/2018-09-28_10-03-59.395735
[2018-09-28 10:03:59,401 DEBUG urllib3.connectionpool] Starting new HTTP connection (1): gettaurus.org:80
[2018-09-28 10:03:59,401 DEBUG Engine] New artifact filename: /Users/gaspa03/git/SV-APIBusinessOnBox/SV-CarsAPI/2018-09-28_10-03-59.395735/effective
[2018-09-28 10:03:59,403 DEBUG Engine.Configuration] Dumping YAML config into /Users/gaspa03/git/SV-APIBusinessOnBox/SV-CarsAPI/2018-09-28_10-03-59.395735/effective.yml
[2018-09-28 10:03:59,428 DEBUG Engine.Configuration] Dumping JSON config into /Users/gaspa03/git/SV-APIBusinessOnBox/SV-CarsAPI/2018-09-28_10-03-59.395735/effective.json
[2018-09-28 10:03:59,429 DEBUG Engine] New artifact filename: /Users/gaspa03/git/SV-APIBusinessOnBox/SV-CarsAPI/2018-09-28_10-03-59.395735/merged.yml
[2018-09-28 10:03:59,431 DEBUG Engine.Configuration] Dumping YAML config into /Users/gaspa03/git/SV-APIBusinessOnBox/SV-CarsAPI/2018-09-28_10-03-59.395735/merged.yml
[2018-09-28 10:03:59,437 DEBUG Engine] New artifact filename: /Users/gaspa03/git/SV-APIBusinessOnBox/SV-CarsAPI/2018-09-28_10-03-59.395735/merged.json
[2018-09-28 10:03:59,438 DEBUG Engine.Configuration] Dumping JSON config into /Users/gaspa03/git/SV-APIBusinessOnBox/SV-CarsAPI/2018-09-28_10-03-59.395735/merged.json
[2018-09-28 10:03:59,438 DEBUG Engine] Add existing artifact (move=False): bzt/carsPerf-JMeter.yaml
[2018-09-28 10:03:59,438 DEBUG Engine] Copying bzt/carsPerf-JMeter.yaml to /Users/gaspa03/git/SV-APIBusinessOnBox/SV-CarsAPI/2018-09-28_10-03-59.395735/carsPerf-JMeter.yaml
[2018-09-28 10:03:59,439 DEBUG Engine.Environment] Replace 'TAURUS_ARTIFACTS_DIR' in environment
[2018-09-28 10:03:59,440 DEBUG root] Closing log handler: /var/folders/vj/r6kgz4cd4bv4mdcv_qr1bsv40000gq/T/bzt_A1IVnT.log
[2018-09-28 10:03:59,440 DEBUG root] Switched writing logs to /Users/gaspa03/git/SV-APIBusinessOnBox/SV-CarsAPI/2018-09-28_10-03-59.395735/bzt.log
[2018-09-28 10:03:59,440 DEBUG root] Linting config
[2018-09-28 10:03:59,443 WARNING root] at path 'execution': 'execution' should be a list
[2018-09-28 10:03:59,443 INFO Engine] Preparing...
[2018-09-28 10:03:59,443 DEBUG Engine] Module config: consolidator {'class': u'bzt.modules.aggregator.ConsolidatingAggregator'}
[2018-09-28 10:03:59,443 DEBUG root] Importing module: bzt.modules.aggregator
[2018-09-28 10:03:59,594 DEBUG root] Loading class: 'ConsolidatingAggregator' from <module 'bzt.modules.aggregator' from '/usr/local/lib/python2.7/site-packages/bzt/modules/aggregator.pyc'>
[2018-09-28 10:03:59,595 DEBUG Engine.consolidator] Buffer scaling setup: percentile 95.0 from [0.0, 50.0, 90.0, 95.0, 99.0, 99.9, 100.0] selected
[2018-09-28 10:03:59,595 DEBUG Engine] Module config: monitoring {'class': u'bzt.modules.monitoring.Monitoring'}
[2018-09-28 10:03:59,595 DEBUG root] Importing module: bzt.modules.monitoring
[2018-09-28 10:03:59,597 DEBUG root] Loading class: 'Monitoring' from <module 'bzt.modules.monitoring' from '/usr/local/lib/python2.7/site-packages/bzt/modules/monitoring.pyc'>
[2018-09-28 10:03:59,597 DEBUG Engine] Module config: local {'class': u'bzt.modules.provisioning.Local'}
[2018-09-28 10:03:59,597 DEBUG root] Importing module: bzt.modules.provisioning
[2018-09-28 10:03:59,597 DEBUG root] Loading class: 'Local' from <module 'bzt.modules.provisioning' from '/usr/local/lib/python2.7/site-packages/bzt/modules/provisioning.pyc'>
[2018-09-28 10:03:59,598 DEBUG Engine] Module config: jmeter {'properties': {'jmeter.save.saveservice.autoflush': u'true', 'jmeter.save.saveservice.connect_time': u'true', 'summariser.name': u'', 'jmeterengine.force.system.exit': u'true'}, 'plugins': [u'jpgc-casutg', u'jpgc-dummy', u'jpgc-ffw', u'jpgc-fifo', u'jpgc-functions', u'jpgc-json', u'jpgc-perfmon', u'jpgc-prmctl', u'jpgc-tst'], 'class': u'bzt.modules.jmeter.JMeterExecutor', 'protocol-handlers': {'http': u'bzt.jmx.http.HTTPProtocolHandler'}}
[2018-09-28 10:03:59,598 DEBUG root] Importing module: bzt.modules.jmeter
[2018-09-28 10:03:59,608 DEBUG root] Loading class: 'JMeterExecutor' from <module 'bzt.modules.jmeter' from '/usr/local/lib/python2.7/site-packages/bzt/modules/jmeter.pyc'>
[2018-09-28 10:03:59,608 DEBUG Engine.local] Preparing executor: None/4584731856
[2018-09-28 10:03:59,609 DEBUG Engine] New artifact filename: /Users/gaspa03/git/SV-APIBusinessOnBox/SV-CarsAPI/2018-09-28_10-03-59.395735/jmeter.log
[2018-09-28 10:03:59,609 DEBUG Engine.jmeter] Checking if port 4445 is free
[2018-09-28 10:03:59,610 DEBUG Engine.jmeter] Port 4445 is free
[2018-09-28 10:03:59,610 DEBUG Engine.jmeter] Using port 4445 for management
[2018-09-28 10:03:59,610 DEBUG Engine.jmeter.JavaVM] Trying JavaVM: ['java', '-version']
[2018-09-28 10:03:59,712 DEBUG urllib3.connectionpool] http://gettaurus.org:80 "GET /updates/?version=1.13.0&installID=macos-a45e60ebcf33 HTTP/1.1" 200 60
[2018-09-28 10:03:59,714 DEBUG Engine] Taurus updates info: {u'needsUpgrade': False, u'latest': u'1.13.0'}
[2018-09-28 10:03:59,714 DEBUG Engine] Installation is up-to-date
[2018-09-28 10:03:59,723 DEBUG Engine.jmeter.JavaVM] JavaVM output: java version "1.8.0_92"
Java(TM) SE Runtime Environment (build 1.8.0_92-b14)
Java HotSpot(TM) 64-Bit Server VM (build 25.92-b14, mixed mode)
[2018-09-28 10:03:59,723 DEBUG Engine.jmeter.TclLibrary] We don't need to check tcl library on this platform
[2018-09-28 10:03:59,724 DEBUG Engine.jmeter.JMeter] Trying jmeter: /Users/gaspa03/.bzt/jmeter-taurus/4.0/bin/jmeter.sh
[2018-09-28 10:03:59,725 DEBUG bzt.utils] Executing shell: ['/Users/gaspa03/.bzt/jmeter-taurus/4.0/bin/jmeter.sh', '-j', '/var/folders/vj/r6kgz4cd4bv4mdcv_qr1bsv40000gq/T/jmeterz_2Gz5log', '--version'] at .
[2018-09-28 10:04:00,880 DEBUG Engine.jmeter.JMeter] JMeter check:     _    ____   _    ____ _   _ _____       _ __  __ _____ _____ _____ ____     
   / \  |  _ \ / \  / ___| | | | ____|     | |  \/  | ____|_   _| ____|  _ \   
  / _ \ | |_) / _ \| |   | |_| |  _|    _  | | |\/| |  _|   | | |  _| | |_) | 
 / ___ \|  __/ ___ \ |___|  _  | |___  | |_| | |  | | |___  | | | |___|  _ <  
/_/   \_\_| /_/   \_\____|_| |_|_____|  \___/|_|  |_|_____| |_| |_____|_| \_\ 4.0 r1823414  

Copyright (c) 1999-2018 The Apache Software Foundation

 / None
[2018-09-28 10:04:00,880 DEBUG Engine] New artifact filename: /Users/gaspa03/git/SV-APIBusinessOnBox/SV-CarsAPI/2018-09-28_10-03-59.395735/requests.jmx
[2018-09-28 10:04:00,883 DEBUG root] Importing module: bzt.jmx.http
[2018-09-28 10:04:00,884 DEBUG root] Loading class: 'HTTPProtocolHandler' from <module 'bzt.jmx.http' from '/usr/local/lib/python2.7/site-packages/bzt/jmx/http.pyc'>
[2018-09-28 10:04:00,887 DEBUG JMeterScenarioBuilder] Saving JMX to: /Users/gaspa03/git/SV-APIBusinessOnBox/SV-CarsAPI/2018-09-28_10-03-59.395735/requests.jmx
[2018-09-28 10:04:00,888 DEBUG Engine.jmeter] Load: LoadSpec(concurrency=200, throughput=None, ramp_up=30.0, hold=300.0, iterations=0, duration=330.0, steps=None)
[2018-09-28 10:04:00,891 DEBUG Engine] New artifact filename: /Users/gaspa03/git/SV-APIBusinessOnBox/SV-CarsAPI/2018-09-28_10-03-59.395735/kpi.jtl
[2018-09-28 10:04:00,891 DEBUG Engine] New artifact filename: /Users/gaspa03/git/SV-APIBusinessOnBox/SV-CarsAPI/2018-09-28_10-03-59.395735/error.jtl
[2018-09-28 10:04:00,895 DEBUG Engine.jmeter.LoadSettingsProcessor.ThreadGroupHandler] Converting ThreadGroup (carsPerf) to ConcurrencyThreadGroup and apply load parameters
[2018-09-28 10:04:00,895 DEBUG Engine] New artifact filename: /Users/gaspa03/git/SV-APIBusinessOnBox/SV-CarsAPI/2018-09-28_10-03-59.395735/modified_requests.jmx
[2018-09-28 10:04:00,895 DEBUG JMX] Saving JMX to: /Users/gaspa03/git/SV-APIBusinessOnBox/SV-CarsAPI/2018-09-28_10-03-59.395735/modified_requests.jmx
[2018-09-28 10:04:00,896 DEBUG Engine.jmeter] Additional properties: {'jmeter.save.saveservice.autoflush': u'true', 'jmeter.save.saveservice.connect_time': u'true', 'user.classpath': '/Users/gaspa03/git/SV-APIBusinessOnBox/SV-CarsAPI/2018-09-28_10-03-59.395735:/Users/gaspa03/git/SV-APIBusinessOnBox/SV-CarsAPI/2018-09-28_10-03-59.395735', 'sampleresult.default.encoding': 'UTF-8', 'summariser.name': u'', 'jmeterengine.force.system.exit': u'true', 'jmeter.save.saveservice.timestamp_format': 'ms', 'jmeterengine.nongui.maxport': 4445, 'jmeterengine.nongui.port': 4445}
[2018-09-28 10:04:00,896 DEBUG Engine] New artifact filename: /Users/gaspa03/git/SV-APIBusinessOnBox/SV-CarsAPI/2018-09-28_10-03-59.395735/jmeter-bzt.properties
[2018-09-28 10:04:00,896 DEBUG Engine.jmeter] Additional system properties {'sun.net.inetaddr.ttl': 0}
[2018-09-28 10:04:00,896 DEBUG Engine] New artifact filename: /Users/gaspa03/git/SV-APIBusinessOnBox/SV-CarsAPI/2018-09-28_10-03-59.395735/system.properties
[2018-09-28 10:04:00,897 DEBUG Engine.jmeter.JMeter] Passing JVM_ARGS: ''
[2018-09-28 10:04:00,897 DEBUG bzt.utils] Executing shell: ['/Users/gaspa03/.bzt/jmeter-taurus/4.0/bin/PluginsManagerCMD.sh', 'install-for-jmx', '/Users/gaspa03/git/SV-APIBusinessOnBox/SV-CarsAPI/2018-09-28_10-03-59.395735/modified_requests.jmx'] at .
[2018-09-28 10:04:04,228 DEBUG Engine.jmeter.JMeter] Try to detect plugins for /Users/gaspa03/git/SV-APIBusinessOnBox/SV-CarsAPI/2018-09-28_10-03-59.395735/modified_requests.jmx
2018-09-28 10:04:01,572 INFO o.j.r.PluginManagerCMD: Command is: install-for-jmx
2018-09-28 10:04:01,629 INFO o.j.r.JARSourceHTTP: Requesting https://jmeter-plugins.org/repo/?installID=mac_os_x-c6808a0d0134aa9d50fdeed441bded3b-nongui
2018-09-28 10:04:03,385 INFO o.j.r.PluginManager: Plugins Status: [jpgc-functions=2.1, jpgc-casutg=2.5, jpgc-dummy=0.2, jpgc-ffw=2.0, jpgc-fifo=0.2, jpgc-json=2.6, jpgc-prmctl=0.4, jpgc-perfmon=2.1, jpgc-plugins-manager=1.1, jpgc-tst=2.5, jmeter-core=4.0, jmeter-ftp=4.0, jmeter-http=4.0, jmeter-jdbc=4.0, jmeter-jms=4.0, jmeter-junit=4.0, jmeter-java=4.0, jmeter-ldap=4.0, jmeter-mail=4.0, jmeter-mongodb=4.0, jmeter-native=4.0, jmeter-tcp=4.0, jmeter-components=4.0]
2018-09-28 10:04:03,387 INFO o.j.r.PluginManagerCMD: Params line is: /Users/gaspa03/git/SV-APIBusinessOnBox/SV-CarsAPI/2018-09-28_10-03-59.395735/modified_requests.jmx
2018-09-28 10:04:03,659 INFO o.a.j.s.SaveService: Testplan (JMX) version: 2.2. Testlog (JTL) version: 2.2
2018-09-28 10:04:03,671 INFO o.a.j.s.SaveService: Using SaveService properties file encoding UTF-8
2018-09-28 10:04:03,675 INFO o.a.j.s.SaveService: Using SaveService properties version 4.0
2018-09-28 10:04:03,725 INFO o.a.j.p.h.c.CacheManager: Will only cache the following methods: [GET]
2018-09-28 10:04:03,728 INFO o.a.j.p.h.c.CookieManager: Settings: Delete null: true Check: true Allow variable: true Save: false Prefix: COOKIE_
2018-09-28 10:04:03,731 WARN o.a.j.u.JMeterUtils: ERROR! Resource string not found: [option]
2018-09-28 10:04:03,731 WARN o.a.j.u.JMeterUtils: ERROR! Resource string not found: [add]
2018-09-28 10:04:03,733 WARN o.a.j.u.JMeterUtils: ERROR! Resource string not found: [add_host]
2018-09-28 10:04:03,733 WARN o.a.j.u.JMeterUtils: ERROR! Resource string not found: [delete]
2018-09-28 10:04:03,734 WARN o.a.j.u.JMeterUtils: ERROR! Resource string not found: [delete_host]
2018-09-28 10:04:03,734 WARN o.a.j.u.JMeterUtils: ERROR! Resource string not found: [use_system_dns_resolver]
2018-09-28 10:04:03,734 WARN o.a.j.u.JMeterUtils: ERROR! Resource string not found: [use_custom_dns_resolver]
2018-09-28 10:04:03,734 WARN o.a.j.u.JMeterUtils: ERROR! Resource string not found: [dns_hostname_or_ip]
2018-09-28 10:04:03,734 WARN o.a.j.u.JMeterUtils: ERROR! Resource string not found: [dns_host]
2018-09-28 10:04:03,734 WARN o.a.j.u.JMeterUtils: ERROR! Resource string not found: [dns_hostname_or_ip]
2018-09-28 10:04:03,789 INFO o.a.j.p.h.s.HTTPSamplerBase: Parser for text/html is org.apache.jmeter.protocol.http.parser.LagartoBasedHtmlParser
2018-09-28 10:04:03,790 INFO o.a.j.p.h.s.HTTPSamplerBase: Parser for application/xhtml+xml is org.apache.jmeter.protocol.http.parser.LagartoBasedHtmlParser
2018-09-28 10:04:03,790 INFO o.a.j.p.h.s.HTTPSamplerBase: Parser for application/xml is org.apache.jmeter.protocol.http.parser.LagartoBasedHtmlParser
2018-09-28 10:04:03,790 INFO o.a.j.p.h.s.HTTPSamplerBase: Parser for text/xml is org.apache.jmeter.protocol.http.parser.LagartoBasedHtmlParser
2018-09-28 10:04:03,790 INFO o.a.j.p.h.s.HTTPSamplerBase: Parser for text/vnd.wap.wml is org.apache.jmeter.protocol.http.parser.RegexpHTMLParser
2018-09-28 10:04:03,790 INFO o.a.j.p.h.s.HTTPSamplerBase: Parser for text/css is org.apache.jmeter.protocol.http.parser.CssParser
2018-09-28 10:04:03,851 INFO o.j.r.PluginManager: Finishing without changes


[2018-09-28 10:04:04,228 DEBUG Engine] New artifact filename: /Users/gaspa03/git/SV-APIBusinessOnBox/SV-CarsAPI/2018-09-28_10-03-59.395735/jmeter.out
[2018-09-28 10:04:04,229 DEBUG Engine] New artifact filename: /Users/gaspa03/git/SV-APIBusinessOnBox/SV-CarsAPI/2018-09-28_10-03-59.395735/jmeter.err
[2018-09-28 10:04:04,231 DEBUG Engine] Module config: final-stats {'class': u'bzt.modules.reporting.FinalStatus'}
[2018-09-28 10:04:04,231 DEBUG root] Importing module: bzt.modules.reporting
[2018-09-28 10:04:04,249 DEBUG easyprocess] version=0.2.3
[2018-09-28 10:04:04,252 DEBUG pyvirtualdisplay] version=0.2.1
[2018-09-28 10:04:04,254 DEBUG root] Loading class: 'FinalStatus' from <module 'bzt.modules.reporting' from '/usr/local/lib/python2.7/site-packages/bzt/modules/reporting.pyc'>
[2018-09-28 10:04:04,255 DEBUG Engine] Module config: console {'class': u'bzt.modules.console.ConsoleStatusReporter'}
[2018-09-28 10:04:04,255 DEBUG root] Importing module: bzt.modules.console
[2018-09-28 10:04:04,255 DEBUG root] Loading class: 'ConsoleStatusReporter' from <module 'bzt.modules.console' from '/usr/local/lib/python2.7/site-packages/bzt/modules/console.pyc'>
[2018-09-28 10:04:04,266 DEBUG Engine.Configuration] Dumping YAML config into /Users/gaspa03/git/SV-APIBusinessOnBox/SV-CarsAPI/2018-09-28_10-03-59.395735/effective.yml
[2018-09-28 10:04:04,308 DEBUG Engine.Configuration] Dumping JSON config into /Users/gaspa03/git/SV-APIBusinessOnBox/SV-CarsAPI/2018-09-28_10-03-59.395735/effective.json
[2018-09-28 10:04:04,310 INFO Engine] Starting...
[2018-09-28 10:04:04,310 DEBUG Engine] Startup <bzt.modules.monitoring.Monitoring object at 0x10f8bff90>
[2018-09-28 10:04:04,311 DEBUG Engine] Startup <bzt.modules.aggregator.ConsolidatingAggregator object at 0x10f8bfad0>
[2018-09-28 10:04:04,311 DEBUG Engine] Startup <bzt.modules.reporting.FinalStatus object at 0x1113f75d0>
[2018-09-28 10:04:04,311 DEBUG Engine] Startup <bzt.modules.console.ConsoleStatusReporter object at 0x1115dca90>
[2018-09-28 10:04:04,311 INFO Engine.console] Waiting for results...
[2018-09-28 10:04:04,311 DEBUG Engine] Startup <bzt.modules.provisioning.Local object at 0x10f483290>
[2018-09-28 10:04:04,312 DEBUG Engine.local] Delay setup for None/carsPerf: 0(start-at) + 0(delay) = 0
[2018-09-28 10:04:04,315 DEBUG Engine.Configuration] Dumping YAML config into /Users/gaspa03/git/SV-APIBusinessOnBox/SV-CarsAPI/2018-09-28_10-03-59.395735/effective.yml
[2018-09-28 10:04:04,356 DEBUG Engine.Configuration] Dumping JSON config into /Users/gaspa03/git/SV-APIBusinessOnBox/SV-CarsAPI/2018-09-28_10-03-59.395735/effective.json
[2018-09-28 10:04:04,358 DEBUG root] Leveling down log file verbosity to INFO, use -v option to have DEBUG messages enabled
[2018-09-28 10:04:04,358 DEBUG root] Leveled up log file verbosity
[2018-09-28 10:04:04,359 DEBUG bzt.utils] Executing shell: ['/Users/gaspa03/.bzt/jmeter-taurus/4.0/bin/jmeter.sh', '-n', '-t', '/Users/gaspa03/git/SV-APIBusinessOnBox/SV-CarsAPI/2018-09-28_10-03-59.395735/modified_requests.jmx', '-j', '/Users/gaspa03/git/SV-APIBusinessOnBox/SV-CarsAPI/2018-09-28_10-03-59.395735/jmeter.log', '-q', '/Users/gaspa03/git/SV-APIBusinessOnBox/SV-CarsAPI/2018-09-28_10-03-59.395735/jmeter-bzt.properties', '-S', '/Users/gaspa03/git/SV-APIBusinessOnBox/SV-CarsAPI/2018-09-28_10-03-59.395735/system.properties'] at /Users/gaspa03/git/SV-APIBusinessOnBox/SV-CarsAPI
[2018-09-28 10:04:04,370 DEBUG root] Leveling down log file verbosity to INFO, use -v option to have DEBUG messages enabled
[2018-09-28 10:04:04,596 INFO Engine.console] Waiting for finish...
[2018-09-28 10:04:35,469 WARNING Engine] Please wait for graceful shutdown...
[2018-09-28 10:04:35,494 DEBUG root] Leveled up log file verbosity
[2018-09-28 10:04:35,494 INFO Engine] Shutting down...
[2018-09-28 10:04:35,518 DEBUG Engine] Current stop reason: 
[2018-09-28 10:04:35,518 DEBUG Engine.local] Shutdown None/carsPerf
[2018-09-28 10:04:36,522 INFO Engine.jmeter] Sending Shutdown command to JMeter on port 4445...
[2018-09-28 10:04:37,540 DEBUG Engine.jmeter] JMeter stopped on Shutdown command
[2018-09-28 10:04:37,541 DEBUG Engine.console] Restoring logging streams, [<logging.StreamHandler object at 0x10f4748d0>]/{<logging.StreamHandler object at 0x10f4748d0>: <open file '<stdout>', mode 'w' at 0x10df3c150>}
[2018-09-28 10:04:37,544 DEBUG Engine.Configuration] Dumping YAML config into /Users/gaspa03/git/SV-APIBusinessOnBox/SV-CarsAPI/2018-09-28_10-03-59.395735/effective.yml
[2018-09-28 10:04:37,571 DEBUG Engine.Configuration] Dumping JSON config into /Users/gaspa03/git/SV-APIBusinessOnBox/SV-CarsAPI/2018-09-28_10-03-59.395735/effective.json
[2018-09-28 10:04:37,572 WARNING root] Keyboard interrupt
[2018-09-28 10:04:37,572 DEBUG root] KeyboardInterrupt: 
Traceback (most recent call last):
  File "/usr/local/lib/python2.7/site-packages/bzt/cli.py", line 261, in perform
    self.engine.run()
  File "/usr/local/lib/python2.7/site-packages/bzt/engine.py", line 226, in run
    reraise(exc_info, exc_value)
  File "/usr/local/lib/python2.7/site-packages/bzt/engine.py", line 206, in run
    self._wait()
  File "/usr/local/lib/python2.7/site-packages/bzt/engine.py", line 254, in _wait
    time.sleep(delay)
KeyboardInterrupt
[2018-09-28 10:04:37,573 INFO Engine] Post-processing...
[2018-09-28 10:04:37,573 DEBUG Engine.local] Post-process None/carsPerf
[2018-09-28 10:04:37,573 DEBUG Engine] Add existing artifact (move=True): /Users/gaspa03/git/SV-APIBusinessOnBox/SV-CarsAPI/2018-09-28_10-03-59.395735/modified_requests.jmx
[2018-09-28 10:04:37,573 DEBUG Engine] No need to copy /Users/gaspa03/git/SV-APIBusinessOnBox/SV-CarsAPI/2018-09-28_10-03-59.395735/modified_requests.jmx
[2018-09-28 10:04:37,573 DEBUG Engine.jmeter.JTLErrorsReader.FileReader] Opening file: /Users/gaspa03/git/SV-APIBusinessOnBox/SV-CarsAPI/2018-09-28_10-03-59.395735/error.jtl
[2018-09-28 10:04:37,573 DEBUG Engine.jmeter.JTLErrorsReader.FileReader] Reading: /Users/gaspa03/git/SV-APIBusinessOnBox/SV-CarsAPI/2018-09-28_10-03-59.395735/error.jtl
[2018-09-28 10:04:37,586 DEBUG Engine.jmeter.JTLErrorsReader] Error reading errors.jtl: Traceback (most recent call last):
  File "/usr/local/lib/python2.7/site-packages/bzt/modules/jmeter.py", line 1304, in read_file
    self.parser.feed(read)  # "Huge input lookup" error without capping :)
  File "src/lxml/parser.pxi", line 1242, in lxml.etree._FeedParser.feed
  File "src/lxml/parser.pxi", line 1364, in lxml.etree._FeedParser.feed
  File "src/lxml/xmlerror.pxi", line 592, in lxml.etree._getThreadErrorLog
  File "src/lxml/parser.pxi", line 601, in lxml.etree._ParserContext._handleParseResultDoc
  File "src/lxml/parser.pxi", line 711, in lxml.etree._handleParseResult
  File "src/lxml/parser.pxi", line 640, in lxml.etree._raiseParseError
XMLSyntaxError: Opening and ending tag mismatch: responseData line 4659 and testResults, line 4661, column 15 (line 4661)

[2018-09-28 10:04:37,587 WARNING Engine.jmeter.JTLErrorsReader] Failed to parse errors XML: Opening and ending tag mismatch: responseData line 4659 and testResults, line 4661, column 15 (line 4661)
[2018-09-28 10:04:37,599 DEBUG Engine.jmeter.JTLReader.IncrementalCSVReader.FileReader] Reading: /Users/gaspa03/git/SV-APIBusinessOnBox/SV-CarsAPI/2018-09-28_10-03-59.395735/kpi.jtl
[2018-09-28 10:04:37,619 DEBUG Engine.jmeter.JTLReader.IncrementalCSVReader] Read: 4149 lines / 584269 bytes (at speed 1048576)
[2018-09-28 10:04:37,694 DEBUG Engine.jmeter.JTLReader] Buffer len: 4; Known errors count: 1
[2018-09-28 10:04:37,695 DEBUG Engine.jmeter.JTLReader] Aggregating: 1538121873
[2018-09-28 10:04:37,787 DEBUG Engine.jmeter.JTLReader] Aggregating: 1538121874
[2018-09-28 10:04:37,886 DEBUG Engine.jmeter.JTLReader] Aggregating: 1538121875
[2018-09-28 10:04:37,978 DEBUG Engine.jmeter.JTLReader] Aggregating: 1538121876
[2018-09-28 10:04:38,026 DEBUG Engine.consolidator] Consolidator buffer[6]: [1538121872, 1538121873, 1538121874, 1538121875, 1538121876, 1538121871]
[2018-09-28 10:04:38,026 DEBUG Engine.consolidator] Merging into 1538121871
[2018-09-28 10:04:38,026 DEBUG Engine.consolidator] Merging 1538121871
[2018-09-28 10:04:38,035 DEBUG Engine.consolidator] Processed datapoint: 1538121871/None
[2018-09-28 10:04:38,035 DEBUG Engine.consolidator] Merging into 1538121872
[2018-09-28 10:04:38,036 DEBUG Engine.consolidator] Merging 1538121872
[2018-09-28 10:04:38,046 DEBUG Engine.consolidator] Processed datapoint: 1538121872/None
[2018-09-28 10:04:38,046 DEBUG Engine.consolidator] Merging into 1538121873
[2018-09-28 10:04:38,046 DEBUG Engine.consolidator] Merging 1538121873
[2018-09-28 10:04:38,058 DEBUG Engine.consolidator] Processed datapoint: 1538121873/None
[2018-09-28 10:04:38,058 DEBUG Engine.consolidator] Merging into 1538121874
[2018-09-28 10:04:38,058 DEBUG Engine.consolidator] Merging 1538121874
[2018-09-28 10:04:38,067 DEBUG Engine.consolidator] Processed datapoint: 1538121874/None
[2018-09-28 10:04:38,067 DEBUG Engine.consolidator] Merging into 1538121875
[2018-09-28 10:04:38,067 DEBUG Engine.consolidator] Merging 1538121875
[2018-09-28 10:04:38,076 DEBUG Engine.consolidator] Processed datapoint: 1538121875/None
[2018-09-28 10:04:38,076 DEBUG Engine.consolidator] Merging into 1538121876
[2018-09-28 10:04:38,076 DEBUG Engine.consolidator] Merging 1538121876
[2018-09-28 10:04:38,084 DEBUG Engine.consolidator] Processed datapoint: 1538121876/None
[2018-09-28 10:04:38,084 INFO Engine.final-stats] Test duration: 0:00:33
[2018-09-28 10:04:38,085 INFO Engine.final-stats] Samples count: 62212, 0.27% failures
[2018-09-28 10:04:38,085 INFO Engine.final-stats] Average times: total 0.095, latency 0.095, connect 0.000
[2018-09-28 10:04:38,086 INFO Engine.final-stats] Percentiles:
(0lqqqqqqqqqqqqqqqwqqqqqqqqqqqqqqqk(B
(0x(B Percentile, % (0x(B Resp. Time, s (0x(B
(0tqqqqqqqqqqqqqqqnqqqqqqqqqqqqqqqu(B
(0x(B           0.0 (0x(B         0.001 (0x(B
(0x(B          50.0 (0x(B         0.037 (0x(B
(0x(B          90.0 (0x(B         0.226 (0x(B
(0x(B          95.0 (0x(B         0.455 (0x(B
(0x(B          99.0 (0x(B         0.589 (0x(B
(0x(B          99.9 (0x(B         1.362 (0x(B
(0x(B         100.0 (0x(B         1.397 (0x(B
(0mqqqqqqqqqqqqqqqvqqqqqqqqqqqqqqqj(B
[2018-09-28 10:04:38,090 INFO Engine.final-stats] Request label stats:
(0lqqqqqqqqqqqqqqqqqqqqqqqqqqqqqqqqqqqqqqqqqqqqqqqqqqqqqqqqqqqqqqqqqqqqqqqwqqqqqqqqwqqqqqqqqqwqqqqqqqqwqqqqqqqqqqqqqqqqqqqqqqqqqqqqqqqqqqqqqqqqqqk(B
(0x(B label                                                                 (0x(B status (0x(B    succ (0x(B avg_rt (0x(B error                                    (0x(B
(0tqqqqqqqqqqqqqqqqqqqqqqqqqqqqqqqqqqqqqqqqqqqqqqqqqqqqqqqqqqqqqqqqqqqqqqqnqqqqqqqqnqqqqqqqqqnqqqqqqqqnqqqqqqqqqqqqqqqqqqqqqqqqqqqqqqqqqqqqqqqqqqu(B
(0x(B Test                                                                  (0x(B   OK   (0x(B 100.00% (0x(B  0.334 (0x(B                                          (0x(B
(0x(B http://gaspa03mac.local:7901/inventory/carInventory/2T1KR32E37C639014 (0x(B  FAIL  (0x(B  99.00% (0x(B  0.056 (0x(B Non HTTP response message: Socket closed (0x(B
(0x(B http://gaspa03mac.local:7901/inventory/carInventory/2T1KR32EERATDH    (0x(B  FAIL  (0x(B  99.00% (0x(B  0.055 (0x(B Non HTTP response message: Socket closed (0x(B
(0x(B http://gaspa03mac.local:7901/inventory/carMake/1/models.json          (0x(B  FAIL  (0x(B  99.00% (0x(B  0.058 (0x(B Non HTTP response message: Socket closed (0x(B
(0x(B http://gaspa03mac.local:7901/inventory/carMake/2/models.json          (0x(B  FAIL  (0x(B  99.00% (0x(B  0.056 (0x(B Non HTTP response message: Socket closed (0x(B
(0x(B http://gaspa03mac.local:7901/inventory/carMake/3/models.json          (0x(B  FAIL  (0x(B  99.00% (0x(B  0.055 (0x(B Non HTTP response message: Socket closed (0x(B
(0x(B http://gaspa03mac.local:7901/inventory/carMake/index.json             (0x(B  FAIL  (0x(B  99.00% (0x(B  0.056 (0x(B Non HTTP response message: Socket closed (0x(B
(0mqqqqqqqqqqqqqqqqqqqqqqqqqqqqqqqqqqqqqqqqqqqqqqqqqqqqqqqqqqqqqqqqqqqqqqqvqqqqqqqqvqqqqqqqqqvqqqqqqqqvqqqqqqqqqqqqqqqqqqqqqqqqqqqqqqqqqqqqqqqqqqj(B
[2018-09-28 10:04:38,090 DEBUG Engine.console] No logger_handler or orig_stream was detected
[2018-09-28 10:04:38,093 DEBUG Engine.Configuration] Dumping YAML config into /Users/gaspa03/git/SV-APIBusinessOnBox/SV-CarsAPI/2018-09-28_10-03-59.395735/effective.yml
[2018-09-28 10:04:38,121 DEBUG Engine.Configuration] Dumping JSON config into /Users/gaspa03/git/SV-APIBusinessOnBox/SV-CarsAPI/2018-09-28_10-03-59.395735/effective.json
[2018-09-28 10:04:38,122 INFO root] Artifacts dir: /Users/gaspa03/git/SV-APIBusinessOnBox/SV-CarsAPI/2018-09-28_10-03-59.395735
[2018-09-28 10:04:38,123 WARNING root] Done performing with code: 1
[2018-09-28 10:04:38,123 DEBUG root] Closing log handler: /Users/gaspa03/git/SV-APIBusinessOnBox/SV-CarsAPI/2018-09-28_10-03-59.395735/bzt.log
