2018-09-28 10:04:05,309 INFO o.a.j.u.JMeterUtils: Setting Locale to en_US
2018-09-28 10:04:05,327 INFO o.a.j.JMeter: Loading user properties from: /Users/gaspa03/.bzt/jmeter-taurus/4.0/bin/user.properties
2018-09-28 10:04:05,328 INFO o.a.j.JMeter: Loading system properties from: /Users/gaspa03/.bzt/jmeter-taurus/4.0/bin/system.properties
2018-09-28 10:04:05,328 INFO o.a.j.JMeter: Setting System properties from file: /Users/gaspa03/git/SV-APIBusinessOnBox/SV-CarsAPI/2018-09-28_10-03-59.395735/system.properties
2018-09-28 10:04:05,333 INFO o.a.j.JMeter: Copyright (c) 1998-2018 The Apache Software Foundation
2018-09-28 10:04:05,333 INFO o.a.j.JMeter: Version 4.0 r1823414
2018-09-28 10:04:05,333 INFO o.a.j.JMeter: java.version=1.8.0_92
2018-09-28 10:04:05,333 INFO o.a.j.JMeter: java.vm.name=Java HotSpot(TM) 64-Bit Server VM
2018-09-28 10:04:05,334 INFO o.a.j.JMeter: os.name=Mac OS X
2018-09-28 10:04:05,334 INFO o.a.j.JMeter: os.arch=x86_64
2018-09-28 10:04:05,334 INFO o.a.j.JMeter: os.version=10.13.6
2018-09-28 10:04:05,334 INFO o.a.j.JMeter: file.encoding=UTF-8
2018-09-28 10:04:05,334 INFO o.a.j.JMeter: Max memory     =3817865216
2018-09-28 10:04:05,334 INFO o.a.j.JMeter: Available Processors =8
2018-09-28 10:04:05,338 INFO o.a.j.JMeter: Default Locale=English (United States)
2018-09-28 10:04:05,338 INFO o.a.j.JMeter: JMeter  Locale=English (United States)
2018-09-28 10:04:05,338 INFO o.a.j.JMeter: JMeterHome=/Users/gaspa03/.bzt/jmeter-taurus/4.0
2018-09-28 10:04:05,338 INFO o.a.j.JMeter: user.dir  =/Users/gaspa03/git/SV-APIBusinessOnBox/SV-CarsAPI
2018-09-28 10:04:05,338 INFO o.a.j.JMeter: PWD       =/Users/gaspa03/git/SV-APIBusinessOnBox/SV-CarsAPI
2018-09-28 10:04:05,340 INFO o.a.j.JMeter: IP: 127.0.0.1 Name: gaspa03mac FullName: localhost
2018-09-28 10:04:05,340 INFO o.a.j.JMeter: user.classpath=/Users/gaspa03/git/SV-APIBusinessOnBox/SV-CarsAPI/2018-09-28_10-03-59.395735:/Users/gaspa03/git/SV-APIBusinessOnBox/SV-CarsAPI/2018-09-28_10-03-59.395735
2018-09-28 10:04:05,341 INFO o.a.j.JMeter: Adding to classpath and loader: /Users/gaspa03/git/SV-APIBusinessOnBox/SV-CarsAPI/2018-09-28_10-03-59.395735
2018-09-28 10:04:05,341 INFO o.a.j.JMeter: Adding to classpath and loader: /Users/gaspa03/git/SV-APIBusinessOnBox/SV-CarsAPI/2018-09-28_10-03-59.395735
2018-09-28 10:04:05,344 INFO o.a.j.s.FileServer: Default base='/Users/gaspa03/git/SV-APIBusinessOnBox/SV-CarsAPI'
2018-09-28 10:04:05,353 INFO o.a.j.s.FileServer: Set new base='/Users/gaspa03/git/SV-APIBusinessOnBox/SV-CarsAPI/2018-09-28_10-03-59.395735'
2018-09-28 10:04:05,475 INFO o.a.j.s.SaveService: Testplan (JMX) version: 2.2. Testlog (JTL) version: 2.2
2018-09-28 10:04:05,491 INFO o.a.j.s.SaveService: Using SaveService properties file encoding UTF-8
2018-09-28 10:04:05,496 INFO o.a.j.s.SaveService: Using SaveService properties version 4.0
2018-09-28 10:04:05,502 INFO o.a.j.s.SaveService: Loading file: /Users/gaspa03/git/SV-APIBusinessOnBox/SV-CarsAPI/2018-09-28_10-03-59.395735/modified_requests.jmx
2018-09-28 10:04:05,554 INFO o.a.j.p.h.c.CacheManager: Will only cache the following methods: [GET]
2018-09-28 10:04:05,555 INFO o.a.j.p.h.c.CookieManager: Settings: Delete null: true Check: true Allow variable: true Save: false Prefix: COOKIE_
2018-09-28 10:04:05,570 INFO o.a.j.p.h.s.HTTPSamplerBase: Parser for text/html is org.apache.jmeter.protocol.http.parser.LagartoBasedHtmlParser
2018-09-28 10:04:05,570 INFO o.a.j.p.h.s.HTTPSamplerBase: Parser for application/xhtml+xml is org.apache.jmeter.protocol.http.parser.LagartoBasedHtmlParser
2018-09-28 10:04:05,570 INFO o.a.j.p.h.s.HTTPSamplerBase: Parser for application/xml is org.apache.jmeter.protocol.http.parser.LagartoBasedHtmlParser
2018-09-28 10:04:05,570 INFO o.a.j.p.h.s.HTTPSamplerBase: Parser for text/xml is org.apache.jmeter.protocol.http.parser.LagartoBasedHtmlParser
2018-09-28 10:04:05,570 INFO o.a.j.p.h.s.HTTPSamplerBase: Parser for text/vnd.wap.wml is org.apache.jmeter.protocol.http.parser.RegexpHTMLParser
2018-09-28 10:04:05,570 INFO o.a.j.p.h.s.HTTPSamplerBase: Parser for text/css is org.apache.jmeter.protocol.http.parser.CssParser
2018-09-28 10:04:05,599 INFO o.a.j.e.StandardJMeterEngine: Running the test!
2018-09-28 10:04:05,600 INFO o.a.j.s.SampleEvent: List of sample_variables: []
2018-09-28 10:04:05,600 INFO o.a.j.s.SampleEvent: List of sample_variables: []
2018-09-28 10:04:05,603 INFO o.a.j.e.u.CompoundVariable: Note: Function class names must contain the string: '.functions.'
2018-09-28 10:04:05,604 INFO o.a.j.e.u.CompoundVariable: Note: Function class names must not contain the string: '.gui.'
2018-09-28 10:04:06,005 INFO o.a.j.JMeter: Running test (1538121846005)
2018-09-28 10:04:06,071 INFO o.a.j.e.StandardJMeterEngine: Starting ThreadGroup: 1 : carsPerf
2018-09-28 10:04:06,071 INFO o.a.j.e.StandardJMeterEngine: Starting 200 threads for group carsPerf.
2018-09-28 10:04:06,071 INFO o.a.j.e.StandardJMeterEngine: Thread will continue on error
2018-09-28 10:04:06,076 INFO o.a.j.e.StandardJMeterEngine: All thread groups have been started
2018-09-28 10:04:06,076 INFO c.b.j.t.c.ConcurrencyThreadStarter: Start supplying threads
2018-09-28 10:04:06,158 INFO o.a.j.s.SampleResult: Note: Sample TimeStamps are START times
2018-09-28 10:04:06,158 INFO o.a.j.s.SampleResult: sampleresult.default.encoding is set to UTF-8
2018-09-28 10:04:06,159 INFO o.a.j.s.SampleResult: sampleresult.useNanoTime=true
2018-09-28 10:04:06,159 INFO o.a.j.s.SampleResult: sampleresult.nanoThreadSleep=5000
2018-09-28 10:04:06,160 INFO o.a.j.t.JMeterThread: Thread started: carsPerf 1-1
2018-09-28 10:04:06,184 INFO o.a.j.p.h.s.HTTPHCAbstractImpl: Local host = gaspa03mac
2018-09-28 10:04:06,190 INFO o.a.j.p.h.s.HTTPHC4Impl: HTTP request retry count = 0
2018-09-28 10:04:07,163 INFO o.a.j.t.JMeterThread: Thread started: carsPerf 1-2
2018-09-28 10:04:07,166 INFO o.a.j.t.JMeterThread: Thread started: carsPerf 1-3
2018-09-28 10:04:07,167 INFO o.a.j.t.JMeterThread: Thread started: carsPerf 1-4
2018-09-28 10:04:07,168 INFO o.a.j.t.JMeterThread: Thread started: carsPerf 1-5
2018-09-28 10:04:07,168 INFO o.a.j.t.JMeterThread: Thread started: carsPerf 1-6
2018-09-28 10:04:07,169 INFO o.a.j.t.JMeterThread: Thread started: carsPerf 1-7
2018-09-28 10:04:08,172 INFO o.a.j.t.JMeterThread: Thread started: carsPerf 1-8
2018-09-28 10:04:08,173 INFO o.a.j.t.JMeterThread: Thread started: carsPerf 1-9
2018-09-28 10:04:08,174 INFO o.a.j.t.JMeterThread: Thread started: carsPerf 1-10
2018-09-28 10:04:08,174 INFO o.a.j.t.JMeterThread: Thread started: carsPerf 1-11
2018-09-28 10:04:08,175 INFO o.a.j.t.JMeterThread: Thread started: carsPerf 1-12
2018-09-28 10:04:08,176 INFO o.a.j.t.JMeterThread: Thread started: carsPerf 1-13
2018-09-28 10:04:08,176 INFO o.a.j.t.JMeterThread: Thread started: carsPerf 1-14
2018-09-28 10:04:09,190 INFO o.a.j.t.JMeterThread: Thread started: carsPerf 1-16
2018-09-28 10:04:09,194 INFO o.a.j.t.JMeterThread: Thread started: carsPerf 1-17
2018-09-28 10:04:09,196 INFO o.a.j.t.JMeterThread: Thread started: carsPerf 1-18
2018-09-28 10:04:09,197 INFO o.a.j.t.JMeterThread: Thread started: carsPerf 1-19
2018-09-28 10:04:09,184 INFO o.a.j.t.JMeterThread: Thread started: carsPerf 1-15
2018-09-28 10:04:09,197 INFO o.a.j.t.JMeterThread: Thread started: carsPerf 1-20
2018-09-28 10:04:09,198 INFO o.a.j.t.JMeterThread: Thread started: carsPerf 1-21
2018-09-28 10:04:10,204 INFO o.a.j.t.JMeterThread: Thread started: carsPerf 1-22
2018-09-28 10:04:10,205 INFO o.a.j.t.JMeterThread: Thread started: carsPerf 1-23
2018-09-28 10:04:10,206 INFO o.a.j.t.JMeterThread: Thread started: carsPerf 1-24
2018-09-28 10:04:10,207 INFO o.a.j.t.JMeterThread: Thread started: carsPerf 1-25
2018-09-28 10:04:10,208 INFO o.a.j.t.JMeterThread: Thread started: carsPerf 1-26
2018-09-28 10:04:10,208 INFO o.a.j.t.JMeterThread: Thread started: carsPerf 1-27
2018-09-28 10:04:10,209 INFO o.a.j.t.JMeterThread: Thread started: carsPerf 1-28
2018-09-28 10:04:11,210 INFO o.a.j.t.JMeterThread: Thread started: carsPerf 1-29
2018-09-28 10:04:11,212 INFO o.a.j.t.JMeterThread: Thread started: carsPerf 1-31
2018-09-28 10:04:11,212 INFO o.a.j.t.JMeterThread: Thread started: carsPerf 1-30
2018-09-28 10:04:11,213 INFO o.a.j.t.JMeterThread: Thread started: carsPerf 1-32
2018-09-28 10:04:11,214 INFO o.a.j.t.JMeterThread: Thread started: carsPerf 1-33
2018-09-28 10:04:11,215 INFO o.a.j.t.JMeterThread: Thread started: carsPerf 1-34
2018-09-28 10:04:12,217 INFO o.a.j.t.JMeterThread: Thread started: carsPerf 1-35
2018-09-28 10:04:12,217 INFO o.a.j.t.JMeterThread: Thread started: carsPerf 1-36
2018-09-28 10:04:12,218 INFO o.a.j.t.JMeterThread: Thread started: carsPerf 1-37
2018-09-28 10:04:12,218 INFO o.a.j.t.JMeterThread: Thread started: carsPerf 1-38
2018-09-28 10:04:12,219 INFO o.a.j.t.JMeterThread: Thread started: carsPerf 1-39
2018-09-28 10:04:12,219 INFO o.a.j.t.JMeterThread: Thread started: carsPerf 1-40
2018-09-28 10:04:12,219 INFO o.a.j.t.JMeterThread: Thread started: carsPerf 1-41
2018-09-28 10:04:13,220 INFO o.a.j.t.JMeterThread: Thread started: carsPerf 1-42
2018-09-28 10:04:13,221 INFO o.a.j.t.JMeterThread: Thread started: carsPerf 1-43
2018-09-28 10:04:13,221 INFO o.a.j.t.JMeterThread: Thread started: carsPerf 1-44
2018-09-28 10:04:13,221 INFO o.a.j.t.JMeterThread: Thread started: carsPerf 1-45
2018-09-28 10:04:13,222 INFO o.a.j.t.JMeterThread: Thread started: carsPerf 1-46
2018-09-28 10:04:13,222 INFO o.a.j.t.JMeterThread: Thread started: carsPerf 1-47
2018-09-28 10:04:13,222 INFO o.a.j.t.JMeterThread: Thread started: carsPerf 1-48
2018-09-28 10:04:14,227 INFO o.a.j.t.JMeterThread: Thread started: carsPerf 1-49
2018-09-28 10:04:14,227 INFO o.a.j.t.JMeterThread: Thread started: carsPerf 1-50
2018-09-28 10:04:14,227 INFO o.a.j.t.JMeterThread: Thread started: carsPerf 1-51
2018-09-28 10:04:14,228 INFO o.a.j.t.JMeterThread: Thread started: carsPerf 1-52
2018-09-28 10:04:14,228 INFO o.a.j.t.JMeterThread: Thread started: carsPerf 1-53
2018-09-28 10:04:14,229 INFO o.a.j.t.JMeterThread: Thread started: carsPerf 1-54
2018-09-28 10:04:15,232 INFO o.a.j.t.JMeterThread: Thread started: carsPerf 1-55
2018-09-28 10:04:15,232 INFO o.a.j.t.JMeterThread: Thread started: carsPerf 1-56
2018-09-28 10:04:15,232 INFO o.a.j.t.JMeterThread: Thread started: carsPerf 1-57
2018-09-28 10:04:15,233 INFO o.a.j.t.JMeterThread: Thread started: carsPerf 1-58
2018-09-28 10:04:15,233 INFO o.a.j.t.JMeterThread: Thread started: carsPerf 1-59
2018-09-28 10:04:15,233 INFO o.a.j.t.JMeterThread: Thread started: carsPerf 1-60
2018-09-28 10:04:15,234 INFO o.a.j.t.JMeterThread: Thread started: carsPerf 1-61
2018-09-28 10:04:16,280 INFO o.a.j.t.JMeterThread: Thread started: carsPerf 1-62
2018-09-28 10:04:16,280 INFO o.a.j.t.JMeterThread: Thread started: carsPerf 1-63
2018-09-28 10:04:16,281 INFO o.a.j.t.JMeterThread: Thread started: carsPerf 1-64
2018-09-28 10:04:16,281 INFO o.a.j.t.JMeterThread: Thread started: carsPerf 1-65
2018-09-28 10:04:16,282 INFO o.a.j.t.JMeterThread: Thread started: carsPerf 1-66
2018-09-28 10:04:16,282 INFO o.a.j.t.JMeterThread: Thread started: carsPerf 1-67
2018-09-28 10:04:16,283 INFO o.a.j.t.JMeterThread: Thread started: carsPerf 1-68
2018-09-28 10:04:17,287 INFO o.a.j.t.JMeterThread: Thread started: carsPerf 1-69
2018-09-28 10:04:17,287 INFO o.a.j.t.JMeterThread: Thread started: carsPerf 1-70
2018-09-28 10:04:17,288 INFO o.a.j.t.JMeterThread: Thread started: carsPerf 1-71
2018-09-28 10:04:17,288 INFO o.a.j.t.JMeterThread: Thread started: carsPerf 1-72
2018-09-28 10:04:17,288 INFO o.a.j.t.JMeterThread: Thread started: carsPerf 1-73
2018-09-28 10:04:17,289 INFO o.a.j.t.JMeterThread: Thread started: carsPerf 1-74
2018-09-28 10:04:17,289 INFO o.a.j.t.JMeterThread: Thread started: carsPerf 1-75
2018-09-28 10:04:18,292 INFO o.a.j.t.JMeterThread: Thread started: carsPerf 1-76
2018-09-28 10:04:18,292 INFO o.a.j.t.JMeterThread: Thread started: carsPerf 1-77
2018-09-28 10:04:18,293 INFO o.a.j.t.JMeterThread: Thread started: carsPerf 1-78
2018-09-28 10:04:18,293 INFO o.a.j.t.JMeterThread: Thread started: carsPerf 1-79
2018-09-28 10:04:18,293 INFO o.a.j.t.JMeterThread: Thread started: carsPerf 1-80
2018-09-28 10:04:18,294 INFO o.a.j.t.JMeterThread: Thread started: carsPerf 1-81
2018-09-28 10:04:19,298 INFO o.a.j.t.JMeterThread: Thread started: carsPerf 1-82
2018-09-28 10:04:19,298 INFO o.a.j.t.JMeterThread: Thread started: carsPerf 1-83
2018-09-28 10:04:19,298 INFO o.a.j.t.JMeterThread: Thread started: carsPerf 1-84
2018-09-28 10:04:19,299 INFO o.a.j.t.JMeterThread: Thread started: carsPerf 1-85
2018-09-28 10:04:19,299 INFO o.a.j.t.JMeterThread: Thread started: carsPerf 1-86
2018-09-28 10:04:19,300 INFO o.a.j.t.JMeterThread: Thread started: carsPerf 1-87
2018-09-28 10:04:19,300 INFO o.a.j.t.JMeterThread: Thread started: carsPerf 1-88
2018-09-28 10:04:20,305 INFO o.a.j.t.JMeterThread: Thread started: carsPerf 1-89
2018-09-28 10:04:20,308 INFO o.a.j.t.JMeterThread: Thread started: carsPerf 1-90
2018-09-28 10:04:20,310 INFO o.a.j.t.JMeterThread: Thread started: carsPerf 1-91
2018-09-28 10:04:20,312 INFO o.a.j.t.JMeterThread: Thread started: carsPerf 1-92
2018-09-28 10:04:20,312 INFO o.a.j.t.JMeterThread: Thread started: carsPerf 1-93
2018-09-28 10:04:20,313 INFO o.a.j.t.JMeterThread: Thread started: carsPerf 1-94
2018-09-28 10:04:20,315 INFO o.a.j.t.JMeterThread: Thread started: carsPerf 1-95
2018-09-28 10:04:21,318 INFO o.a.j.t.JMeterThread: Thread started: carsPerf 1-96
2018-09-28 10:04:21,318 INFO o.a.j.t.JMeterThread: Thread started: carsPerf 1-97
2018-09-28 10:04:21,318 INFO o.a.j.t.JMeterThread: Thread started: carsPerf 1-98
2018-09-28 10:04:21,319 INFO o.a.j.t.JMeterThread: Thread started: carsPerf 1-99
2018-09-28 10:04:21,319 INFO o.a.j.t.JMeterThread: Thread started: carsPerf 1-100
2018-09-28 10:04:21,319 INFO o.a.j.t.JMeterThread: Thread started: carsPerf 1-101
2018-09-28 10:04:21,320 INFO o.a.j.t.JMeterThread: Thread started: carsPerf 1-102
2018-09-28 10:04:22,325 INFO o.a.j.t.JMeterThread: Thread started: carsPerf 1-103
2018-09-28 10:04:22,325 INFO o.a.j.t.JMeterThread: Thread started: carsPerf 1-104
2018-09-28 10:04:22,325 INFO o.a.j.t.JMeterThread: Thread started: carsPerf 1-105
2018-09-28 10:04:22,326 INFO o.a.j.t.JMeterThread: Thread started: carsPerf 1-106
2018-09-28 10:04:22,326 INFO o.a.j.t.JMeterThread: Thread started: carsPerf 1-107
2018-09-28 10:04:22,326 INFO o.a.j.t.JMeterThread: Thread started: carsPerf 1-108
2018-09-28 10:04:23,329 INFO o.a.j.t.JMeterThread: Thread started: carsPerf 1-109
2018-09-28 10:04:23,329 INFO o.a.j.t.JMeterThread: Thread started: carsPerf 1-110
2018-09-28 10:04:23,330 INFO o.a.j.t.JMeterThread: Thread started: carsPerf 1-111
2018-09-28 10:04:23,330 INFO o.a.j.t.JMeterThread: Thread started: carsPerf 1-112
2018-09-28 10:04:23,330 INFO o.a.j.t.JMeterThread: Thread started: carsPerf 1-113
2018-09-28 10:04:23,330 INFO o.a.j.t.JMeterThread: Thread started: carsPerf 1-114
2018-09-28 10:04:23,331 INFO o.a.j.t.JMeterThread: Thread started: carsPerf 1-115
2018-09-28 10:04:24,334 INFO o.a.j.t.JMeterThread: Thread started: carsPerf 1-116
2018-09-28 10:04:24,334 INFO o.a.j.t.JMeterThread: Thread started: carsPerf 1-118
2018-09-28 10:04:24,334 INFO o.a.j.t.JMeterThread: Thread started: carsPerf 1-117
2018-09-28 10:04:24,334 INFO o.a.j.t.JMeterThread: Thread started: carsPerf 1-119
2018-09-28 10:04:24,335 INFO o.a.j.t.JMeterThread: Thread started: carsPerf 1-120
2018-09-28 10:04:24,335 INFO o.a.j.t.JMeterThread: Thread started: carsPerf 1-121
2018-09-28 10:04:24,336 INFO o.a.j.t.JMeterThread: Thread started: carsPerf 1-122
2018-09-28 10:04:25,341 INFO o.a.j.t.JMeterThread: Thread started: carsPerf 1-123
2018-09-28 10:04:25,342 INFO o.a.j.t.JMeterThread: Thread started: carsPerf 1-124
2018-09-28 10:04:25,342 INFO o.a.j.t.JMeterThread: Thread started: carsPerf 1-125
2018-09-28 10:04:25,343 INFO o.a.j.t.JMeterThread: Thread started: carsPerf 1-126
2018-09-28 10:04:25,343 INFO o.a.j.t.JMeterThread: Thread started: carsPerf 1-127
2018-09-28 10:04:25,344 INFO o.a.j.t.JMeterThread: Thread started: carsPerf 1-128
2018-09-28 10:04:26,346 INFO o.a.j.t.JMeterThread: Thread started: carsPerf 1-129
2018-09-28 10:04:26,346 INFO o.a.j.t.JMeterThread: Thread started: carsPerf 1-130
2018-09-28 10:04:26,347 INFO o.a.j.t.JMeterThread: Thread started: carsPerf 1-131
2018-09-28 10:04:26,347 INFO o.a.j.t.JMeterThread: Thread started: carsPerf 1-132
2018-09-28 10:04:26,348 INFO o.a.j.t.JMeterThread: Thread started: carsPerf 1-133
2018-09-28 10:04:26,348 INFO o.a.j.t.JMeterThread: Thread started: carsPerf 1-134
2018-09-28 10:04:26,348 INFO o.a.j.t.JMeterThread: Thread started: carsPerf 1-135
2018-09-28 10:04:27,354 INFO o.a.j.t.JMeterThread: Thread started: carsPerf 1-136
2018-09-28 10:04:27,354 INFO o.a.j.t.JMeterThread: Thread started: carsPerf 1-137
2018-09-28 10:04:27,354 INFO o.a.j.t.JMeterThread: Thread started: carsPerf 1-138
2018-09-28 10:04:27,354 INFO o.a.j.t.JMeterThread: Thread started: carsPerf 1-139
2018-09-28 10:04:27,355 INFO o.a.j.t.JMeterThread: Thread started: carsPerf 1-140
2018-09-28 10:04:27,355 INFO o.a.j.t.JMeterThread: Thread started: carsPerf 1-141
2018-09-28 10:04:27,356 INFO o.a.j.t.JMeterThread: Thread started: carsPerf 1-142
2018-09-28 10:04:28,361 INFO o.a.j.t.JMeterThread: Thread started: carsPerf 1-143
2018-09-28 10:04:28,361 INFO o.a.j.t.JMeterThread: Thread started: carsPerf 1-144
2018-09-28 10:04:28,361 INFO o.a.j.t.JMeterThread: Thread started: carsPerf 1-145
2018-09-28 10:04:28,362 INFO o.a.j.t.JMeterThread: Thread started: carsPerf 1-146
2018-09-28 10:04:28,363 INFO o.a.j.t.JMeterThread: Thread started: carsPerf 1-147
2018-09-28 10:04:28,364 INFO o.a.j.t.JMeterThread: Thread started: carsPerf 1-148
2018-09-28 10:04:28,364 INFO o.a.j.t.JMeterThread: Thread started: carsPerf 1-149
2018-09-28 10:04:29,368 INFO o.a.j.t.JMeterThread: Thread started: carsPerf 1-150
2018-09-28 10:04:29,368 INFO o.a.j.t.JMeterThread: Thread started: carsPerf 1-151
2018-09-28 10:04:29,368 INFO o.a.j.t.JMeterThread: Thread started: carsPerf 1-152
2018-09-28 10:04:29,369 INFO o.a.j.t.JMeterThread: Thread started: carsPerf 1-153
2018-09-28 10:04:29,369 INFO o.a.j.t.JMeterThread: Thread started: carsPerf 1-154
2018-09-28 10:04:29,369 INFO o.a.j.t.JMeterThread: Thread started: carsPerf 1-155
2018-09-28 10:04:30,372 INFO o.a.j.t.JMeterThread: Thread started: carsPerf 1-156
2018-09-28 10:04:30,372 INFO o.a.j.t.JMeterThread: Thread started: carsPerf 1-157
2018-09-28 10:04:30,372 INFO o.a.j.t.JMeterThread: Thread started: carsPerf 1-158
2018-09-28 10:04:30,373 INFO o.a.j.t.JMeterThread: Thread started: carsPerf 1-159
2018-09-28 10:04:30,373 INFO o.a.j.t.JMeterThread: Thread started: carsPerf 1-160
2018-09-28 10:04:30,373 INFO o.a.j.t.JMeterThread: Thread started: carsPerf 1-161
2018-09-28 10:04:30,373 INFO o.a.j.t.JMeterThread: Thread started: carsPerf 1-162
2018-09-28 10:04:31,376 INFO o.a.j.t.JMeterThread: Thread started: carsPerf 1-164
2018-09-28 10:04:31,376 INFO o.a.j.t.JMeterThread: Thread started: carsPerf 1-165
2018-09-28 10:04:31,376 INFO o.a.j.t.JMeterThread: Thread started: carsPerf 1-163
2018-09-28 10:04:31,377 INFO o.a.j.t.JMeterThread: Thread started: carsPerf 1-166
2018-09-28 10:04:31,377 INFO o.a.j.t.JMeterThread: Thread started: carsPerf 1-167
2018-09-28 10:04:31,377 INFO o.a.j.t.JMeterThread: Thread started: carsPerf 1-168
2018-09-28 10:04:31,377 INFO o.a.j.t.JMeterThread: Thread started: carsPerf 1-169
2018-09-28 10:04:32,383 INFO o.a.j.t.JMeterThread: Thread started: carsPerf 1-171
2018-09-28 10:04:32,383 INFO o.a.j.t.JMeterThread: Thread started: carsPerf 1-170
2018-09-28 10:04:32,383 INFO o.a.j.t.JMeterThread: Thread started: carsPerf 1-172
2018-09-28 10:04:32,383 INFO o.a.j.t.JMeterThread: Thread started: carsPerf 1-173
2018-09-28 10:04:32,383 INFO o.a.j.t.JMeterThread: Thread started: carsPerf 1-174
2018-09-28 10:04:32,384 INFO o.a.j.t.JMeterThread: Thread started: carsPerf 1-175
2018-09-28 10:04:33,384 INFO o.a.j.t.JMeterThread: Thread started: carsPerf 1-176
2018-09-28 10:04:33,385 INFO o.a.j.t.JMeterThread: Thread started: carsPerf 1-177
2018-09-28 10:04:33,385 INFO o.a.j.t.JMeterThread: Thread started: carsPerf 1-178
2018-09-28 10:04:33,385 INFO o.a.j.t.JMeterThread: Thread started: carsPerf 1-179
2018-09-28 10:04:33,386 INFO o.a.j.t.JMeterThread: Thread started: carsPerf 1-180
2018-09-28 10:04:33,386 INFO o.a.j.t.JMeterThread: Thread started: carsPerf 1-181
2018-09-28 10:04:33,386 INFO o.a.j.t.JMeterThread: Thread started: carsPerf 1-182
2018-09-28 10:04:34,391 INFO o.a.j.t.JMeterThread: Thread started: carsPerf 1-183
2018-09-28 10:04:34,391 INFO o.a.j.t.JMeterThread: Thread started: carsPerf 1-184
2018-09-28 10:04:34,391 INFO o.a.j.t.JMeterThread: Thread started: carsPerf 1-185
2018-09-28 10:04:34,392 INFO o.a.j.t.JMeterThread: Thread started: carsPerf 1-186
2018-09-28 10:04:34,392 INFO o.a.j.t.JMeterThread: Thread started: carsPerf 1-187
2018-09-28 10:04:34,392 INFO o.a.j.t.JMeterThread: Thread started: carsPerf 1-188
2018-09-28 10:04:34,392 INFO o.a.j.t.JMeterThread: Thread started: carsPerf 1-189
2018-09-28 10:04:35,397 INFO o.a.j.t.JMeterThread: Thread started: carsPerf 1-190
2018-09-28 10:04:35,397 INFO o.a.j.t.JMeterThread: Thread started: carsPerf 1-191
2018-09-28 10:04:35,398 INFO o.a.j.t.JMeterThread: Thread started: carsPerf 1-192
2018-09-28 10:04:35,398 INFO o.a.j.t.JMeterThread: Thread started: carsPerf 1-193
2018-09-28 10:04:35,398 INFO o.a.j.t.JMeterThread: Thread started: carsPerf 1-194
2018-09-28 10:04:35,399 INFO o.a.j.t.JMeterThread: Thread started: carsPerf 1-195
2018-09-28 10:04:36,404 INFO o.a.j.t.JMeterThread: Thread started: carsPerf 1-196
2018-09-28 10:04:36,404 INFO o.a.j.t.JMeterThread: Thread started: carsPerf 1-197
2018-09-28 10:04:36,404 INFO o.a.j.t.JMeterThread: Thread started: carsPerf 1-198
2018-09-28 10:04:36,405 INFO o.a.j.t.JMeterThread: Thread started: carsPerf 1-199
2018-09-28 10:04:36,405 INFO o.a.j.t.JMeterThread: Thread started: carsPerf 1-200
2018-09-28 10:04:36,540 INFO o.a.j.JMeter: Command: Shutdown received from /127.0.0.1
2018-09-28 10:04:36,541 INFO o.a.j.t.JMeterThread: Thread is done: carsPerf 1-28
2018-09-28 10:04:36,541 WARN o.a.j.t.JMeterThread: Interrupting: carsPerf 1-102 sampler: http://gaspa03mac.local:7901/inventory/carInventory/2T1KR32EERATDH
2018-09-28 10:04:36,542 INFO c.b.j.t.c.ConcurrencyThreadStarter: Done supplying threads
2018-09-28 10:04:36,542 INFO o.a.j.t.JMeterThread: Thread finished: carsPerf 1-28
2018-09-28 10:04:36,542 INFO o.a.j.t.JMeterThread: Thread is done: carsPerf 1-63
2018-09-28 10:04:36,542 INFO o.a.j.t.JMeterThread: Thread is done: carsPerf 1-6
2018-09-28 10:04:36,543 INFO o.a.j.t.JMeterThread: Thread is done: carsPerf 1-16
2018-09-28 10:04:36,543 INFO o.a.j.t.JMeterThread: Thread is done: carsPerf 1-97
2018-09-28 10:04:36,542 INFO o.a.j.t.JMeterThread: Thread finished: carsPerf 1-63
2018-09-28 10:04:36,543 INFO o.a.j.t.JMeterThread: Thread is done: carsPerf 1-45
2018-09-28 10:04:36,543 INFO o.a.j.t.JMeterThread: Thread finished: carsPerf 1-45
2018-09-28 10:04:36,543 INFO o.a.j.t.JMeterThread: Thread finished: carsPerf 1-97
2018-09-28 10:04:36,543 INFO o.a.j.t.JMeterThread: Thread is done: carsPerf 1-179
2018-09-28 10:04:36,543 INFO o.a.j.t.JMeterThread: Thread finished: carsPerf 1-16
2018-09-28 10:04:36,543 INFO o.a.j.t.JMeterThread: Thread is done: carsPerf 1-62
2018-09-28 10:04:36,547 INFO o.a.j.t.JMeterThread: Thread is done: carsPerf 1-183
2018-09-28 10:04:36,547 INFO o.a.j.t.JMeterThread: Thread is done: carsPerf 1-180
2018-09-28 10:04:36,547 INFO o.a.j.t.JMeterThread: Thread is done: carsPerf 1-186
2018-09-28 10:04:36,547 INFO o.a.j.t.JMeterThread: Thread is done: carsPerf 1-110
2018-09-28 10:04:36,547 INFO o.a.j.t.JMeterThread: Thread finished: carsPerf 1-186
2018-09-28 10:04:36,547 INFO o.a.j.t.JMeterThread: Thread finished: carsPerf 1-110
2018-09-28 10:04:36,546 INFO o.a.j.t.JMeterThread: Thread is done: carsPerf 1-15
2018-09-28 10:04:36,547 INFO o.a.j.t.JMeterThread: Thread finished: carsPerf 1-15
2018-09-28 10:04:36,542 INFO o.a.j.t.JMeterThread: Thread finished: carsPerf 1-6
2018-09-28 10:04:36,547 INFO o.a.j.t.JMeterThread: Thread is done: carsPerf 1-182
2018-09-28 10:04:36,547 WARN o.a.j.t.JMeterThread: Interrupting: carsPerf 1-195 sampler: http://gaspa03mac.local:7901/inventory/carMake/index.json
2018-09-28 10:04:36,548 INFO o.a.j.t.JMeterThread: Thread is done: carsPerf 1-124
2018-09-28 10:04:36,548 INFO o.a.j.t.JMeterThread: Thread finished: carsPerf 1-182
2018-09-28 10:04:36,547 INFO o.a.j.t.JMeterThread: Thread is done: carsPerf 1-13
2018-09-28 10:04:36,549 INFO o.a.j.t.JMeterThread: Thread finished: carsPerf 1-179
2018-09-28 10:04:36,549 INFO o.a.j.t.JMeterThread: Thread is done: carsPerf 1-47
2018-09-28 10:04:36,547 INFO o.a.j.t.JMeterThread: Thread is done: carsPerf 1-34
2018-09-28 10:04:36,550 INFO o.a.j.t.JMeterThread: Thread finished: carsPerf 1-47
2018-09-28 10:04:36,550 INFO o.a.j.t.JMeterThread: Thread finished: carsPerf 1-34
2018-09-28 10:04:36,547 INFO o.a.j.t.JMeterThread: Thread is done: carsPerf 1-185
2018-09-28 10:04:36,550 INFO o.a.j.t.JMeterThread: Thread finished: carsPerf 1-185
2018-09-28 10:04:36,547 INFO o.a.j.t.JMeterThread: Thread finished: carsPerf 1-180
2018-09-28 10:04:36,547 INFO o.a.j.t.JMeterThread: Thread finished: carsPerf 1-183
2018-09-28 10:04:36,550 INFO o.a.j.t.JMeterThread: Thread is done: carsPerf 1-181
2018-09-28 10:04:36,550 WARN o.a.j.t.JMeterThread: Interrupting: carsPerf 1-73 sampler: http://gaspa03mac.local:7901/inventory/carMake/3/models.json
2018-09-28 10:04:36,550 INFO o.a.j.t.JMeterThread: Thread finished: carsPerf 1-181
2018-09-28 10:04:36,547 INFO o.a.j.t.JMeterThread: Thread is done: carsPerf 1-189
2018-09-28 10:04:36,551 INFO o.a.j.t.JMeterThread: Thread finished: carsPerf 1-189
2018-09-28 10:04:36,547 INFO o.a.j.t.JMeterThread: Thread is done: carsPerf 1-41
2018-09-28 10:04:36,547 INFO o.a.j.t.JMeterThread: Thread finished: carsPerf 1-62
2018-09-28 10:04:36,552 INFO o.a.j.t.JMeterThread: Thread is done: carsPerf 1-178
2018-09-28 10:04:36,552 INFO o.a.j.t.JMeterThread: Thread finished: carsPerf 1-178
2018-09-28 10:04:36,552 INFO o.a.j.t.JMeterThread: Thread is done: carsPerf 1-159
2018-09-28 10:04:36,552 INFO o.a.j.t.JMeterThread: Thread finished: carsPerf 1-159
2018-09-28 10:04:36,551 INFO o.a.j.t.JMeterThread: Thread is done: carsPerf 1-177
2018-09-28 10:04:36,552 INFO o.a.j.t.JMeterThread: Thread finished: carsPerf 1-177
2018-09-28 10:04:36,552 INFO o.a.j.t.JMeterThread: Thread is done: carsPerf 1-116
2018-09-28 10:04:36,552 INFO o.a.j.t.JMeterThread: Thread finished: carsPerf 1-116
2018-09-28 10:04:36,549 INFO o.a.j.t.JMeterThread: Thread finished: carsPerf 1-13
2018-09-28 10:04:36,552 WARN o.a.j.t.JMeterThread: Interrupting: carsPerf 1-156 sampler: http://gaspa03mac.local:7901/inventory/carMake/index.json
2018-09-28 10:04:36,549 INFO o.a.j.t.JMeterThread: Thread is done: carsPerf 1-191
2018-09-28 10:04:36,553 INFO o.a.j.t.JMeterThread: Thread finished: carsPerf 1-191
2018-09-28 10:04:36,548 INFO o.a.j.t.JMeterThread: Thread is done: carsPerf 1-31
2018-09-28 10:04:36,554 INFO o.a.j.t.JMeterThread: Thread finished: carsPerf 1-31
2018-09-28 10:04:36,554 INFO o.a.j.t.JMeterThread: Thread finished: carsPerf 1-124
2018-09-28 10:04:36,551 INFO o.a.j.t.JMeterThread: Thread finished: carsPerf 1-41
2018-09-28 10:04:36,552 INFO o.a.j.t.JMeterThread: Thread is done: carsPerf 1-158
2018-09-28 10:04:36,554 INFO o.a.j.t.JMeterThread: Thread finished: carsPerf 1-158
2018-09-28 10:04:36,561 WARN o.a.j.t.JMeterThread: Interrupting: carsPerf 1-173 sampler: http://gaspa03mac.local:7901/inventory/carMake/2/models.json
2018-09-28 10:04:36,564 WARN o.a.j.t.JMeterThread: Interrupting: carsPerf 1-118 sampler: http://gaspa03mac.local:7901/inventory/carMake/index.json
2018-09-28 10:04:36,565 WARN o.a.j.t.JMeterThread: Interrupting: carsPerf 1-76 sampler: http://gaspa03mac.local:7901/inventory/carMake/3/models.json
2018-09-28 10:04:36,566 WARN o.a.j.t.JMeterThread: Interrupting: carsPerf 1-105 sampler: http://gaspa03mac.local:7901/inventory/carInventory/2T1KR32E37C639014
2018-09-28 10:04:36,568 WARN o.a.j.t.JMeterThread: Interrupting: carsPerf 1-101 sampler: http://gaspa03mac.local:7901/inventory/carMake/index.json
2018-09-28 10:04:36,568 WARN o.a.j.t.JMeterThread: Interrupting: carsPerf 1-56 sampler: http://gaspa03mac.local:7901/inventory/carMake/2/models.json
2018-09-28 10:04:36,569 WARN o.a.j.t.JMeterThread: Interrupting: carsPerf 1-88 sampler: http://gaspa03mac.local:7901/inventory/carMake/index.json
2018-09-28 10:04:36,569 WARN o.a.j.t.JMeterThread: Interrupting: carsPerf 1-157 sampler: http://gaspa03mac.local:7901/inventory/carMake/index.json
2018-09-28 10:04:36,571 WARN o.a.j.t.JMeterThread: Interrupting: carsPerf 1-200 sampler: http://gaspa03mac.local:7901/inventory/carMake/2/models.json
2018-09-28 10:04:36,572 WARN o.a.j.t.JMeterThread: Interrupting: carsPerf 1-134 sampler: http://gaspa03mac.local:7901/inventory/carMake/index.json
2018-09-28 10:04:36,572 WARN o.a.j.t.JMeterThread: Interrupting: carsPerf 1-58 sampler: http://gaspa03mac.local:7901/inventory/carMake/index.json
2018-09-28 10:04:36,573 WARN o.a.j.t.JMeterThread: Interrupting: carsPerf 1-32 sampler: http://gaspa03mac.local:7901/inventory/carInventory/2T1KR32EERATDH
2018-09-28 10:04:36,574 WARN o.a.j.t.JMeterThread: Interrupting: carsPerf 1-150 sampler: http://gaspa03mac.local:7901/inventory/carMake/3/models.json
2018-09-28 10:04:36,574 WARN o.a.j.t.JMeterThread: Interrupting: carsPerf 1-100 sampler: http://gaspa03mac.local:7901/inventory/carMake/3/models.json
2018-09-28 10:04:36,575 WARN o.a.j.t.JMeterThread: Interrupting: carsPerf 1-190 sampler: http://gaspa03mac.local:7901/inventory/carMake/index.json
2018-09-28 10:04:36,576 WARN o.a.j.t.JMeterThread: Interrupting: carsPerf 1-142 sampler: http://gaspa03mac.local:7901/inventory/carInventory/2T1KR32E37C639014
2018-09-28 10:04:36,578 WARN o.a.j.t.JMeterThread: Interrupting: carsPerf 1-198 sampler: http://gaspa03mac.local:7901/inventory/carMake/2/models.json
2018-09-28 10:04:36,578 WARN o.a.j.t.JMeterThread: Interrupting: carsPerf 1-39 sampler: http://gaspa03mac.local:7901/inventory/carInventory/2T1KR32E37C639014
2018-09-28 10:04:36,580 WARN o.a.j.t.JMeterThread: Interrupting: carsPerf 1-91 sampler: http://gaspa03mac.local:7901/inventory/carInventory/2T1KR32EERATDH
2018-09-28 10:04:36,582 WARN o.a.j.t.JMeterThread: Interrupting: carsPerf 1-42 sampler: http://gaspa03mac.local:7901/inventory/carInventory/2T1KR32EERATDH
2018-09-28 10:04:36,583 WARN o.a.j.t.JMeterThread: Interrupting: carsPerf 1-184 sampler: http://gaspa03mac.local:7901/inventory/carInventory/2T1KR32E37C639014
2018-09-28 10:04:36,583 WARN o.a.j.t.JMeterThread: Interrupting: carsPerf 1-153 sampler: http://gaspa03mac.local:7901/inventory/carMake/3/models.json
2018-09-28 10:04:36,583 WARN o.a.j.t.JMeterThread: Interrupting: carsPerf 1-175 sampler: http://gaspa03mac.local:7901/inventory/carMake/1/models.json
2018-09-28 10:04:36,584 WARN o.a.j.t.JMeterThread: Interrupting: carsPerf 1-188 sampler: http://gaspa03mac.local:7901/inventory/carInventory/2T1KR32E37C639014
2018-09-28 10:04:36,584 WARN o.a.j.t.JMeterThread: Interrupting: carsPerf 1-65 sampler: http://gaspa03mac.local:7901/inventory/carMake/1/models.json
2018-09-28 10:04:36,585 WARN o.a.j.t.JMeterThread: Interrupting: carsPerf 1-165 sampler: http://gaspa03mac.local:7901/inventory/carMake/3/models.json
2018-09-28 10:04:36,586 WARN o.a.j.t.JMeterThread: Interrupting: carsPerf 1-168 sampler: http://gaspa03mac.local:7901/inventory/carMake/3/models.json
2018-09-28 10:04:36,586 WARN o.a.j.t.JMeterThread: Interrupting: carsPerf 1-85 sampler: http://gaspa03mac.local:7901/inventory/carMake/index.json
2018-09-28 10:04:36,588 WARN o.a.j.t.JMeterThread: Interrupting: carsPerf 1-115 sampler: http://gaspa03mac.local:7901/inventory/carInventory/2T1KR32E37C639014
2018-09-28 10:04:36,588 WARN o.a.j.t.JMeterThread: Interrupting: carsPerf 1-128 sampler: http://gaspa03mac.local:7901/inventory/carMake/2/models.json
2018-09-28 10:04:36,589 WARN o.a.j.t.JMeterThread: Interrupting: carsPerf 1-71 sampler: http://gaspa03mac.local:7901/inventory/carMake/2/models.json
2018-09-28 10:04:36,590 WARN o.a.j.t.JMeterThread: Interrupting: carsPerf 1-139 sampler: http://gaspa03mac.local:7901/inventory/carInventory/2T1KR32E37C639014
2018-09-28 10:04:36,590 WARN o.a.j.t.JMeterThread: Interrupting: carsPerf 1-25 sampler: http://gaspa03mac.local:7901/inventory/carInventory/2T1KR32EERATDH
2018-09-28 10:04:36,591 WARN o.a.j.t.JMeterThread: Interrupting: carsPerf 1-170 sampler: http://gaspa03mac.local:7901/inventory/carMake/1/models.json
2018-09-28 10:04:36,592 WARN o.a.j.t.JMeterThread: Interrupting: carsPerf 1-106 sampler: http://gaspa03mac.local:7901/inventory/carInventory/2T1KR32EERATDH
2018-09-28 10:04:36,592 WARN o.a.j.t.JMeterThread: Interrupting: carsPerf 1-109 sampler: http://gaspa03mac.local:7901/inventory/carInventory/2T1KR32EERATDH
2018-09-28 10:04:36,593 WARN o.a.j.t.JMeterThread: Interrupting: carsPerf 1-12 sampler: http://gaspa03mac.local:7901/inventory/carMake/2/models.json
2018-09-28 10:04:36,594 WARN o.a.j.t.JMeterThread: Interrupting: carsPerf 1-119 sampler: http://gaspa03mac.local:7901/inventory/carMake/index.json
2018-09-28 10:04:36,596 WARN o.a.j.t.JMeterThread: Interrupting: carsPerf 1-135 sampler: http://gaspa03mac.local:7901/inventory/carMake/3/models.json
2018-09-28 10:04:36,596 WARN o.a.j.t.JMeterThread: Interrupting: carsPerf 1-4 sampler: http://gaspa03mac.local:7901/inventory/carMake/3/models.json
2018-09-28 10:04:36,597 WARN o.a.j.t.JMeterThread: Interrupting: carsPerf 1-70 sampler: http://gaspa03mac.local:7901/inventory/carMake/2/models.json
2018-09-28 10:04:36,597 WARN o.a.j.t.JMeterThread: Interrupting: carsPerf 1-141 sampler: http://gaspa03mac.local:7901/inventory/carInventory/2T1KR32E37C639014
2018-09-28 10:04:36,597 WARN o.a.j.t.JMeterThread: Interrupting: carsPerf 1-43 sampler: http://gaspa03mac.local:7901/inventory/carMake/index.json
2018-09-28 10:04:36,597 WARN o.a.j.t.JMeterThread: Interrupting: carsPerf 1-122 sampler: http://gaspa03mac.local:7901/inventory/carInventory/2T1KR32EERATDH
2018-09-28 10:04:36,597 WARN o.a.j.t.JMeterThread: Interrupting: carsPerf 1-95 sampler: http://gaspa03mac.local:7901/inventory/carInventory/2T1KR32E37C639014
2018-09-28 10:04:36,597 WARN o.a.j.t.JMeterThread: Interrupting: carsPerf 1-113 sampler: http://gaspa03mac.local:7901/inventory/carInventory/2T1KR32E37C639014
2018-09-28 10:04:36,598 WARN o.a.j.t.JMeterThread: Interrupting: carsPerf 1-155 sampler: http://gaspa03mac.local:7901/inventory/carMake/3/models.json
2018-09-28 10:04:36,598 WARN o.a.j.t.JMeterThread: Interrupting: carsPerf 1-140 sampler: http://gaspa03mac.local:7901/inventory/carInventory/2T1KR32E37C639014
2018-09-28 10:04:36,598 WARN o.a.j.t.JMeterThread: Interrupting: carsPerf 1-24 sampler: http://gaspa03mac.local:7901/inventory/carMake/3/models.json
2018-09-28 10:04:36,598 WARN o.a.j.t.JMeterThread: Interrupting: carsPerf 1-126 sampler: http://gaspa03mac.local:7901/inventory/carInventory/2T1KR32E37C639014
2018-09-28 10:04:36,598 WARN o.a.j.t.JMeterThread: Interrupting: carsPerf 1-37 sampler: http://gaspa03mac.local:7901/inventory/carMake/2/models.json
2018-09-28 10:04:36,598 WARN o.a.j.t.JMeterThread: Interrupting: carsPerf 1-127 sampler: http://gaspa03mac.local:7901/inventory/carInventory/2T1KR32E37C639014
2018-09-28 10:04:36,599 WARN o.a.j.t.JMeterThread: Interrupting: carsPerf 1-78 sampler: http://gaspa03mac.local:7901/inventory/carMake/1/models.json
2018-09-28 10:04:36,599 WARN o.a.j.t.JMeterThread: Interrupting: carsPerf 1-144 sampler: http://gaspa03mac.local:7901/inventory/carMake/2/models.json
2018-09-28 10:04:36,599 WARN o.a.j.t.JMeterThread: Interrupting: carsPerf 1-108 sampler: http://gaspa03mac.local:7901/inventory/carInventory/2T1KR32E37C639014
2018-09-28 10:04:36,599 WARN o.a.j.t.JMeterThread: Interrupting: carsPerf 1-145 sampler: http://gaspa03mac.local:7901/inventory/carMake/2/models.json
2018-09-28 10:04:36,599 WARN o.a.j.t.JMeterThread: Interrupting: carsPerf 1-146 sampler: http://gaspa03mac.local:7901/inventory/carMake/2/models.json
2018-09-28 10:04:36,599 WARN o.a.j.t.JMeterThread: Interrupting: carsPerf 1-44 sampler: http://gaspa03mac.local:7901/inventory/carMake/index.json
2018-09-28 10:04:36,600 WARN o.a.j.t.JMeterThread: Interrupting: carsPerf 1-52 sampler: http://gaspa03mac.local:7901/inventory/carInventory/2T1KR32EERATDH
2018-09-28 10:04:36,600 WARN o.a.j.t.JMeterThread: Interrupting: carsPerf 1-29 sampler: http://gaspa03mac.local:7901/inventory/carMake/3/models.json
2018-09-28 10:04:36,600 WARN o.a.j.t.JMeterThread: Interrupting: carsPerf 1-149 sampler: http://gaspa03mac.local:7901/inventory/carMake/2/models.json
2018-09-28 10:04:36,600 WARN o.a.j.t.JMeterThread: Interrupting: carsPerf 1-72 sampler: http://gaspa03mac.local:7901/inventory/carMake/2/models.json
2018-09-28 10:04:36,601 WARN o.a.j.t.JMeterThread: Interrupting: carsPerf 1-17 sampler: http://gaspa03mac.local:7901/inventory/carInventory/2T1KR32E37C639014
2018-09-28 10:04:36,601 WARN o.a.j.t.JMeterThread: Interrupting: carsPerf 1-136 sampler: http://gaspa03mac.local:7901/inventory/carInventory/2T1KR32E37C639014
2018-09-28 10:04:36,601 WARN o.a.j.t.JMeterThread: Interrupting: carsPerf 1-40 sampler: http://gaspa03mac.local:7901/inventory/carMake/2/models.json
2018-09-28 10:04:36,601 WARN o.a.j.t.JMeterThread: Interrupting: carsPerf 1-137 sampler: http://gaspa03mac.local:7901/inventory/carInventory/2T1KR32E37C639014
2018-09-28 10:04:36,602 WARN o.a.j.t.JMeterThread: Interrupting: carsPerf 1-75 sampler: http://gaspa03mac.local:7901/inventory/carMake/2/models.json
2018-09-28 10:04:36,602 WARN o.a.j.t.JMeterThread: Interrupting: carsPerf 1-36 sampler: http://gaspa03mac.local:7901/inventory/carInventory/2T1KR32EERATDH
2018-09-28 10:04:36,602 WARN o.a.j.t.JMeterThread: Interrupting: carsPerf 1-117 sampler: http://gaspa03mac.local:7901/inventory/carMake/index.json
2018-09-28 10:04:36,602 WARN o.a.j.t.JMeterThread: Interrupting: carsPerf 1-169 sampler: http://gaspa03mac.local:7901/inventory/carMake/3/models.json
2018-09-28 10:04:36,602 WARN o.a.j.t.JMeterThread: Interrupting: carsPerf 1-83 sampler: http://gaspa03mac.local:7901/inventory/carMake/3/models.json
2018-09-28 10:04:36,603 WARN o.a.j.t.JMeterThread: Interrupting: carsPerf 1-151 sampler: http://gaspa03mac.local:7901/inventory/carMake/3/models.json
2018-09-28 10:04:36,603 WARN o.a.j.t.JMeterThread: Interrupting: carsPerf 1-132 sampler: http://gaspa03mac.local:7901/inventory/carMake/3/models.json
2018-09-28 10:04:36,603 WARN o.a.j.t.JMeterThread: Interrupting: carsPerf 1-51 sampler: http://gaspa03mac.local:7901/inventory/carMake/index.json
2018-09-28 10:04:36,603 WARN o.a.j.t.JMeterThread: Interrupting: carsPerf 1-80 sampler: http://gaspa03mac.local:7901/inventory/carInventory/2T1KR32E37C639014
2018-09-28 10:04:36,603 WARN o.a.j.t.JMeterThread: Interrupting: carsPerf 1-54 sampler: http://gaspa03mac.local:7901/inventory/carMake/2/models.json
2018-09-28 10:04:36,603 WARN o.a.j.t.JMeterThread: Interrupting: carsPerf 1-53 sampler: http://gaspa03mac.local:7901/inventory/carMake/index.json
2018-09-28 10:04:36,604 WARN o.a.j.t.JMeterThread: Interrupting: carsPerf 1-148 sampler: http://gaspa03mac.local:7901/inventory/carMake/2/models.json
2018-09-28 10:04:36,604 WARN o.a.j.t.JMeterThread: Interrupting: carsPerf 1-61 sampler: http://gaspa03mac.local:7901/inventory/carInventory/2T1KR32EERATDH
2018-09-28 10:04:36,604 WARN o.a.j.t.JMeterThread: Interrupting: carsPerf 1-94 sampler: http://gaspa03mac.local:7901/inventory/carInventory/2T1KR32EERATDH
2018-09-28 10:04:36,604 WARN o.a.j.t.JMeterThread: Interrupting: carsPerf 1-18 sampler: http://gaspa03mac.local:7901/inventory/carMake/index.json
2018-09-28 10:04:36,604 WARN o.a.j.t.JMeterThread: Interrupting: carsPerf 1-192 sampler: http://gaspa03mac.local:7901/inventory/carMake/index.json
2018-09-28 10:04:36,605 WARN o.a.j.t.JMeterThread: Interrupting: carsPerf 1-99 sampler: http://gaspa03mac.local:7901/inventory/carMake/index.json
2018-09-28 10:04:36,605 WARN o.a.j.t.JMeterThread: Interrupting: carsPerf 1-66 sampler: http://gaspa03mac.local:7901/inventory/carInventory/2T1KR32E37C639014
2018-09-28 10:04:36,605 INFO o.a.j.t.JMeterThread: Thread is done: carsPerf 1-195
2018-09-28 10:04:36,605 INFO o.a.j.t.JMeterThread: Thread finished: carsPerf 1-195
2018-09-28 10:04:36,605 WARN o.a.j.t.JMeterThread: Interrupting: carsPerf 1-125 sampler: http://gaspa03mac.local:7901/inventory/carMake/1/models.json
2018-09-28 10:04:36,605 WARN o.a.j.t.JMeterThread: Interrupting: carsPerf 1-187 sampler: http://gaspa03mac.local:7901/inventory/carInventory/2T1KR32E37C639014
2018-09-28 10:04:36,605 WARN o.a.j.t.JMeterThread: Interrupting: carsPerf 1-147 sampler: http://gaspa03mac.local:7901/inventory/carMake/2/models.json
2018-09-28 10:04:36,606 WARN o.a.j.t.JMeterThread: Interrupting: carsPerf 1-77 sampler: http://gaspa03mac.local:7901/inventory/carInventory/2T1KR32E37C639014
2018-09-28 10:04:36,606 WARN o.a.j.t.JMeterThread: Interrupting: carsPerf 1-138 sampler: http://gaspa03mac.local:7901/inventory/carInventory/2T1KR32EERATDH
2018-09-28 10:04:36,606 WARN o.a.j.t.JMeterThread: Interrupting: carsPerf 1-133 sampler: http://gaspa03mac.local:7901/inventory/carMake/index.json
2018-09-28 10:04:36,606 INFO o.a.j.t.JMeterThread: Thread is done: carsPerf 1-18
2018-09-28 10:04:36,606 INFO o.a.j.t.JMeterThread: Thread finished: carsPerf 1-18
2018-09-28 10:04:36,606 WARN o.a.j.t.JMeterThread: Interrupting: carsPerf 1-21 sampler: http://gaspa03mac.local:7901/inventory/carInventory/2T1KR32E37C639014
2018-09-28 10:04:36,606 WARN o.a.j.t.JMeterThread: Interrupting: carsPerf 1-143 sampler: http://gaspa03mac.local:7901/inventory/carMake/2/models.json
2018-09-28 10:04:36,607 WARN o.a.j.t.JMeterThread: Interrupting: carsPerf 1-199 sampler: http://gaspa03mac.local:7901/inventory/carMake/2/models.json
2018-09-28 10:04:36,607 WARN o.a.j.t.JMeterThread: Interrupting: carsPerf 1-84 sampler: http://gaspa03mac.local:7901/inventory/carMake/index.json
2018-09-28 10:04:36,607 WARN o.a.j.t.JMeterThread: Interrupting: carsPerf 1-176 sampler: http://gaspa03mac.local:7901/inventory/carMake/1/models.json
2018-09-28 10:04:36,607 WARN o.a.j.t.JMeterThread: Interrupting: carsPerf 1-96 sampler: http://gaspa03mac.local:7901/inventory/carInventory/2T1KR32EERATDH
2018-09-28 10:04:36,608 WARN o.a.j.t.JMeterThread: Interrupting: carsPerf 1-90 sampler: http://gaspa03mac.local:7901/inventory/carMake/1/models.json
2018-09-28 10:04:36,608 INFO o.a.j.t.JMeterThread: Thread is done: carsPerf 1-94
2018-09-28 10:04:36,608 INFO o.a.j.t.JMeterThread: Thread finished: carsPerf 1-94
2018-09-28 10:04:36,608 WARN o.a.j.t.JMeterThread: Interrupting: carsPerf 1-3 sampler: http://gaspa03mac.local:7901/inventory/carMake/2/models.json
2018-09-28 10:04:36,608 WARN o.a.j.t.JMeterThread: Interrupting: carsPerf 1-103 sampler: http://gaspa03mac.local:7901/inventory/carInventory/2T1KR32EERATDH
2018-09-28 10:04:36,609 WARN o.a.j.t.JMeterThread: Interrupting: carsPerf 1-22 sampler: http://gaspa03mac.local:7901/inventory/carInventory/2T1KR32EERATDH
2018-09-28 10:04:36,609 INFO o.a.j.t.JMeterThread: Thread is done: carsPerf 1-61
2018-09-28 10:04:36,609 WARN o.a.j.t.JMeterThread: Interrupting: carsPerf 1-194 sampler: http://gaspa03mac.local:7901/inventory/carMake/index.json
2018-09-28 10:04:36,609 INFO o.a.j.t.JMeterThread: Thread finished: carsPerf 1-61
2018-09-28 10:04:36,609 WARN o.a.j.t.JMeterThread: Interrupting: carsPerf 1-20 sampler: http://gaspa03mac.local:7901/inventory/carMake/index.json
2018-09-28 10:04:36,609 WARN o.a.j.t.JMeterThread: Interrupting: carsPerf 1-79 sampler: http://gaspa03mac.local:7901/inventory/carMake/1/models.json
2018-09-28 10:04:36,609 WARN o.a.j.t.JMeterThread: Interrupting: carsPerf 1-123 sampler: http://gaspa03mac.local:7901/inventory/carMake/1/models.json
2018-09-28 10:04:36,610 WARN o.a.j.t.JMeterThread: Interrupting: carsPerf 1-162 sampler: http://gaspa03mac.local:7901/inventory/carMake/3/models.json
2018-09-28 10:04:36,610 WARN o.a.j.t.JMeterThread: Interrupting: carsPerf 1-23 sampler: http://gaspa03mac.local:7901/inventory/carMake/2/models.json
2018-09-28 10:04:36,610 WARN o.a.j.t.JMeterThread: Interrupting: carsPerf 1-38 sampler: http://gaspa03mac.local:7901/inventory/carMake/3/models.json
2018-09-28 10:04:36,610 WARN o.a.j.t.JMeterThread: Interrupting: carsPerf 1-50 sampler: http://gaspa03mac.local:7901/inventory/carMake/1/models.json
2018-09-28 10:04:36,610 INFO o.a.j.t.JMeterThread: Thread is done: carsPerf 1-3
2018-09-28 10:04:36,610 INFO o.a.j.t.JMeterThread: Thread finished: carsPerf 1-3
2018-09-28 10:04:36,610 WARN o.a.j.t.JMeterThread: Interrupting: carsPerf 1-154 sampler: http://gaspa03mac.local:7901/inventory/carMake/3/models.json
2018-09-28 10:04:36,611 WARN o.a.j.t.JMeterThread: Interrupting: carsPerf 1-11 sampler: http://gaspa03mac.local:7901/inventory/carMake/3/models.json
2018-09-28 10:04:36,611 WARN o.a.j.t.JMeterThread: Interrupting: carsPerf 1-81 sampler: http://gaspa03mac.local:7901/inventory/carMake/1/models.json
2018-09-28 10:04:36,612 WARN o.a.j.t.JMeterThread: Interrupting: carsPerf 1-166 sampler: http://gaspa03mac.local:7901/inventory/carMake/3/models.json
2018-09-28 10:04:36,612 WARN o.a.j.t.JMeterThread: Interrupting: carsPerf 1-74 sampler: http://gaspa03mac.local:7901/inventory/carMake/3/models.json
2018-09-28 10:04:36,612 WARN o.a.j.t.JMeterThread: Interrupting: carsPerf 1-1 sampler: http://gaspa03mac.local:7901/inventory/carMake/1/models.json
2018-09-28 10:04:36,612 WARN o.a.j.t.JMeterThread: Interrupting: carsPerf 1-107 sampler: http://gaspa03mac.local:7901/inventory/carInventory/2T1KR32E37C639014
2018-09-28 10:04:36,612 INFO o.a.j.t.JMeterThread: Thread is done: carsPerf 1-148
2018-09-28 10:04:36,612 INFO o.a.j.t.JMeterThread: Thread finished: carsPerf 1-148
2018-09-28 10:04:36,612 WARN o.a.j.t.JMeterThread: Interrupting: carsPerf 1-67 sampler: http://gaspa03mac.local:7901/inventory/carMake/2/models.json
2018-09-28 10:04:36,613 WARN o.a.j.t.JMeterThread: Interrupting: carsPerf 1-26 sampler: http://gaspa03mac.local:7901/inventory/carMake/3/models.json
2018-09-28 10:04:36,613 WARN o.a.j.t.JMeterThread: Interrupting: carsPerf 1-131 sampler: http://gaspa03mac.local:7901/inventory/carMake/3/models.json
2018-09-28 10:04:36,613 WARN o.a.j.t.JMeterThread: Interrupting: carsPerf 1-49 sampler: http://gaspa03mac.local:7901/inventory/carInventory/2T1KR32EERATDH
2018-09-28 10:04:36,613 WARN o.a.j.t.JMeterThread: Interrupting: carsPerf 1-196 sampler: http://gaspa03mac.local:7901/inventory/carMake/2/models.json
2018-09-28 10:04:36,613 WARN o.a.j.t.JMeterThread: Interrupting: carsPerf 1-57 sampler: http://gaspa03mac.local:7901/inventory/carMake/3/models.json
2018-09-28 10:04:36,614 INFO o.a.j.t.JMeterThread: Thread is done: carsPerf 1-53
2018-09-28 10:04:36,614 INFO o.a.j.t.JMeterThread: Thread finished: carsPerf 1-53
2018-09-28 10:04:36,614 WARN o.a.j.t.JMeterThread: Interrupting: carsPerf 1-64 sampler: http://gaspa03mac.local:7901/inventory/carMake/1/models.json
2018-09-28 10:04:36,614 WARN o.a.j.t.JMeterThread: Interrupting: carsPerf 1-35 sampler: http://gaspa03mac.local:7901/inventory/carInventory/2T1KR32EERATDH
2018-09-28 10:04:36,614 WARN o.a.j.t.JMeterThread: Interrupting: carsPerf 1-111 sampler: http://gaspa03mac.local:7901/inventory/carInventory/2T1KR32E37C639014
2018-09-28 10:04:36,614 WARN o.a.j.t.JMeterThread: Interrupting: carsPerf 1-86 sampler: http://gaspa03mac.local:7901/inventory/carMake/3/models.json
2018-09-28 10:04:36,615 WARN o.a.j.t.JMeterThread: Interrupting: carsPerf 1-114 sampler: http://gaspa03mac.local:7901/inventory/carInventory/2T1KR32E37C639014
2018-09-28 10:04:36,615 WARN o.a.j.t.JMeterThread: Interrupting: carsPerf 1-8 sampler: http://gaspa03mac.local:7901/inventory/carInventory/2T1KR32EERATDH
2018-09-28 10:04:36,615 WARN o.a.j.t.JMeterThread: Interrupting: carsPerf 1-87 sampler: http://gaspa03mac.local:7901/inventory/carMake/index.json
2018-09-28 10:04:36,615 INFO o.a.j.t.JMeterThread: Thread is done: carsPerf 1-54
2018-09-28 10:04:36,616 WARN o.a.j.t.JMeterThread: Interrupting: carsPerf 1-163 sampler: http://gaspa03mac.local:7901/inventory/carMake/3/models.json
2018-09-28 10:04:36,617 INFO o.a.j.t.JMeterThread: Thread finished: carsPerf 1-54
2018-09-28 10:04:36,617 WARN o.a.j.t.JMeterThread: Interrupting: carsPerf 1-129 sampler: http://gaspa03mac.local:7901/inventory/carMake/3/models.json
2018-09-28 10:04:36,618 INFO o.a.j.t.JMeterThread: Thread is done: carsPerf 1-114
2018-09-28 10:04:36,618 INFO o.a.j.t.JMeterThread: Thread finished: carsPerf 1-114
2018-09-28 10:04:36,619 WARN o.a.j.t.JMeterThread: Interrupting: carsPerf 1-9 sampler: http://gaspa03mac.local:7901/inventory/carMake/1/models.json
2018-09-28 10:04:36,620 WARN o.a.j.t.JMeterThread: Interrupting: carsPerf 1-167 sampler: http://gaspa03mac.local:7901/inventory/carMake/3/models.json
2018-09-28 10:04:36,620 WARN o.a.j.t.JMeterThread: Interrupting: carsPerf 1-33 sampler: http://gaspa03mac.local:7901/inventory/carMake/2/models.json
2018-09-28 10:04:36,620 INFO o.a.j.t.JMeterThread: Thread is done: carsPerf 1-163
2018-09-28 10:04:36,620 INFO o.a.j.t.JMeterThread: Thread finished: carsPerf 1-163
2018-09-28 10:04:36,621 WARN o.a.j.t.JMeterThread: Interrupting: carsPerf 1-89 sampler: http://gaspa03mac.local:7901/inventory/carMake/index.json
2018-09-28 10:04:36,621 WARN o.a.j.t.JMeterThread: Interrupting: carsPerf 1-161 sampler: http://gaspa03mac.local:7901/inventory/carMake/index.json
2018-09-28 10:04:36,621 WARN o.a.j.t.JMeterThread: Interrupting: carsPerf 1-55 sampler: http://gaspa03mac.local:7901/inventory/carMake/3/models.json
2018-09-28 10:04:36,621 WARN o.a.j.t.JMeterThread: Interrupting: carsPerf 1-19 sampler: http://gaspa03mac.local:7901/inventory/carMake/2/models.json
2018-09-28 10:04:36,621 WARN o.a.j.t.JMeterThread: Interrupting: carsPerf 1-172 sampler: http://gaspa03mac.local:7901/inventory/carMake/1/models.json
2018-09-28 10:04:36,621 INFO o.a.j.t.JMeterThread: Thread is done: carsPerf 1-80
2018-09-28 10:04:36,622 INFO o.a.j.t.JMeterThread: Thread finished: carsPerf 1-80
2018-09-28 10:04:36,622 WARN o.a.j.t.JMeterThread: Interrupting: carsPerf 1-46 sampler: http://gaspa03mac.local:7901/inventory/carMake/index.json
2018-09-28 10:04:36,622 WARN o.a.j.t.JMeterThread: Interrupting: carsPerf 1-60 sampler: http://gaspa03mac.local:7901/inventory/carMake/3/models.json
2018-09-28 10:04:36,622 WARN o.a.j.t.JMeterThread: Interrupting: carsPerf 1-193 sampler: http://gaspa03mac.local:7901/inventory/carMake/index.json
2018-09-28 10:04:36,623 WARN o.a.j.t.JMeterThread: Interrupting: carsPerf 1-59 sampler: http://gaspa03mac.local:7901/inventory/carMake/index.json
2018-09-28 10:04:36,623 WARN o.a.j.t.JMeterThread: Interrupting: carsPerf 1-120 sampler: http://gaspa03mac.local:7901/inventory/carMake/index.json
2018-09-28 10:04:36,623 WARN o.a.j.t.JMeterThread: Interrupting: carsPerf 1-7 sampler: http://gaspa03mac.local:7901/inventory/carInventory/2T1KR32E37C639014
2018-09-28 10:04:36,623 WARN o.a.j.t.JMeterThread: Interrupting: carsPerf 1-98 sampler: http://gaspa03mac.local:7901/inventory/carInventory/2T1KR32EERATDH
2018-09-28 10:04:36,623 INFO o.a.j.t.JMeterThread: Thread is done: carsPerf 1-51
2018-09-28 10:04:36,623 INFO o.a.j.t.JMeterThread: Thread finished: carsPerf 1-51
2018-09-28 10:04:36,623 WARN o.a.j.t.JMeterThread: Interrupting: carsPerf 1-5 sampler: http://gaspa03mac.local:7901/inventory/carMake/3/models.json
2018-09-28 10:04:36,624 WARN o.a.j.t.JMeterThread: Interrupting: carsPerf 1-82 sampler: http://gaspa03mac.local:7901/inventory/carMake/3/models.json
2018-09-28 10:04:36,624 WARN o.a.j.t.JMeterThread: Interrupting: carsPerf 1-164 sampler: http://gaspa03mac.local:7901/inventory/carMake/3/models.json
2018-09-28 10:04:36,624 WARN o.a.j.t.JMeterThread: Interrupting: carsPerf 1-92 sampler: http://gaspa03mac.local:7901/inventory/carInventory/2T1KR32EERATDH
2018-09-28 10:04:36,624 WARN o.a.j.t.JMeterThread: Interrupting: carsPerf 1-130 sampler: http://gaspa03mac.local:7901/inventory/carMake/3/models.json
2018-09-28 10:04:36,624 WARN o.a.j.t.JMeterThread: Interrupting: carsPerf 1-68 sampler: http://gaspa03mac.local:7901/inventory/carMake/1/models.json
2018-09-28 10:04:36,625 INFO o.a.j.t.JMeterThread: Thread is done: carsPerf 1-132
2018-09-28 10:04:36,625 INFO o.a.j.t.JMeterThread: Thread finished: carsPerf 1-132
2018-09-28 10:04:36,625 WARN o.a.j.t.JMeterThread: Interrupting: carsPerf 1-197 sampler: http://gaspa03mac.local:7901/inventory/carMake/2/models.json
2018-09-28 10:04:36,625 WARN o.a.j.t.JMeterThread: Interrupting: carsPerf 1-69 sampler: http://gaspa03mac.local:7901/inventory/carMake/3/models.json
2018-09-28 10:04:36,625 WARN o.a.j.t.JMeterThread: Interrupting: carsPerf 1-174 sampler: http://gaspa03mac.local:7901/inventory/carMake/1/models.json
2018-09-28 10:04:36,626 WARN o.a.j.t.JMeterThread: Interrupting: carsPerf 1-171 sampler: http://gaspa03mac.local:7901/inventory/carMake/1/models.json
2018-09-28 10:04:36,626 INFO o.a.j.t.JMeterThread: Thread is done: carsPerf 1-151
2018-09-28 10:04:36,626 INFO o.a.j.t.JMeterThread: Thread finished: carsPerf 1-151
2018-09-28 10:04:36,626 WARN o.a.j.t.JMeterThread: Interrupting: carsPerf 1-14 sampler: http://gaspa03mac.local:7901/inventory/carInventory/2T1KR32E37C639014
2018-09-28 10:04:36,627 WARN o.a.j.t.JMeterThread: Interrupting: carsPerf 1-30 sampler: http://gaspa03mac.local:7901/inventory/carMake/3/models.json
2018-09-28 10:04:36,627 WARN o.a.j.t.JMeterThread: Interrupting: carsPerf 1-48 sampler: http://gaspa03mac.local:7901/inventory/carInventory/2T1KR32E37C639014
2018-09-28 10:04:36,627 WARN o.a.j.t.JMeterThread: Interrupting: carsPerf 1-2 sampler: http://gaspa03mac.local:7901/inventory/carMake/index.json
2018-09-28 10:04:36,627 WARN o.a.j.t.JMeterThread: Interrupting: carsPerf 1-121 sampler: http://gaspa03mac.local:7901/inventory/carMake/index.json
2018-09-28 10:04:36,627 WARN o.a.j.t.JMeterThread: Interrupting: carsPerf 1-93 sampler: http://gaspa03mac.local:7901/inventory/carMake/index.json
2018-09-28 10:04:36,627 WARN o.a.j.t.JMeterThread: Interrupting: carsPerf 1-160 sampler: http://gaspa03mac.local:7901/inventory/carMake/index.json
2018-09-28 10:04:36,627 WARN o.a.j.t.JMeterThread: Interrupting: carsPerf 1-104 sampler: http://gaspa03mac.local:7901/inventory/carInventory/2T1KR32E37C639014
2018-09-28 10:04:36,628 INFO o.a.j.t.JMeterThread: Thread is done: carsPerf 1-83
2018-09-28 10:04:36,628 WARN o.a.j.t.JMeterThread: Interrupting: carsPerf 1-152 sampler: http://gaspa03mac.local:7901/inventory/carMake/3/models.json
2018-09-28 10:04:36,628 INFO o.a.j.t.JMeterThread: Thread finished: carsPerf 1-83
2018-09-28 10:04:36,629 WARN o.a.j.t.JMeterThread: Interrupting: carsPerf 1-27 sampler: http://gaspa03mac.local:7901/inventory/carMake/3/models.json
2018-09-28 10:04:36,629 WARN o.a.j.t.JMeterThread: Interrupting: carsPerf 1-10 sampler: http://gaspa03mac.local:7901/inventory/carMake/2/models.json
2018-09-28 10:04:36,629 INFO o.a.j.t.JMeterThread: Thread is done: carsPerf 1-121
2018-09-28 10:04:36,629 WARN o.a.j.t.JMeterThread: Interrupting: carsPerf 1-112 sampler: http://gaspa03mac.local:7901/inventory/carInventory/2T1KR32EERATDH
2018-09-28 10:04:36,629 INFO o.a.j.t.JMeterThread: Thread finished: carsPerf 1-121
2018-09-28 10:04:36,631 INFO o.a.j.t.JMeterThread: Thread is done: carsPerf 1-169
2018-09-28 10:04:36,631 INFO o.a.j.t.JMeterThread: Thread finished: carsPerf 1-169
2018-09-28 10:04:36,632 INFO o.a.j.t.JMeterThread: Thread is done: carsPerf 1-117
2018-09-28 10:04:36,632 INFO o.a.j.t.JMeterThread: Thread finished: carsPerf 1-117
2018-09-28 10:04:36,633 INFO o.a.j.t.JMeterThread: Thread is done: carsPerf 1-36
2018-09-28 10:04:36,634 INFO o.a.j.t.JMeterThread: Thread finished: carsPerf 1-36
2018-09-28 10:04:36,635 INFO o.a.j.t.JMeterThread: Thread is done: carsPerf 1-75
2018-09-28 10:04:36,635 INFO o.a.j.t.JMeterThread: Thread finished: carsPerf 1-75
2018-09-28 10:04:36,636 INFO o.a.j.t.JMeterThread: Thread is done: carsPerf 1-40
2018-09-28 10:04:36,636 INFO o.a.j.t.JMeterThread: Thread finished: carsPerf 1-40
2018-09-28 10:04:36,636 INFO o.a.j.t.JMeterThread: Thread is done: carsPerf 1-137
2018-09-28 10:04:36,636 INFO o.a.j.t.JMeterThread: Thread finished: carsPerf 1-137
2018-09-28 10:04:36,637 INFO o.a.j.t.JMeterThread: Thread is done: carsPerf 1-136
2018-09-28 10:04:36,637 INFO o.a.j.t.JMeterThread: Thread finished: carsPerf 1-136
2018-09-28 10:04:36,637 INFO o.a.j.t.JMeterThread: Thread is done: carsPerf 1-17
2018-09-28 10:04:36,638 INFO o.a.j.t.JMeterThread: Thread finished: carsPerf 1-17
2018-09-28 10:04:36,639 INFO o.a.j.t.JMeterThread: Thread is done: carsPerf 1-72
2018-09-28 10:04:36,639 INFO o.a.j.t.JMeterThread: Thread finished: carsPerf 1-72
2018-09-28 10:04:36,639 INFO o.a.j.t.JMeterThread: Thread is done: carsPerf 1-149
2018-09-28 10:04:36,639 INFO o.a.j.t.JMeterThread: Thread finished: carsPerf 1-149
2018-09-28 10:04:36,640 INFO o.a.j.t.JMeterThread: Thread is done: carsPerf 1-29
2018-09-28 10:04:36,640 INFO o.a.j.t.JMeterThread: Thread finished: carsPerf 1-29
2018-09-28 10:04:36,641 INFO o.a.j.t.JMeterThread: Thread is done: carsPerf 1-52
2018-09-28 10:04:36,641 INFO o.a.j.t.JMeterThread: Thread finished: carsPerf 1-52
2018-09-28 10:04:36,641 INFO o.a.j.t.JMeterThread: Thread is done: carsPerf 1-44
2018-09-28 10:04:36,641 INFO o.a.j.t.JMeterThread: Thread finished: carsPerf 1-44
2018-09-28 10:04:36,643 INFO o.a.j.t.JMeterThread: Thread is done: carsPerf 1-146
2018-09-28 10:04:36,643 INFO o.a.j.t.JMeterThread: Thread finished: carsPerf 1-146
2018-09-28 10:04:36,643 INFO o.a.j.t.JMeterThread: Thread is done: carsPerf 1-145
2018-09-28 10:04:36,643 INFO o.a.j.t.JMeterThread: Thread finished: carsPerf 1-145
2018-09-28 10:04:36,644 INFO o.a.j.t.JMeterThread: Thread is done: carsPerf 1-108
2018-09-28 10:04:36,644 INFO o.a.j.t.JMeterThread: Thread finished: carsPerf 1-108
2018-09-28 10:04:36,648 INFO o.a.j.t.JMeterThread: Thread is done: carsPerf 1-144
2018-09-28 10:04:36,648 INFO o.a.j.t.JMeterThread: Thread finished: carsPerf 1-144
2018-09-28 10:04:36,649 INFO o.a.j.t.JMeterThread: Thread is done: carsPerf 1-78
2018-09-28 10:04:36,649 INFO o.a.j.t.JMeterThread: Thread finished: carsPerf 1-78
2018-09-28 10:04:36,650 INFO o.a.j.t.JMeterThread: Thread is done: carsPerf 1-127
2018-09-28 10:04:36,650 INFO o.a.j.t.JMeterThread: Thread finished: carsPerf 1-127
2018-09-28 10:04:36,650 INFO o.a.j.t.JMeterThread: Thread is done: carsPerf 1-37
2018-09-28 10:04:36,650 INFO o.a.j.t.JMeterThread: Thread finished: carsPerf 1-37
2018-09-28 10:04:36,651 INFO o.a.j.t.JMeterThread: Thread is done: carsPerf 1-126
2018-09-28 10:04:36,651 INFO o.a.j.t.JMeterThread: Thread finished: carsPerf 1-126
2018-09-28 10:04:36,652 INFO o.a.j.t.JMeterThread: Thread is done: carsPerf 1-24
2018-09-28 10:04:36,652 INFO o.a.j.t.JMeterThread: Thread finished: carsPerf 1-24
2018-09-28 10:04:36,652 INFO o.a.j.t.JMeterThread: Thread is done: carsPerf 1-140
2018-09-28 10:04:36,652 INFO o.a.j.t.JMeterThread: Thread finished: carsPerf 1-140
2018-09-28 10:04:36,653 INFO o.a.j.t.JMeterThread: Thread is done: carsPerf 1-155
2018-09-28 10:04:36,654 INFO o.a.j.t.JMeterThread: Thread finished: carsPerf 1-155
2018-09-28 10:04:36,654 INFO o.a.j.t.JMeterThread: Thread is done: carsPerf 1-113
2018-09-28 10:04:36,654 INFO o.a.j.t.JMeterThread: Thread finished: carsPerf 1-113
2018-09-28 10:04:36,655 INFO o.a.j.t.JMeterThread: Thread is done: carsPerf 1-95
2018-09-28 10:04:36,655 INFO o.a.j.t.JMeterThread: Thread finished: carsPerf 1-95
2018-09-28 10:04:36,656 INFO o.a.j.t.JMeterThread: Thread is done: carsPerf 1-122
2018-09-28 10:04:36,656 INFO o.a.j.t.JMeterThread: Thread finished: carsPerf 1-122
2018-09-28 10:04:36,656 INFO o.a.j.t.JMeterThread: Thread is done: carsPerf 1-43
2018-09-28 10:04:36,657 INFO o.a.j.t.JMeterThread: Thread finished: carsPerf 1-43
2018-09-28 10:04:36,657 INFO o.a.j.t.JMeterThread: Thread is done: carsPerf 1-141
2018-09-28 10:04:36,657 INFO o.a.j.t.JMeterThread: Thread finished: carsPerf 1-141
2018-09-28 10:04:36,658 INFO o.a.j.t.JMeterThread: Thread is done: carsPerf 1-70
2018-09-28 10:04:36,658 INFO o.a.j.t.JMeterThread: Thread finished: carsPerf 1-70
2018-09-28 10:04:36,658 INFO o.a.j.t.JMeterThread: Thread is done: carsPerf 1-4
2018-09-28 10:04:36,659 INFO o.a.j.t.JMeterThread: Thread finished: carsPerf 1-4
2018-09-28 10:04:36,659 INFO o.a.j.t.JMeterThread: Thread is done: carsPerf 1-135
2018-09-28 10:04:36,659 INFO o.a.j.t.JMeterThread: Thread finished: carsPerf 1-135
2018-09-28 10:04:36,660 INFO o.a.j.t.JMeterThread: Thread is done: carsPerf 1-119
2018-09-28 10:04:36,660 INFO o.a.j.t.JMeterThread: Thread finished: carsPerf 1-119
2018-09-28 10:04:36,661 INFO o.a.j.t.JMeterThread: Thread is done: carsPerf 1-12
2018-09-28 10:04:36,661 INFO o.a.j.t.JMeterThread: Thread finished: carsPerf 1-12
2018-09-28 10:04:36,662 INFO o.a.j.t.JMeterThread: Thread is done: carsPerf 1-109
2018-09-28 10:04:36,662 INFO o.a.j.t.JMeterThread: Thread finished: carsPerf 1-109
2018-09-28 10:04:36,662 INFO o.a.j.t.JMeterThread: Thread is done: carsPerf 1-106
2018-09-28 10:04:36,662 INFO o.a.j.t.JMeterThread: Thread finished: carsPerf 1-106
2018-09-28 10:04:36,663 INFO o.a.j.t.JMeterThread: Thread is done: carsPerf 1-170
2018-09-28 10:04:36,663 INFO o.a.j.t.JMeterThread: Thread finished: carsPerf 1-170
2018-09-28 10:04:36,663 INFO o.a.j.t.JMeterThread: Thread is done: carsPerf 1-25
2018-09-28 10:04:36,663 INFO o.a.j.t.JMeterThread: Thread finished: carsPerf 1-25
2018-09-28 10:04:36,664 INFO o.a.j.t.JMeterThread: Thread is done: carsPerf 1-139
2018-09-28 10:04:36,664 INFO o.a.j.t.JMeterThread: Thread finished: carsPerf 1-139
2018-09-28 10:04:36,665 INFO o.a.j.t.JMeterThread: Thread is done: carsPerf 1-71
2018-09-28 10:04:36,665 INFO o.a.j.t.JMeterThread: Thread finished: carsPerf 1-71
2018-09-28 10:04:36,665 INFO o.a.j.t.JMeterThread: Thread is done: carsPerf 1-128
2018-09-28 10:04:36,665 INFO o.a.j.t.JMeterThread: Thread finished: carsPerf 1-128
2018-09-28 10:04:36,665 INFO o.a.j.t.JMeterThread: Thread is done: carsPerf 1-115
2018-09-28 10:04:36,665 INFO o.a.j.t.JMeterThread: Thread finished: carsPerf 1-115
2018-09-28 10:04:36,666 INFO o.a.j.t.JMeterThread: Thread is done: carsPerf 1-85
2018-09-28 10:04:36,666 INFO o.a.j.t.JMeterThread: Thread finished: carsPerf 1-85
2018-09-28 10:04:36,667 INFO o.a.j.t.JMeterThread: Thread is done: carsPerf 1-168
2018-09-28 10:04:36,667 INFO o.a.j.t.JMeterThread: Thread finished: carsPerf 1-168
2018-09-28 10:04:36,667 INFO o.a.j.t.JMeterThread: Thread is done: carsPerf 1-165
2018-09-28 10:04:36,667 INFO o.a.j.t.JMeterThread: Thread finished: carsPerf 1-165
2018-09-28 10:04:36,667 INFO o.a.j.t.JMeterThread: Thread is done: carsPerf 1-65
2018-09-28 10:04:36,667 INFO o.a.j.t.JMeterThread: Thread finished: carsPerf 1-65
2018-09-28 10:04:36,668 INFO o.a.j.t.JMeterThread: Thread is done: carsPerf 1-184
2018-09-28 10:04:36,668 INFO o.a.j.t.JMeterThread: Thread finished: carsPerf 1-184
2018-09-28 10:04:36,669 INFO o.a.j.t.JMeterThread: Thread is done: carsPerf 1-153
2018-09-28 10:04:36,669 INFO o.a.j.t.JMeterThread: Thread finished: carsPerf 1-153
2018-09-28 10:04:36,669 INFO o.a.j.t.JMeterThread: Thread is done: carsPerf 1-175
2018-09-28 10:04:36,669 INFO o.a.j.t.JMeterThread: Thread finished: carsPerf 1-175
2018-09-28 10:04:36,670 INFO o.a.j.t.JMeterThread: Thread is done: carsPerf 1-188
2018-09-28 10:04:36,670 INFO o.a.j.t.JMeterThread: Thread finished: carsPerf 1-188
2018-09-28 10:04:36,671 INFO o.a.j.t.JMeterThread: Thread is done: carsPerf 1-42
2018-09-28 10:04:36,671 INFO o.a.j.t.JMeterThread: Thread is done: carsPerf 1-91
2018-09-28 10:04:36,671 INFO o.a.j.t.JMeterThread: Thread finished: carsPerf 1-42
2018-09-28 10:04:36,671 INFO o.a.j.t.JMeterThread: Thread finished: carsPerf 1-91
2018-09-28 10:04:36,671 INFO o.a.j.t.JMeterThread: Thread is done: carsPerf 1-39
2018-09-28 10:04:36,671 INFO o.a.j.t.JMeterThread: Thread finished: carsPerf 1-39
2018-09-28 10:04:36,672 INFO o.a.j.t.JMeterThread: Thread is done: carsPerf 1-198
2018-09-28 10:04:36,672 INFO o.a.j.t.JMeterThread: Thread finished: carsPerf 1-198
2018-09-28 10:04:36,672 INFO o.a.j.t.JMeterThread: Thread is done: carsPerf 1-142
2018-09-28 10:04:36,672 INFO o.a.j.t.JMeterThread: Thread finished: carsPerf 1-142
2018-09-28 10:04:36,673 INFO o.a.j.t.JMeterThread: Thread is done: carsPerf 1-190
2018-09-28 10:04:36,673 INFO o.a.j.t.JMeterThread: Thread finished: carsPerf 1-190
2018-09-28 10:04:36,673 INFO o.a.j.t.JMeterThread: Thread is done: carsPerf 1-150
2018-09-28 10:04:36,673 INFO o.a.j.t.JMeterThread: Thread finished: carsPerf 1-150
2018-09-28 10:04:36,673 INFO o.a.j.t.JMeterThread: Thread is done: carsPerf 1-100
2018-09-28 10:04:36,673 INFO o.a.j.t.JMeterThread: Thread finished: carsPerf 1-100
2018-09-28 10:04:36,673 INFO o.a.j.t.JMeterThread: Thread is done: carsPerf 1-32
2018-09-28 10:04:36,673 INFO o.a.j.t.JMeterThread: Thread finished: carsPerf 1-32
2018-09-28 10:04:36,674 INFO o.a.j.t.JMeterThread: Thread is done: carsPerf 1-58
2018-09-28 10:04:36,674 INFO o.a.j.t.JMeterThread: Thread finished: carsPerf 1-58
2018-09-28 10:04:36,674 INFO o.a.j.t.JMeterThread: Thread is done: carsPerf 1-134
2018-09-28 10:04:36,674 INFO o.a.j.t.JMeterThread: Thread finished: carsPerf 1-134
2018-09-28 10:04:36,674 INFO o.a.j.t.JMeterThread: Thread is done: carsPerf 1-200
2018-09-28 10:04:36,674 INFO o.a.j.t.JMeterThread: Thread finished: carsPerf 1-200
2018-09-28 10:04:36,674 INFO o.a.j.t.JMeterThread: Thread is done: carsPerf 1-157
2018-09-28 10:04:36,674 INFO o.a.j.t.JMeterThread: Thread finished: carsPerf 1-157
2018-09-28 10:04:36,675 INFO o.a.j.t.JMeterThread: Thread is done: carsPerf 1-88
2018-09-28 10:04:36,675 INFO o.a.j.t.JMeterThread: Thread finished: carsPerf 1-88
2018-09-28 10:04:36,675 INFO o.a.j.t.JMeterThread: Thread is done: carsPerf 1-56
2018-09-28 10:04:36,675 INFO o.a.j.t.JMeterThread: Thread finished: carsPerf 1-56
2018-09-28 10:04:36,675 INFO o.a.j.t.JMeterThread: Thread is done: carsPerf 1-101
2018-09-28 10:04:36,675 INFO o.a.j.t.JMeterThread: Thread finished: carsPerf 1-101
2018-09-28 10:04:36,675 INFO o.a.j.t.JMeterThread: Thread is done: carsPerf 1-105
2018-09-28 10:04:36,676 INFO o.a.j.t.JMeterThread: Thread finished: carsPerf 1-105
2018-09-28 10:04:36,676 INFO o.a.j.t.JMeterThread: Thread is done: carsPerf 1-76
2018-09-28 10:04:36,676 INFO o.a.j.t.JMeterThread: Thread finished: carsPerf 1-76
2018-09-28 10:04:36,676 INFO o.a.j.t.JMeterThread: Thread is done: carsPerf 1-118
2018-09-28 10:04:36,676 INFO o.a.j.t.JMeterThread: Thread finished: carsPerf 1-118
2018-09-28 10:04:36,676 INFO o.a.j.t.JMeterThread: Thread is done: carsPerf 1-173
2018-09-28 10:04:36,676 INFO o.a.j.t.JMeterThread: Thread finished: carsPerf 1-173
2018-09-28 10:04:36,677 INFO o.a.j.t.JMeterThread: Thread is done: carsPerf 1-156
2018-09-28 10:04:36,677 INFO o.a.j.t.JMeterThread: Thread finished: carsPerf 1-156
2018-09-28 10:04:36,677 INFO o.a.j.t.JMeterThread: Thread is done: carsPerf 1-73
2018-09-28 10:04:36,677 INFO o.a.j.t.JMeterThread: Thread finished: carsPerf 1-73
2018-09-28 10:04:36,677 INFO o.a.j.t.JMeterThread: Thread is done: carsPerf 1-102
2018-09-28 10:04:36,677 INFO o.a.j.t.JMeterThread: Thread finished: carsPerf 1-102
2018-09-28 10:04:36,677 INFO o.a.j.e.StandardJMeterEngine: Notifying test listeners of end of test
2018-09-28 10:04:36,678 INFO o.a.j.t.JMeterThread: Thread is done: carsPerf 1-112
2018-09-28 10:04:36,678 INFO o.a.j.t.JMeterThread: Thread finished: carsPerf 1-112
2018-09-28 10:04:36,678 INFO o.a.j.t.JMeterThread: Thread is done: carsPerf 1-10
2018-09-28 10:04:36,678 INFO o.a.j.t.JMeterThread: Thread finished: carsPerf 1-10
2018-09-28 10:04:36,678 INFO o.a.j.t.JMeterThread: Thread is done: carsPerf 1-27
2018-09-28 10:04:36,678 INFO o.a.j.t.JMeterThread: Thread finished: carsPerf 1-27
2018-09-28 10:04:36,679 INFO o.a.j.t.JMeterThread: Thread is done: carsPerf 1-152
2018-09-28 10:04:36,679 INFO o.a.j.t.JMeterThread: Thread finished: carsPerf 1-152
2018-09-28 10:04:36,679 INFO o.a.j.e.StandardJMeterEngine: Forced JVM shutdown requested at end of test
2018-09-28 10:04:36,679 INFO o.a.j.t.JMeterThread: Thread is done: carsPerf 1-104
2018-09-28 10:04:36,679 INFO o.a.j.t.JMeterThread: Thread finished: carsPerf 1-104
2018-09-28 10:04:36,679 INFO o.a.j.t.JMeterThread: Thread is done: carsPerf 1-160
2018-09-28 10:04:36,679 INFO o.a.j.t.JMeterThread: Thread finished: carsPerf 1-160
2018-09-28 10:04:36,679 INFO o.a.j.t.JMeterThread: Thread is done: carsPerf 1-93
2018-09-28 10:04:36,680 INFO o.a.j.t.JMeterThread: Thread finished: carsPerf 1-93
2018-09-28 10:04:36,680 INFO o.a.j.t.JMeterThread: Thread is done: carsPerf 1-2
2018-09-28 10:04:36,680 INFO o.a.j.t.JMeterThread: Thread finished: carsPerf 1-2
2018-09-28 10:04:36,680 INFO o.a.j.t.JMeterThread: Thread is done: carsPerf 1-48
2018-09-28 10:04:36,680 INFO o.a.j.t.JMeterThread: Thread finished: carsPerf 1-48
2018-09-28 10:04:36,680 INFO o.a.j.t.JMeterThread: Thread is done: carsPerf 1-30
2018-09-28 10:04:36,680 INFO o.a.j.t.JMeterThread: Thread finished: carsPerf 1-30
2018-09-28 10:04:36,681 INFO o.a.j.t.JMeterThread: Thread is done: carsPerf 1-14
2018-09-28 10:04:36,681 INFO o.a.j.t.JMeterThread: Thread finished: carsPerf 1-14
2018-09-28 10:04:36,681 INFO o.a.j.t.JMeterThread: Thread is done: carsPerf 1-171
2018-09-28 10:04:36,681 INFO o.a.j.t.JMeterThread: Thread finished: carsPerf 1-171
2018-09-28 10:04:36,682 INFO o.a.j.t.JMeterThread: Thread is done: carsPerf 1-174
2018-09-28 10:04:36,682 INFO o.a.j.t.JMeterThread: Thread finished: carsPerf 1-174
2018-09-28 10:04:36,682 INFO o.a.j.t.JMeterThread: Thread is done: carsPerf 1-69
2018-09-28 10:04:36,682 INFO o.a.j.t.JMeterThread: Thread finished: carsPerf 1-69
2018-09-28 10:04:36,682 INFO o.a.j.t.JMeterThread: Thread is done: carsPerf 1-197
2018-09-28 10:04:36,682 INFO o.a.j.t.JMeterThread: Thread finished: carsPerf 1-197
2018-09-28 10:04:36,683 INFO o.a.j.t.JMeterThread: Thread is done: carsPerf 1-68
2018-09-28 10:04:36,683 INFO o.a.j.t.JMeterThread: Thread finished: carsPerf 1-68
2018-09-28 10:04:36,683 INFO o.a.j.t.JMeterThread: Thread is done: carsPerf 1-130
2018-09-28 10:04:36,683 INFO o.a.j.t.JMeterThread: Thread finished: carsPerf 1-130
