[2018-09-26 14:23:30,644 INFO root] Taurus CLI Tool v1.12.1
[2018-09-26 14:23:30,644 DEBUG root] Command-line options: {'verbose': None, 'no_system_configs': None, 'quiet': None, 'log': '/var/folders/vj/r6kgz4cd4bv4mdcv_qr1bsv40000gq/T/bzt_rH2u0P.log', 'option': None, 'aliases': []}
[2018-09-26 14:23:30,644 DEBUG root] Python: CPython 2.7.15
[2018-09-26 14:23:30,644 DEBUG root] OS: ('Darwin', 'gaspa03mac', '17.7.0', 'Darwin Kernel Version 17.7.0: Thu Jun 21 22:53:14 PDT 2018; root:xnu-4570.71.2~1/RELEASE_X86_64', 'x86_64', 'i386')
[2018-09-26 14:23:30,644 INFO root] Starting with configs: ['carsPerf-JMeter.yaml']
[2018-09-26 14:23:30,644 DEBUG root] Using personal config: /Users/gaspa03/.bzt-rc
[2018-09-26 14:23:30,645 INFO Engine] Configuring...
[2018-09-26 14:23:30,645 DEBUG Engine] No machine configs dir: /usr/local/Cellar/bzt/1.12.1/libexec/bin/../etc/bzt.d
[2018-09-26 14:23:30,645 DEBUG Engine] Base configs list: ['/usr/local/Cellar/bzt/1.12.1/libexec/lib/python2.7/site-packages/bzt/resources/base-config.yml']
[2018-09-26 14:23:30,645 DEBUG Engine.Configuration] Configs: ['/usr/local/Cellar/bzt/1.12.1/libexec/lib/python2.7/site-packages/bzt/resources/base-config.yml']
[2018-09-26 14:23:30,646 DEBUG Engine.Configuration] Reading /usr/local/Cellar/bzt/1.12.1/libexec/lib/python2.7/site-packages/bzt/resources/base-config.yml as YAML
[2018-09-26 14:23:30,670 DEBUG Engine] User configs list: ['/Users/gaspa03/.bzt-rc', 'carsPerf-JMeter.yaml']
[2018-09-26 14:23:30,670 DEBUG Engine.Configuration] Configs: ['/Users/gaspa03/.bzt-rc', 'carsPerf-JMeter.yaml']
[2018-09-26 14:23:30,671 WARNING Engine.Configuration] Replaced leading tabs in file /Users/gaspa03/.bzt-rc, line 0
[2018-09-26 14:23:30,671 WARNING Engine.Configuration] Line content is: # General Settings
[2018-09-26 14:23:30,671 WARNING Engine.Configuration] Please remember that YAML spec does not allow using tabs for indentation
[2018-09-26 14:23:30,671 DEBUG Engine.Configuration] Reading /Users/gaspa03/.bzt-rc as YAML
[2018-09-26 14:23:30,675 DEBUG Engine.Configuration] Reading carsPerf-JMeter.yaml as YAML
[2018-09-26 14:23:30,683 DEBUG Engine.Configuration] Configs: ['/Users/gaspa03/.bzt-rc', 'carsPerf-JMeter.yaml']
[2018-09-26 14:23:30,684 DEBUG Engine.Configuration] Reading /Users/gaspa03/.bzt-rc as YAML
[2018-09-26 14:23:30,687 DEBUG Engine.Configuration] Reading carsPerf-JMeter.yaml as YAML
[2018-09-26 14:23:30,704 DEBUG Engine] Requesting updates info: http://gettaurus.org/updates/?version=1.12.1&installID=macos-6a0000694290
[2018-09-26 14:23:30,704 DEBUG HTTPClient] Making HTTP request GET http://gettaurus.org/updates/?version=1.12.1&installID=macos-6a0000694290
[2018-09-26 14:23:30,705 INFO Engine] Artifacts dir: /Users/gaspa03/git/SV-APIBusinessOnBox/SV-CarsAPI/bzt/2018-09-26_14-23-30.704881
[2018-09-26 14:23:30,710 DEBUG urllib3.connectionpool] Starting new HTTP connection (1): gettaurus.org:80
[2018-09-26 14:23:30,710 DEBUG Engine] New artifact filename: /Users/gaspa03/git/SV-APIBusinessOnBox/SV-CarsAPI/bzt/2018-09-26_14-23-30.704881/effective
[2018-09-26 14:23:30,713 DEBUG Engine.Configuration] Dumping YAML config into /Users/gaspa03/git/SV-APIBusinessOnBox/SV-CarsAPI/bzt/2018-09-26_14-23-30.704881/effective.yml
[2018-09-26 14:23:30,738 DEBUG Engine.Configuration] Dumping JSON config into /Users/gaspa03/git/SV-APIBusinessOnBox/SV-CarsAPI/bzt/2018-09-26_14-23-30.704881/effective.json
[2018-09-26 14:23:30,739 DEBUG Engine] New artifact filename: /Users/gaspa03/git/SV-APIBusinessOnBox/SV-CarsAPI/bzt/2018-09-26_14-23-30.704881/merged.yml
[2018-09-26 14:23:30,739 DEBUG Engine.Configuration] Dumping YAML config into /Users/gaspa03/git/SV-APIBusinessOnBox/SV-CarsAPI/bzt/2018-09-26_14-23-30.704881/merged.yml
[2018-09-26 14:23:30,744 DEBUG Engine] New artifact filename: /Users/gaspa03/git/SV-APIBusinessOnBox/SV-CarsAPI/bzt/2018-09-26_14-23-30.704881/merged.json
[2018-09-26 14:23:30,745 DEBUG Engine.Configuration] Dumping JSON config into /Users/gaspa03/git/SV-APIBusinessOnBox/SV-CarsAPI/bzt/2018-09-26_14-23-30.704881/merged.json
[2018-09-26 14:23:30,745 DEBUG Engine] Add existing artifact (move=False): carsPerf-JMeter.yaml
[2018-09-26 14:23:30,745 DEBUG Engine] Copying carsPerf-JMeter.yaml to /Users/gaspa03/git/SV-APIBusinessOnBox/SV-CarsAPI/bzt/2018-09-26_14-23-30.704881/carsPerf-JMeter.yaml
[2018-09-26 14:23:30,746 DEBUG Engine.Environment] Replace 'TAURUS_ARTIFACTS_DIR' in environment
[2018-09-26 14:23:30,747 DEBUG root] Closing log handler: /var/folders/vj/r6kgz4cd4bv4mdcv_qr1bsv40000gq/T/bzt_rH2u0P.log
[2018-09-26 14:23:30,747 DEBUG root] Switched writing logs to /Users/gaspa03/git/SV-APIBusinessOnBox/SV-CarsAPI/bzt/2018-09-26_14-23-30.704881/bzt.log
[2018-09-26 14:23:30,747 DEBUG root] Linting config
[2018-09-26 14:23:30,750 WARNING root] at path 'execution': 'execution' should be a list
[2018-09-26 14:23:30,750 INFO Engine] Preparing...
[2018-09-26 14:23:30,751 DEBUG Engine] Module config: consolidator defaultdict(None, {'class': u'bzt.modules.aggregator.ConsolidatingAggregator'})
[2018-09-26 14:23:30,751 DEBUG root] Importing module: bzt.modules.aggregator
[2018-09-26 14:23:30,899 DEBUG root] Loading class: 'ConsolidatingAggregator' from <module 'bzt.modules.aggregator' from '/usr/local/Cellar/bzt/1.12.1/libexec/lib/python2.7/site-packages/bzt/modules/aggregator.pyc'>
[2018-09-26 14:23:30,899 DEBUG Engine.consolidator] Buffer scaling setup: percentile 95.0 from [0.0, 50.0, 90.0, 95.0, 99.0, 99.9, 100.0] selected
[2018-09-26 14:23:30,899 DEBUG Engine] Module config: monitoring defaultdict(None, {'class': u'bzt.modules.monitoring.Monitoring'})
[2018-09-26 14:23:30,899 DEBUG root] Importing module: bzt.modules.monitoring
[2018-09-26 14:23:30,901 DEBUG root] Loading class: 'Monitoring' from <module 'bzt.modules.monitoring' from '/usr/local/Cellar/bzt/1.12.1/libexec/lib/python2.7/site-packages/bzt/modules/monitoring.pyc'>
[2018-09-26 14:23:30,901 DEBUG Engine] Module config: local defaultdict(None, {'class': u'bzt.modules.provisioning.Local'})
[2018-09-26 14:23:30,901 DEBUG root] Importing module: bzt.modules.provisioning
[2018-09-26 14:23:30,901 DEBUG root] Loading class: 'Local' from <module 'bzt.modules.provisioning' from '/usr/local/Cellar/bzt/1.12.1/libexec/lib/python2.7/site-packages/bzt/modules/provisioning.pyc'>
[2018-09-26 14:23:30,901 DEBUG Engine] Module config: jmeter defaultdict(None, {'class': u'bzt.modules.jmeter.JMeterExecutor', 'protocol-handlers': defaultdict(None, {'http': u'bzt.jmx.http.HTTPProtocolHandler'}), 'properties': defaultdict(None, {'jmeter.save.saveservice.autoflush': u'true', 'jmeter.save.saveservice.connect_time': u'true', 'summariser.name': u'', 'jmeterengine.force.system.exit': u'true'}), 'plugins': [u'jpgc-casutg', u'jpgc-dummy', u'jpgc-ffw', u'jpgc-fifo', u'jpgc-functions', u'jpgc-json', u'jpgc-perfmon', u'jpgc-prmctl', u'jpgc-tst']})
[2018-09-26 14:23:30,902 DEBUG root] Importing module: bzt.modules.jmeter
[2018-09-26 14:23:30,912 DEBUG root] Loading class: 'JMeterExecutor' from <module 'bzt.modules.jmeter' from '/usr/local/Cellar/bzt/1.12.1/libexec/lib/python2.7/site-packages/bzt/modules/jmeter.pyc'>
[2018-09-26 14:23:30,912 DEBUG Engine.local] Preparing executor: None/4565681296
[2018-09-26 14:23:30,912 DEBUG Engine] New artifact filename: /Users/gaspa03/git/SV-APIBusinessOnBox/SV-CarsAPI/bzt/2018-09-26_14-23-30.704881/jmeter.log
[2018-09-26 14:23:30,912 DEBUG Engine.jmeter] Checking if port 4445 is free
[2018-09-26 14:23:30,913 DEBUG Engine.jmeter] Port 4445 is free
[2018-09-26 14:23:30,913 DEBUG Engine.jmeter] Using port 4445 for management
[2018-09-26 14:23:30,913 DEBUG Engine.jmeter.JavaVM] Trying JavaVM: ['java', '-version']
[2018-09-26 14:23:30,929 DEBUG urllib3.connectionpool] http://gettaurus.org:80 "GET /updates/?version=1.12.1&installID=macos-6a0000694290 HTTP/1.1" 200 59
[2018-09-26 14:23:30,930 DEBUG Engine] Taurus updates info: {u'needsUpgrade': True, u'latest': u'1.13.0'}
[2018-09-26 14:23:30,930 WARNING Engine] There is newer version of Taurus 1.13.0 available, consider upgrading. What's new: http://gettaurus.org/docs/Changelog/
[2018-09-26 14:23:31,005 DEBUG Engine.jmeter.JavaVM] JavaVM output: java version "1.8.0_92"
Java(TM) SE Runtime Environment (build 1.8.0_92-b14)
Java HotSpot(TM) 64-Bit Server VM (build 25.92-b14, mixed mode)
[2018-09-26 14:23:31,006 DEBUG Engine.jmeter.TclLibrary] We don't need to check tcl library on this platform
[2018-09-26 14:23:31,006 DEBUG Engine.jmeter.JMeter] Trying jmeter: /Users/gaspa03/.bzt/jmeter-taurus/4.0/bin/jmeter.sh
[2018-09-26 14:23:31,006 DEBUG bzt.utils] Executing shell: ['/Users/gaspa03/.bzt/jmeter-taurus/4.0/bin/jmeter.sh', '-j', '/var/folders/vj/r6kgz4cd4bv4mdcv_qr1bsv40000gq/T/jmeterfdqrQKlog', '--version'] at .
[2018-09-26 14:23:32,103 DEBUG Engine.jmeter.JMeter] JMeter check:     _    ____   _    ____ _   _ _____       _ __  __ _____ _____ _____ ____     
   / \  |  _ \ / \  / ___| | | | ____|     | |  \/  | ____|_   _| ____|  _ \   
  / _ \ | |_) / _ \| |   | |_| |  _|    _  | | |\/| |  _|   | | |  _| | |_) | 
 / ___ \|  __/ ___ \ |___|  _  | |___  | |_| | |  | | |___  | | | |___|  _ <  
/_/   \_\_| /_/   \_\____|_| |_|_____|  \___/|_|  |_|_____| |_| |_____|_| \_\ 4.0 r1823414  

Copyright (c) 1999-2018 The Apache Software Foundation

 / None
[2018-09-26 14:23:32,104 DEBUG Engine] New artifact filename: /Users/gaspa03/git/SV-APIBusinessOnBox/SV-CarsAPI/bzt/2018-09-26_14-23-30.704881/requests.jmx
[2018-09-26 14:23:32,105 DEBUG root] Importing module: bzt.jmx.http
[2018-09-26 14:23:32,106 DEBUG root] Loading class: 'HTTPProtocolHandler' from <module 'bzt.jmx.http' from '/usr/local/Cellar/bzt/1.12.1/libexec/lib/python2.7/site-packages/bzt/jmx/http.pyc'>
[2018-09-26 14:23:32,109 DEBUG JMeterScenarioBuilder] Saving JMX to: /Users/gaspa03/git/SV-APIBusinessOnBox/SV-CarsAPI/bzt/2018-09-26_14-23-30.704881/requests.jmx
[2018-09-26 14:23:32,109 DEBUG Engine.jmeter] Load: LoadSpec(concurrency=200, throughput=None, ramp_up=30.0, hold=300.0, iterations=0, duration=330.0, steps=None)
[2018-09-26 14:23:32,112 DEBUG Engine] New artifact filename: /Users/gaspa03/git/SV-APIBusinessOnBox/SV-CarsAPI/bzt/2018-09-26_14-23-30.704881/kpi.jtl
[2018-09-26 14:23:32,112 DEBUG Engine] New artifact filename: /Users/gaspa03/git/SV-APIBusinessOnBox/SV-CarsAPI/bzt/2018-09-26_14-23-30.704881/error.jtl
[2018-09-26 14:23:32,115 DEBUG Engine.jmeter.LoadSettingsProcessor.ThreadGroupHandler] Converting ThreadGroup (carsPerf) to ConcurrencyThreadGroup and apply load parameters
[2018-09-26 14:23:32,115 DEBUG Engine] New artifact filename: /Users/gaspa03/git/SV-APIBusinessOnBox/SV-CarsAPI/bzt/2018-09-26_14-23-30.704881/modified_requests.jmx
[2018-09-26 14:23:32,115 DEBUG JMX] Saving JMX to: /Users/gaspa03/git/SV-APIBusinessOnBox/SV-CarsAPI/bzt/2018-09-26_14-23-30.704881/modified_requests.jmx
[2018-09-26 14:23:32,116 DEBUG Engine.jmeter] Additional properties: defaultdict(None, {'jmeter.save.saveservice.autoflush': u'true', 'jmeter.save.saveservice.connect_time': u'true', 'user.classpath': '/Users/gaspa03/git/SV-APIBusinessOnBox/SV-CarsAPI/bzt/2018-09-26_14-23-30.704881:/Users/gaspa03/git/SV-APIBusinessOnBox/SV-CarsAPI/bzt/2018-09-26_14-23-30.704881', 'sampleresult.default.encoding': 'UTF-8', 'summariser.name': u'', 'jmeterengine.force.system.exit': u'true', 'jmeter.save.saveservice.timestamp_format': 'ms', 'jmeterengine.nongui.maxport': 4445, 'jmeterengine.nongui.port': 4445})
[2018-09-26 14:23:32,116 DEBUG Engine] New artifact filename: /Users/gaspa03/git/SV-APIBusinessOnBox/SV-CarsAPI/bzt/2018-09-26_14-23-30.704881/jmeter-bzt.properties
[2018-09-26 14:23:32,116 DEBUG Engine.jmeter] Additional system properties defaultdict(None, {'sun.net.inetaddr.ttl': 0})
[2018-09-26 14:23:32,116 DEBUG Engine] New artifact filename: /Users/gaspa03/git/SV-APIBusinessOnBox/SV-CarsAPI/bzt/2018-09-26_14-23-30.704881/system.properties
[2018-09-26 14:23:32,117 DEBUG Engine.jmeter.JMeter] Passing JVM_ARGS: ''
[2018-09-26 14:23:32,117 DEBUG bzt.utils] Executing shell: ['/Users/gaspa03/.bzt/jmeter-taurus/4.0/bin/PluginsManagerCMD.sh', 'install-for-jmx', '/Users/gaspa03/git/SV-APIBusinessOnBox/SV-CarsAPI/bzt/2018-09-26_14-23-30.704881/modified_requests.jmx'] at .
[2018-09-26 14:23:33,841 DEBUG Engine.jmeter.JMeter] Try to detect plugins for /Users/gaspa03/git/SV-APIBusinessOnBox/SV-CarsAPI/bzt/2018-09-26_14-23-30.704881/modified_requests.jmx
2018-09-26 14:23:32,792 INFO o.j.r.PluginManagerCMD: Command is: install-for-jmx
2018-09-26 14:23:32,892 INFO o.j.r.JARSourceHTTP: Found cached repo
2018-09-26 14:23:33,058 INFO o.j.r.PluginManager: Plugins Status: [jpgc-functions=2.1, jpgc-casutg=2.5, jpgc-dummy=0.2, jpgc-ffw=2.0, jpgc-fifo=0.2, jpgc-json=2.6, jpgc-prmctl=0.4, jpgc-perfmon=2.1, jpgc-plugins-manager=1.1, jpgc-tst=2.5, jmeter-core=4.0, jmeter-ftp=4.0, jmeter-http=4.0, jmeter-jdbc=4.0, jmeter-jms=4.0, jmeter-junit=4.0, jmeter-java=4.0, jmeter-ldap=4.0, jmeter-mail=4.0, jmeter-mongodb=4.0, jmeter-native=4.0, jmeter-tcp=4.0, jmeter-components=4.0]
2018-09-26 14:23:33,059 INFO o.j.r.PluginManagerCMD: Params line is: /Users/gaspa03/git/SV-APIBusinessOnBox/SV-CarsAPI/bzt/2018-09-26_14-23-30.704881/modified_requests.jmx
2018-09-26 14:23:33,289 INFO o.a.j.s.SaveService: Testplan (JMX) version: 2.2. Testlog (JTL) version: 2.2
2018-09-26 14:23:33,303 INFO o.a.j.s.SaveService: Using SaveService properties file encoding UTF-8
2018-09-26 14:23:33,307 INFO o.a.j.s.SaveService: Using SaveService properties version 4.0
2018-09-26 14:23:33,340 INFO o.a.j.p.h.c.CacheManager: Will only cache the following methods: [GET]
2018-09-26 14:23:33,344 INFO o.a.j.p.h.c.CookieManager: Settings: Delete null: true Check: true Allow variable: true Save: false Prefix: COOKIE_
2018-09-26 14:23:33,348 WARN o.a.j.u.JMeterUtils: ERROR! Resource string not found: [option]
2018-09-26 14:23:33,348 WARN o.a.j.u.JMeterUtils: ERROR! Resource string not found: [add]
2018-09-26 14:23:33,348 WARN o.a.j.u.JMeterUtils: ERROR! Resource string not found: [add_host]
2018-09-26 14:23:33,348 WARN o.a.j.u.JMeterUtils: ERROR! Resource string not found: [delete]
2018-09-26 14:23:33,348 WARN o.a.j.u.JMeterUtils: ERROR! Resource string not found: [delete_host]
2018-09-26 14:23:33,348 WARN o.a.j.u.JMeterUtils: ERROR! Resource string not found: [use_system_dns_resolver]
2018-09-26 14:23:33,349 WARN o.a.j.u.JMeterUtils: ERROR! Resource string not found: [use_custom_dns_resolver]
2018-09-26 14:23:33,349 WARN o.a.j.u.JMeterUtils: ERROR! Resource string not found: [dns_hostname_or_ip]
2018-09-26 14:23:33,349 WARN o.a.j.u.JMeterUtils: ERROR! Resource string not found: [dns_host]
2018-09-26 14:23:33,349 WARN o.a.j.u.JMeterUtils: ERROR! Resource string not found: [dns_hostname_or_ip]
2018-09-26 14:23:33,387 INFO o.a.j.p.h.s.HTTPSamplerBase: Parser for text/html is org.apache.jmeter.protocol.http.parser.LagartoBasedHtmlParser
2018-09-26 14:23:33,388 INFO o.a.j.p.h.s.HTTPSamplerBase: Parser for application/xhtml+xml is org.apache.jmeter.protocol.http.parser.LagartoBasedHtmlParser
2018-09-26 14:23:33,388 INFO o.a.j.p.h.s.HTTPSamplerBase: Parser for application/xml is org.apache.jmeter.protocol.http.parser.LagartoBasedHtmlParser
2018-09-26 14:23:33,388 INFO o.a.j.p.h.s.HTTPSamplerBase: Parser for text/xml is org.apache.jmeter.protocol.http.parser.LagartoBasedHtmlParser
2018-09-26 14:23:33,388 INFO o.a.j.p.h.s.HTTPSamplerBase: Parser for text/vnd.wap.wml is org.apache.jmeter.protocol.http.parser.RegexpHTMLParser
2018-09-26 14:23:33,388 INFO o.a.j.p.h.s.HTTPSamplerBase: Parser for text/css is org.apache.jmeter.protocol.http.parser.CssParser
2018-09-26 14:23:33,465 INFO o.j.r.PluginManager: Finishing without changes


[2018-09-26 14:23:33,841 DEBUG Engine] New artifact filename: /Users/gaspa03/git/SV-APIBusinessOnBox/SV-CarsAPI/bzt/2018-09-26_14-23-30.704881/jmeter.out
[2018-09-26 14:23:33,841 DEBUG Engine] New artifact filename: /Users/gaspa03/git/SV-APIBusinessOnBox/SV-CarsAPI/bzt/2018-09-26_14-23-30.704881/jmeter.err
[2018-09-26 14:23:33,842 DEBUG Engine] Module config: final-stats defaultdict(None, {'class': u'bzt.modules.reporting.FinalStatus'})
[2018-09-26 14:23:33,842 DEBUG root] Importing module: bzt.modules.reporting
[2018-09-26 14:23:33,857 DEBUG easyprocess] version=0.2.3
[2018-09-26 14:23:33,858 DEBUG pyvirtualdisplay] version=0.2.1
[2018-09-26 14:23:33,860 DEBUG root] Loading class: 'FinalStatus' from <module 'bzt.modules.reporting' from '/usr/local/Cellar/bzt/1.12.1/libexec/lib/python2.7/site-packages/bzt/modules/reporting.pyc'>
[2018-09-26 14:23:33,860 DEBUG Engine] Module config: console defaultdict(None, {'class': u'bzt.modules.console.ConsoleStatusReporter'})
[2018-09-26 14:23:33,860 DEBUG root] Importing module: bzt.modules.console
[2018-09-26 14:23:33,860 DEBUG root] Loading class: 'ConsoleStatusReporter' from <module 'bzt.modules.console' from '/usr/local/Cellar/bzt/1.12.1/libexec/lib/python2.7/site-packages/bzt/modules/console.pyc'>
[2018-09-26 14:23:33,868 DEBUG Engine.Configuration] Dumping YAML config into /Users/gaspa03/git/SV-APIBusinessOnBox/SV-CarsAPI/bzt/2018-09-26_14-23-30.704881/effective.yml
[2018-09-26 14:23:33,892 DEBUG Engine.Configuration] Dumping JSON config into /Users/gaspa03/git/SV-APIBusinessOnBox/SV-CarsAPI/bzt/2018-09-26_14-23-30.704881/effective.json
[2018-09-26 14:23:33,893 INFO Engine] Starting...
[2018-09-26 14:23:33,893 DEBUG Engine] Startup <bzt.modules.monitoring.Monitoring object at 0x1101e7410>
[2018-09-26 14:23:33,893 DEBUG Engine] Startup <bzt.modules.aggregator.ConsolidatingAggregator object at 0x10ea8a110>
[2018-09-26 14:23:33,893 DEBUG Engine] Startup <bzt.modules.reporting.FinalStatus object at 0x10ea70590>
[2018-09-26 14:23:33,894 DEBUG Engine] Startup <bzt.modules.console.ConsoleStatusReporter object at 0x1103b3b50>
[2018-09-26 14:23:33,894 INFO Engine.console] Waiting for results...
[2018-09-26 14:23:33,894 DEBUG Engine] Startup <bzt.modules.provisioning.Local object at 0x10ea45ed0>
[2018-09-26 14:23:33,894 DEBUG Engine.local] Delay setup for None/carsPerf: 0(start-at) + 0(delay) = 0
[2018-09-26 14:23:33,896 DEBUG Engine.Configuration] Dumping YAML config into /Users/gaspa03/git/SV-APIBusinessOnBox/SV-CarsAPI/bzt/2018-09-26_14-23-30.704881/effective.yml
[2018-09-26 14:23:33,918 DEBUG Engine.Configuration] Dumping JSON config into /Users/gaspa03/git/SV-APIBusinessOnBox/SV-CarsAPI/bzt/2018-09-26_14-23-30.704881/effective.json
[2018-09-26 14:23:33,919 DEBUG root] Leveling down log file verbosity to INFO, use -v option to have DEBUG messages enabled
[2018-09-26 14:23:33,919 DEBUG root] Leveled up log file verbosity
[2018-09-26 14:23:33,919 DEBUG bzt.utils] Executing shell: ['/Users/gaspa03/.bzt/jmeter-taurus/4.0/bin/jmeter.sh', '-n', '-t', '/Users/gaspa03/git/SV-APIBusinessOnBox/SV-CarsAPI/bzt/2018-09-26_14-23-30.704881/modified_requests.jmx', '-j', '/Users/gaspa03/git/SV-APIBusinessOnBox/SV-CarsAPI/bzt/2018-09-26_14-23-30.704881/jmeter.log', '-q', '/Users/gaspa03/git/SV-APIBusinessOnBox/SV-CarsAPI/bzt/2018-09-26_14-23-30.704881/jmeter-bzt.properties', '-S', '/Users/gaspa03/git/SV-APIBusinessOnBox/SV-CarsAPI/bzt/2018-09-26_14-23-30.704881/system.properties'] at /Users/gaspa03/git/SV-APIBusinessOnBox/SV-CarsAPI/bzt
[2018-09-26 14:23:33,930 DEBUG root] Leveling down log file verbosity to INFO, use -v option to have DEBUG messages enabled
[2018-09-26 14:23:34,153 INFO Engine.console] Waiting for finish...
[2018-09-26 14:23:39,942 INFO Engine.jmeter.JTLReader] Changed data analysis delay to 5s
[2018-09-26 14:23:44,955 INFO Engine.jmeter.JTLReader] Changed data analysis delay to 13s
[2018-09-26 14:24:02,394 WARNING Engine] Please wait for graceful shutdown...
[2018-09-26 14:24:02,400 DEBUG root] Leveled up log file verbosity
[2018-09-26 14:24:02,401 INFO Engine] Shutting down...
[2018-09-26 14:24:02,405 DEBUG Engine] Current stop reason: 
[2018-09-26 14:24:02,406 DEBUG Engine.local] Shutdown None/carsPerf
[2018-09-26 14:24:03,407 INFO Engine.jmeter] Sending Shutdown command to JMeter on port 4445...
[2018-09-26 14:24:04,417 DEBUG Engine.jmeter] JMeter stopped on Shutdown command
[2018-09-26 14:24:04,418 DEBUG Engine.console] Restoring logging streams, [<logging.StreamHandler object at 0x10ea45590>]/{<logging.StreamHandler object at 0x10ea45590>: <open file '<stdout>', mode 'w' at 0x10d1e2150>}
[2018-09-26 14:24:04,421 DEBUG Engine.Configuration] Dumping YAML config into /Users/gaspa03/git/SV-APIBusinessOnBox/SV-CarsAPI/bzt/2018-09-26_14-23-30.704881/effective.yml
[2018-09-26 14:24:04,446 DEBUG Engine.Configuration] Dumping JSON config into /Users/gaspa03/git/SV-APIBusinessOnBox/SV-CarsAPI/bzt/2018-09-26_14-23-30.704881/effective.json
[2018-09-26 14:24:04,447 WARNING root] Keyboard interrupt
[2018-09-26 14:24:04,447 DEBUG root] KeyboardInterrupt: 
Traceback (most recent call last):
  File "/usr/local/Cellar/bzt/1.12.1/libexec/lib/python2.7/site-packages/bzt/cli.py", line 254, in perform
    self.engine.run()
  File "/usr/local/Cellar/bzt/1.12.1/libexec/lib/python2.7/site-packages/bzt/engine.py", line 224, in run
    reraise(exc_info)
  File "/usr/local/Cellar/bzt/1.12.1/libexec/lib/python2.7/site-packages/bzt/engine.py", line 206, in run
    self._wait()
  File "/usr/local/Cellar/bzt/1.12.1/libexec/lib/python2.7/site-packages/bzt/engine.py", line 252, in _wait
    time.sleep(delay)
KeyboardInterrupt
[2018-09-26 14:24:04,447 INFO Engine] Post-processing...
[2018-09-26 14:24:04,448 DEBUG Engine.local] Post-process None/carsPerf
[2018-09-26 14:24:04,448 DEBUG Engine] Add existing artifact (move=True): /Users/gaspa03/git/SV-APIBusinessOnBox/SV-CarsAPI/bzt/2018-09-26_14-23-30.704881/modified_requests.jmx
[2018-09-26 14:24:04,448 DEBUG Engine] No need to copy /Users/gaspa03/git/SV-APIBusinessOnBox/SV-CarsAPI/bzt/2018-09-26_14-23-30.704881/modified_requests.jmx
[2018-09-26 14:24:04,448 DEBUG Engine.jmeter.JTLErrorsReader.FileReader] Opening file: /Users/gaspa03/git/SV-APIBusinessOnBox/SV-CarsAPI/bzt/2018-09-26_14-23-30.704881/error.jtl
[2018-09-26 14:24:04,448 DEBUG Engine.jmeter.JTLErrorsReader.FileReader] Reading: /Users/gaspa03/git/SV-APIBusinessOnBox/SV-CarsAPI/bzt/2018-09-26_14-23-30.704881/error.jtl
[2018-09-26 14:24:04,449 DEBUG Engine.jmeter.JTLErrorsReader.FileReader] Reading: /Users/gaspa03/git/SV-APIBusinessOnBox/SV-CarsAPI/bzt/2018-09-26_14-23-30.704881/error.jtl
[2018-09-26 14:24:04,449 DEBUG Engine.jmeter.JTLReader.IncrementalCSVReader.FileReader] Reading: /Users/gaspa03/git/SV-APIBusinessOnBox/SV-CarsAPI/bzt/2018-09-26_14-23-30.704881/kpi.jtl
[2018-09-26 14:24:04,451 DEBUG Engine.jmeter.JTLReader.IncrementalCSVReader] Read: 368 lines / 57649 bytes (at speed 1048576)
[2018-09-26 14:24:04,457 DEBUG Engine.jmeter.JTLReader] Buffer len: 15; Known errors count: 1
[2018-09-26 14:24:04,457 DEBUG Engine.jmeter.JTLReader] Aggregating: 1537968229
[2018-09-26 14:24:04,505 DEBUG Engine.jmeter.JTLReader] Aggregating: 1537968230
[2018-09-26 14:24:04,554 DEBUG Engine.jmeter.JTLReader] Aggregating: 1537968231
[2018-09-26 14:24:04,601 DEBUG Engine.jmeter.JTLReader] Aggregating: 1537968232
[2018-09-26 14:24:04,647 DEBUG Engine.jmeter.JTLReader] Aggregating: 1537968233
[2018-09-26 14:24:04,693 DEBUG Engine.jmeter.JTLReader] Aggregating: 1537968234
[2018-09-26 14:24:04,740 DEBUG Engine.jmeter.JTLReader] Aggregating: 1537968235
[2018-09-26 14:24:04,786 DEBUG Engine.jmeter.JTLReader] Aggregating: 1537968236
[2018-09-26 14:24:04,835 DEBUG Engine.jmeter.JTLReader] Aggregating: 1537968237
[2018-09-26 14:24:04,871 DEBUG Engine.jmeter.JTLReader] Aggregating: 1537968238
[2018-09-26 14:24:04,908 DEBUG Engine.jmeter.JTLReader] Aggregating: 1537968239
[2018-09-26 14:24:04,944 DEBUG Engine.jmeter.JTLReader] Aggregating: 1537968240
[2018-09-26 14:24:04,980 DEBUG Engine.jmeter.JTLReader] Aggregating: 1537968241
[2018-09-26 14:24:05,019 DEBUG Engine.jmeter.JTLReader] Aggregating: 1537968242
[2018-09-26 14:24:05,051 DEBUG Engine.jmeter.JTLReader] Aggregating: 1537968243
[2018-09-26 14:24:05,078 DEBUG Engine.consolidator] Consolidator buffer[17]: [1537968227, 1537968228, 1537968229, 1537968230, 1537968231, 1537968232, 1537968233, 1537968234, 1537968235, 1537968236, 1537968237, 1537968238, 1537968239, 1537968240, 1537968241, 1537968242, 1537968243]
[2018-09-26 14:24:05,078 DEBUG Engine.consolidator] Merging into 1537968227
[2018-09-26 14:24:05,078 DEBUG Engine.consolidator] Merging 1537968227
[2018-09-26 14:24:05,175 DEBUG Engine.consolidator] Processed datapoint: 1537968227/None
[2018-09-26 14:24:05,175 DEBUG Engine.consolidator] Merging into 1537968228
[2018-09-26 14:24:05,175 DEBUG Engine.consolidator] Merging 1537968228
[2018-09-26 14:24:05,272 DEBUG Engine.consolidator] Processed datapoint: 1537968228/None
[2018-09-26 14:24:05,272 DEBUG Engine.consolidator] Merging into 1537968229
[2018-09-26 14:24:05,273 DEBUG Engine.consolidator] Merging 1537968229
[2018-09-26 14:24:05,370 DEBUG Engine.consolidator] Processed datapoint: 1537968229/None
[2018-09-26 14:24:05,370 DEBUG Engine.consolidator] Merging into 1537968230
[2018-09-26 14:24:05,370 DEBUG Engine.consolidator] Merging 1537968230
[2018-09-26 14:24:05,466 DEBUG Engine.consolidator] Processed datapoint: 1537968230/None
[2018-09-26 14:24:05,466 DEBUG Engine.consolidator] Merging into 1537968231
[2018-09-26 14:24:05,466 DEBUG Engine.consolidator] Merging 1537968231
[2018-09-26 14:24:05,564 DEBUG Engine.consolidator] Processed datapoint: 1537968231/None
[2018-09-26 14:24:05,565 DEBUG Engine.consolidator] Merging into 1537968232
[2018-09-26 14:24:05,565 DEBUG Engine.consolidator] Merging 1537968232
[2018-09-26 14:24:05,660 DEBUG Engine.consolidator] Processed datapoint: 1537968232/None
[2018-09-26 14:24:05,660 DEBUG Engine.consolidator] Merging into 1537968233
[2018-09-26 14:24:05,660 DEBUG Engine.consolidator] Merging 1537968233
[2018-09-26 14:24:05,761 DEBUG Engine.consolidator] Processed datapoint: 1537968233/None
[2018-09-26 14:24:05,761 DEBUG Engine.consolidator] Merging into 1537968234
[2018-09-26 14:24:05,761 DEBUG Engine.consolidator] Merging 1537968234
[2018-09-26 14:24:05,860 DEBUG Engine.consolidator] Processed datapoint: 1537968234/None
[2018-09-26 14:24:05,860 DEBUG Engine.consolidator] Merging into 1537968235
[2018-09-26 14:24:05,860 DEBUG Engine.consolidator] Merging 1537968235
[2018-09-26 14:24:05,977 DEBUG Engine.consolidator] Processed datapoint: 1537968235/None
[2018-09-26 14:24:05,977 DEBUG Engine.consolidator] Merging into 1537968236
[2018-09-26 14:24:05,977 DEBUG Engine.consolidator] Merging 1537968236
[2018-09-26 14:24:06,077 DEBUG Engine.consolidator] Processed datapoint: 1537968236/None
[2018-09-26 14:24:06,077 DEBUG Engine.consolidator] Merging into 1537968237
[2018-09-26 14:24:06,077 DEBUG Engine.consolidator] Merging 1537968237
[2018-09-26 14:24:06,157 DEBUG Engine.consolidator] Processed datapoint: 1537968237/None
[2018-09-26 14:24:06,158 DEBUG Engine.consolidator] Merging into 1537968238
[2018-09-26 14:24:06,158 DEBUG Engine.consolidator] Merging 1537968238
[2018-09-26 14:24:06,235 DEBUG Engine.consolidator] Processed datapoint: 1537968238/None
[2018-09-26 14:24:06,236 DEBUG Engine.consolidator] Merging into 1537968239
[2018-09-26 14:24:06,236 DEBUG Engine.consolidator] Merging 1537968239
[2018-09-26 14:24:06,322 DEBUG Engine.consolidator] Processed datapoint: 1537968239/None
[2018-09-26 14:24:06,322 DEBUG Engine.consolidator] Merging into 1537968240
[2018-09-26 14:24:06,322 DEBUG Engine.consolidator] Merging 1537968240
[2018-09-26 14:24:06,412 DEBUG Engine.consolidator] Processed datapoint: 1537968240/None
[2018-09-26 14:24:06,412 DEBUG Engine.consolidator] Merging into 1537968241
[2018-09-26 14:24:06,412 DEBUG Engine.consolidator] Merging 1537968241
[2018-09-26 14:24:06,491 DEBUG Engine.consolidator] Processed datapoint: 1537968241/None
[2018-09-26 14:24:06,491 DEBUG Engine.consolidator] Merging into 1537968242
[2018-09-26 14:24:06,492 DEBUG Engine.consolidator] Merging 1537968242
[2018-09-26 14:24:06,562 DEBUG Engine.consolidator] Processed datapoint: 1537968242/None
[2018-09-26 14:24:06,562 DEBUG Engine.consolidator] Merging into 1537968243
[2018-09-26 14:24:06,562 DEBUG Engine.consolidator] Merging 1537968243
[2018-09-26 14:24:06,624 DEBUG Engine.consolidator] Processed datapoint: 1537968243/None
[2018-09-26 14:24:06,624 INFO Engine.final-stats] Test duration: 0:00:31
[2018-09-26 14:24:06,625 INFO Engine.final-stats] Samples count: 2538, 3.31% failures
[2018-09-26 14:24:06,625 INFO Engine.final-stats] Average times: total 1.716, latency 1.683, connect 0.001
[2018-09-26 14:24:06,626 INFO Engine.final-stats] Percentiles:
(0lqqqqqqqqqqqqqqqwqqqqqqqqqqqqqqqk(B
(0x(B Percentile, % (0x(B Resp. Time, s (0x(B
(0tqqqqqqqqqqqqqqqnqqqqqqqqqqqqqqqu(B
(0x(B           0.0 (0x(B           0.0 (0x(B
(0x(B          50.0 (0x(B         0.505 (0x(B
(0x(B          90.0 (0x(B         6.515 (0x(B
(0x(B          95.0 (0x(B         6.519 (0x(B
(0x(B          99.0 (0x(B         6.527 (0x(B
(0x(B          99.9 (0x(B         6.531 (0x(B
(0x(B         100.0 (0x(B         6.791 (0x(B
(0mqqqqqqqqqqqqqqqvqqqqqqqqqqqqqqqj(B
[2018-09-26 14:24:06,628 INFO Engine.final-stats] Request label stats:
(0lqqqqqqqqqqqqqqqqqqqqqqqqqqqqqqqqqqqqqqqqqqqqqqqqqqqqqqqqqqqqqqqqqqqqqqqwqqqqqqqqwqqqqqqqqqwqqqqqqqqwqqqqqqqqqqqqqqqqqqqqqqqqqqqqqqqqqqqqqqqqqqk(B
(0x(B label                                                                 (0x(B status (0x(B    succ (0x(B avg_rt (0x(B error                                    (0x(B
(0tqqqqqqqqqqqqqqqqqqqqqqqqqqqqqqqqqqqqqqqqqqqqqqqqqqqqqqqqqqqqqqqqqqqqqqqnqqqqqqqqnqqqqqqqqqnqqqqqqqqnqqqqqqqqqqqqqqqqqqqqqqqqqqqqqqqqqqqqqqqqqqu(B
(0x(B Test                                                                  (0x(B   OK   (0x(B 100.00% (0x(B  6.519 (0x(B                                          (0x(B
(0x(B http://gaspa03mac.local:7901/inventory/carInventory/2T1KR32E37C639014 (0x(B  FAIL  (0x(B  97.00% (0x(B  0.496 (0x(B Non HTTP response message: Socket closed (0x(B
(0x(B http://gaspa03mac.local:7901/inventory/carInventory/2T1KR32EERATDH    (0x(B  FAIL  (0x(B  97.00% (0x(B  0.497 (0x(B                                          (0x(B
(0x(B http://gaspa03mac.local:7901/inventory/carMake/1/models.json          (0x(B  FAIL  (0x(B  98.00% (0x(B  0.501 (0x(B                                          (0x(B
(0x(B http://gaspa03mac.local:7901/inventory/carMake/2/models.json          (0x(B  FAIL  (0x(B  91.00% (0x(B  2.393 (0x(B Non HTTP response message: Socket closed (0x(B
(0x(B http://gaspa03mac.local:7901/inventory/carMake/3/models.json          (0x(B  FAIL  (0x(B  92.00% (0x(B  2.394 (0x(B                                          (0x(B
(0x(B http://gaspa03mac.local:7901/inventory/carMake/index.json             (0x(B   OK   (0x(B 100.00% (0x(B  0.004 (0x(B                                          (0x(B
(0mqqqqqqqqqqqqqqqqqqqqqqqqqqqqqqqqqqqqqqqqqqqqqqqqqqqqqqqqqqqqqqqqqqqqqqqvqqqqqqqqvqqqqqqqqqvqqqqqqqqvqqqqqqqqqqqqqqqqqqqqqqqqqqqqqqqqqqqqqqqqqqj(B
[2018-09-26 14:24:06,629 DEBUG Engine.console] No logger_handler or orig_stream was detected
[2018-09-26 14:24:06,631 DEBUG Engine.Configuration] Dumping YAML config into /Users/gaspa03/git/SV-APIBusinessOnBox/SV-CarsAPI/bzt/2018-09-26_14-23-30.704881/effective.yml
[2018-09-26 14:24:06,654 DEBUG Engine.Configuration] Dumping JSON config into /Users/gaspa03/git/SV-APIBusinessOnBox/SV-CarsAPI/bzt/2018-09-26_14-23-30.704881/effective.json
[2018-09-26 14:24:06,655 INFO root] Artifacts dir: /Users/gaspa03/git/SV-APIBusinessOnBox/SV-CarsAPI/bzt/2018-09-26_14-23-30.704881
[2018-09-26 14:24:06,655 WARNING root] Done performing with code: 1
[2018-09-26 14:24:06,655 DEBUG root] Closing log handler: /Users/gaspa03/git/SV-APIBusinessOnBox/SV-CarsAPI/bzt/2018-09-26_14-23-30.704881/bzt.log
