2018-09-26 14:23:34,810 INFO o.a.j.u.JMeterUtils: Setting Locale to en_US
2018-09-26 14:23:34,827 INFO o.a.j.JMeter: Loading user properties from: /Users/gaspa03/.bzt/jmeter-taurus/4.0/bin/user.properties
2018-09-26 14:23:34,827 INFO o.a.j.JMeter: Loading system properties from: /Users/gaspa03/.bzt/jmeter-taurus/4.0/bin/system.properties
2018-09-26 14:23:34,828 INFO o.a.j.JMeter: Setting System properties from file: /Users/gaspa03/git/SV-APIBusinessOnBox/SV-CarsAPI/bzt/2018-09-26_14-23-30.704881/system.properties
2018-09-26 14:23:34,832 INFO o.a.j.JMeter: Copyright (c) 1998-2018 The Apache Software Foundation
2018-09-26 14:23:34,832 INFO o.a.j.JMeter: Version 4.0 r1823414
2018-09-26 14:23:34,832 INFO o.a.j.JMeter: java.version=1.8.0_92
2018-09-26 14:23:34,832 INFO o.a.j.JMeter: java.vm.name=Java HotSpot(TM) 64-Bit Server VM
2018-09-26 14:23:34,832 INFO o.a.j.JMeter: os.name=Mac OS X
2018-09-26 14:23:34,833 INFO o.a.j.JMeter: os.arch=x86_64
2018-09-26 14:23:34,833 INFO o.a.j.JMeter: os.version=10.13.6
2018-09-26 14:23:34,833 INFO o.a.j.JMeter: file.encoding=UTF-8
2018-09-26 14:23:34,833 INFO o.a.j.JMeter: Max memory     =3817865216
2018-09-26 14:23:34,833 INFO o.a.j.JMeter: Available Processors =8
2018-09-26 14:23:34,836 INFO o.a.j.JMeter: Default Locale=English (United States)
2018-09-26 14:23:34,837 INFO o.a.j.JMeter: JMeter  Locale=English (United States)
2018-09-26 14:23:34,837 INFO o.a.j.JMeter: JMeterHome=/Users/gaspa03/.bzt/jmeter-taurus/4.0
2018-09-26 14:23:34,837 INFO o.a.j.JMeter: user.dir  =/Users/gaspa03/git/SV-APIBusinessOnBox/SV-CarsAPI/bzt
2018-09-26 14:23:34,837 INFO o.a.j.JMeter: PWD       =/Users/gaspa03/git/SV-APIBusinessOnBox/SV-CarsAPI/bzt
2018-09-26 14:23:34,839 INFO o.a.j.JMeter: IP: 127.0.0.1 Name: gaspa03mac FullName: localhost
2018-09-26 14:23:34,839 INFO o.a.j.JMeter: user.classpath=/Users/gaspa03/git/SV-APIBusinessOnBox/SV-CarsAPI/bzt/2018-09-26_14-23-30.704881:/Users/gaspa03/git/SV-APIBusinessOnBox/SV-CarsAPI/bzt/2018-09-26_14-23-30.704881
2018-09-26 14:23:34,839 INFO o.a.j.JMeter: Adding to classpath and loader: /Users/gaspa03/git/SV-APIBusinessOnBox/SV-CarsAPI/bzt/2018-09-26_14-23-30.704881
2018-09-26 14:23:34,840 INFO o.a.j.JMeter: Adding to classpath and loader: /Users/gaspa03/git/SV-APIBusinessOnBox/SV-CarsAPI/bzt/2018-09-26_14-23-30.704881
2018-09-26 14:23:34,843 INFO o.a.j.s.FileServer: Default base='/Users/gaspa03/git/SV-APIBusinessOnBox/SV-CarsAPI/bzt'
2018-09-26 14:23:34,847 INFO o.a.j.s.FileServer: Set new base='/Users/gaspa03/git/SV-APIBusinessOnBox/SV-CarsAPI/bzt/2018-09-26_14-23-30.704881'
2018-09-26 14:23:34,964 INFO o.a.j.s.SaveService: Testplan (JMX) version: 2.2. Testlog (JTL) version: 2.2
2018-09-26 14:23:34,979 INFO o.a.j.s.SaveService: Using SaveService properties file encoding UTF-8
2018-09-26 14:23:34,983 INFO o.a.j.s.SaveService: Using SaveService properties version 4.0
2018-09-26 14:23:34,988 INFO o.a.j.s.SaveService: Loading file: /Users/gaspa03/git/SV-APIBusinessOnBox/SV-CarsAPI/bzt/2018-09-26_14-23-30.704881/modified_requests.jmx
2018-09-26 14:23:35,043 INFO o.a.j.p.h.c.CacheManager: Will only cache the following methods: [GET]
2018-09-26 14:23:35,046 INFO o.a.j.p.h.c.CookieManager: Settings: Delete null: true Check: true Allow variable: true Save: false Prefix: COOKIE_
2018-09-26 14:23:35,061 INFO o.a.j.p.h.s.HTTPSamplerBase: Parser for text/html is org.apache.jmeter.protocol.http.parser.LagartoBasedHtmlParser
2018-09-26 14:23:35,061 INFO o.a.j.p.h.s.HTTPSamplerBase: Parser for application/xhtml+xml is org.apache.jmeter.protocol.http.parser.LagartoBasedHtmlParser
2018-09-26 14:23:35,061 INFO o.a.j.p.h.s.HTTPSamplerBase: Parser for application/xml is org.apache.jmeter.protocol.http.parser.LagartoBasedHtmlParser
2018-09-26 14:23:35,061 INFO o.a.j.p.h.s.HTTPSamplerBase: Parser for text/xml is org.apache.jmeter.protocol.http.parser.LagartoBasedHtmlParser
2018-09-26 14:23:35,062 INFO o.a.j.p.h.s.HTTPSamplerBase: Parser for text/vnd.wap.wml is org.apache.jmeter.protocol.http.parser.RegexpHTMLParser
2018-09-26 14:23:35,062 INFO o.a.j.p.h.s.HTTPSamplerBase: Parser for text/css is org.apache.jmeter.protocol.http.parser.CssParser
2018-09-26 14:23:35,089 INFO o.a.j.e.StandardJMeterEngine: Running the test!
2018-09-26 14:23:35,089 INFO o.a.j.s.SampleEvent: List of sample_variables: []
2018-09-26 14:23:35,089 INFO o.a.j.s.SampleEvent: List of sample_variables: []
2018-09-26 14:23:35,092 INFO o.a.j.e.u.CompoundVariable: Note: Function class names must contain the string: '.functions.'
2018-09-26 14:23:35,092 INFO o.a.j.e.u.CompoundVariable: Note: Function class names must not contain the string: '.gui.'
2018-09-26 14:23:35,424 INFO o.a.j.JMeter: Running test (1537968215424)
2018-09-26 14:23:35,484 INFO o.a.j.e.StandardJMeterEngine: Starting ThreadGroup: 1 : carsPerf
2018-09-26 14:23:35,484 INFO o.a.j.e.StandardJMeterEngine: Starting 200 threads for group carsPerf.
2018-09-26 14:23:35,485 INFO o.a.j.e.StandardJMeterEngine: Thread will continue on error
2018-09-26 14:23:35,491 INFO o.a.j.e.StandardJMeterEngine: All thread groups have been started
2018-09-26 14:23:35,491 INFO c.b.j.t.c.ConcurrencyThreadStarter: Start supplying threads
2018-09-26 14:23:35,571 INFO o.a.j.s.SampleResult: Note: Sample TimeStamps are START times
2018-09-26 14:23:35,571 INFO o.a.j.s.SampleResult: sampleresult.default.encoding is set to UTF-8
2018-09-26 14:23:35,571 INFO o.a.j.s.SampleResult: sampleresult.useNanoTime=true
2018-09-26 14:23:35,571 INFO o.a.j.s.SampleResult: sampleresult.nanoThreadSleep=5000
2018-09-26 14:23:35,572 INFO o.a.j.t.JMeterThread: Thread started: carsPerf 1-1
2018-09-26 14:23:35,589 INFO o.a.j.p.h.s.HTTPHCAbstractImpl: Local host = gaspa03mac
2018-09-26 14:23:35,593 INFO o.a.j.p.h.s.HTTPHC4Impl: HTTP request retry count = 0
2018-09-26 14:23:36,576 INFO o.a.j.t.JMeterThread: Thread started: carsPerf 1-2
2018-09-26 14:23:36,577 INFO o.a.j.t.JMeterThread: Thread started: carsPerf 1-3
2018-09-26 14:23:36,578 INFO o.a.j.t.JMeterThread: Thread started: carsPerf 1-4
2018-09-26 14:23:36,579 INFO o.a.j.t.JMeterThread: Thread started: carsPerf 1-5
2018-09-26 14:23:36,580 INFO o.a.j.t.JMeterThread: Thread started: carsPerf 1-6
2018-09-26 14:23:36,581 INFO o.a.j.t.JMeterThread: Thread started: carsPerf 1-7
2018-09-26 14:23:37,587 INFO o.a.j.t.JMeterThread: Thread started: carsPerf 1-8
2018-09-26 14:23:37,588 INFO o.a.j.t.JMeterThread: Thread started: carsPerf 1-9
2018-09-26 14:23:37,588 INFO o.a.j.t.JMeterThread: Thread started: carsPerf 1-10
2018-09-26 14:23:37,589 INFO o.a.j.t.JMeterThread: Thread started: carsPerf 1-11
2018-09-26 14:23:37,591 INFO o.a.j.t.JMeterThread: Thread started: carsPerf 1-12
2018-09-26 14:23:37,591 INFO o.a.j.t.JMeterThread: Thread started: carsPerf 1-13
2018-09-26 14:23:37,594 INFO o.a.j.t.JMeterThread: Thread started: carsPerf 1-14
2018-09-26 14:23:38,600 INFO o.a.j.t.JMeterThread: Thread started: carsPerf 1-15
2018-09-26 14:23:38,603 INFO o.a.j.t.JMeterThread: Thread started: carsPerf 1-16
2018-09-26 14:23:38,605 INFO o.a.j.t.JMeterThread: Thread started: carsPerf 1-17
2018-09-26 14:23:38,608 INFO o.a.j.t.JMeterThread: Thread started: carsPerf 1-18
2018-09-26 14:23:38,611 INFO o.a.j.t.JMeterThread: Thread started: carsPerf 1-19
2018-09-26 14:23:38,613 INFO o.a.j.t.JMeterThread: Thread started: carsPerf 1-20
2018-09-26 14:23:38,613 INFO o.a.j.t.JMeterThread: Thread started: carsPerf 1-21
2018-09-26 14:23:39,615 INFO o.a.j.t.JMeterThread: Thread started: carsPerf 1-22
2018-09-26 14:23:39,616 INFO o.a.j.t.JMeterThread: Thread started: carsPerf 1-23
2018-09-26 14:23:39,616 INFO o.a.j.t.JMeterThread: Thread started: carsPerf 1-24
2018-09-26 14:23:39,617 INFO o.a.j.t.JMeterThread: Thread started: carsPerf 1-25
2018-09-26 14:23:39,619 INFO o.a.j.t.JMeterThread: Thread started: carsPerf 1-26
2018-09-26 14:23:39,621 INFO o.a.j.t.JMeterThread: Thread started: carsPerf 1-27
2018-09-26 14:23:39,626 INFO o.a.j.t.JMeterThread: Thread started: carsPerf 1-28
2018-09-26 14:23:40,625 INFO o.a.j.t.JMeterThread: Thread started: carsPerf 1-29
2018-09-26 14:23:40,626 INFO o.a.j.t.JMeterThread: Thread started: carsPerf 1-30
2018-09-26 14:23:40,626 INFO o.a.j.t.JMeterThread: Thread started: carsPerf 1-31
2018-09-26 14:23:40,628 INFO o.a.j.t.JMeterThread: Thread started: carsPerf 1-32
2018-09-26 14:23:40,628 INFO o.a.j.t.JMeterThread: Thread started: carsPerf 1-33
2018-09-26 14:23:40,629 INFO o.a.j.t.JMeterThread: Thread started: carsPerf 1-34
2018-09-26 14:23:41,634 INFO o.a.j.t.JMeterThread: Thread started: carsPerf 1-35
2018-09-26 14:23:41,634 INFO o.a.j.t.JMeterThread: Thread started: carsPerf 1-36
2018-09-26 14:23:41,634 INFO o.a.j.t.JMeterThread: Thread started: carsPerf 1-37
2018-09-26 14:23:41,635 INFO o.a.j.t.JMeterThread: Thread started: carsPerf 1-38
2018-09-26 14:23:41,635 INFO o.a.j.t.JMeterThread: Thread started: carsPerf 1-39
2018-09-26 14:23:41,637 INFO o.a.j.t.JMeterThread: Thread started: carsPerf 1-40
2018-09-26 14:23:41,637 INFO o.a.j.t.JMeterThread: Thread started: carsPerf 1-41
2018-09-26 14:23:42,643 INFO o.a.j.t.JMeterThread: Thread started: carsPerf 1-42
2018-09-26 14:23:42,643 INFO o.a.j.t.JMeterThread: Thread started: carsPerf 1-43
2018-09-26 14:23:42,643 INFO o.a.j.t.JMeterThread: Thread started: carsPerf 1-44
2018-09-26 14:23:42,644 INFO o.a.j.t.JMeterThread: Thread started: carsPerf 1-45
2018-09-26 14:23:42,644 INFO o.a.j.t.JMeterThread: Thread started: carsPerf 1-46
2018-09-26 14:23:42,645 INFO o.a.j.t.JMeterThread: Thread started: carsPerf 1-47
2018-09-26 14:23:42,645 INFO o.a.j.t.JMeterThread: Thread started: carsPerf 1-48
2018-09-26 14:23:43,651 INFO o.a.j.t.JMeterThread: Thread started: carsPerf 1-49
2018-09-26 14:23:43,652 INFO o.a.j.t.JMeterThread: Thread started: carsPerf 1-50
2018-09-26 14:23:43,652 INFO o.a.j.t.JMeterThread: Thread started: carsPerf 1-51
2018-09-26 14:23:43,653 INFO o.a.j.t.JMeterThread: Thread started: carsPerf 1-52
2018-09-26 14:23:43,653 INFO o.a.j.t.JMeterThread: Thread started: carsPerf 1-53
2018-09-26 14:23:43,654 INFO o.a.j.t.JMeterThread: Thread started: carsPerf 1-54
2018-09-26 14:23:44,656 INFO o.a.j.t.JMeterThread: Thread started: carsPerf 1-55
2018-09-26 14:23:44,666 INFO o.a.j.t.JMeterThread: Thread started: carsPerf 1-56
2018-09-26 14:23:44,666 INFO o.a.j.t.JMeterThread: Thread started: carsPerf 1-57
2018-09-26 14:23:44,671 INFO o.a.j.t.JMeterThread: Thread started: carsPerf 1-58
2018-09-26 14:23:44,671 INFO o.a.j.t.JMeterThread: Thread started: carsPerf 1-59
2018-09-26 14:23:44,672 INFO o.a.j.t.JMeterThread: Thread started: carsPerf 1-60
2018-09-26 14:23:44,672 INFO o.a.j.t.JMeterThread: Thread started: carsPerf 1-61
2018-09-26 14:23:45,675 INFO o.a.j.t.JMeterThread: Thread started: carsPerf 1-62
2018-09-26 14:23:45,676 INFO o.a.j.t.JMeterThread: Thread started: carsPerf 1-63
2018-09-26 14:23:45,676 INFO o.a.j.t.JMeterThread: Thread started: carsPerf 1-64
2018-09-26 14:23:45,676 INFO o.a.j.t.JMeterThread: Thread started: carsPerf 1-65
2018-09-26 14:23:45,677 INFO o.a.j.t.JMeterThread: Thread started: carsPerf 1-66
2018-09-26 14:23:45,678 INFO o.a.j.t.JMeterThread: Thread started: carsPerf 1-67
2018-09-26 14:23:45,678 INFO o.a.j.t.JMeterThread: Thread started: carsPerf 1-68
2018-09-26 14:23:46,683 INFO o.a.j.t.JMeterThread: Thread started: carsPerf 1-69
2018-09-26 14:23:46,683 INFO o.a.j.t.JMeterThread: Thread started: carsPerf 1-70
2018-09-26 14:23:46,683 INFO o.a.j.t.JMeterThread: Thread started: carsPerf 1-71
2018-09-26 14:23:46,684 INFO o.a.j.t.JMeterThread: Thread started: carsPerf 1-72
2018-09-26 14:23:46,684 INFO o.a.j.t.JMeterThread: Thread started: carsPerf 1-73
2018-09-26 14:23:46,684 INFO o.a.j.t.JMeterThread: Thread started: carsPerf 1-74
2018-09-26 14:23:46,685 INFO o.a.j.t.JMeterThread: Thread started: carsPerf 1-75
2018-09-26 14:23:47,689 INFO o.a.j.t.JMeterThread: Thread started: carsPerf 1-76
2018-09-26 14:23:47,689 INFO o.a.j.t.JMeterThread: Thread started: carsPerf 1-77
2018-09-26 14:23:47,689 INFO o.a.j.t.JMeterThread: Thread started: carsPerf 1-78
2018-09-26 14:23:47,689 INFO o.a.j.t.JMeterThread: Thread started: carsPerf 1-79
2018-09-26 14:23:47,690 INFO o.a.j.t.JMeterThread: Thread started: carsPerf 1-80
2018-09-26 14:23:47,691 INFO o.a.j.t.JMeterThread: Thread started: carsPerf 1-81
2018-09-26 14:23:48,695 INFO o.a.j.t.JMeterThread: Thread started: carsPerf 1-82
2018-09-26 14:23:48,696 INFO o.a.j.t.JMeterThread: Thread started: carsPerf 1-83
2018-09-26 14:23:48,696 INFO o.a.j.t.JMeterThread: Thread started: carsPerf 1-84
2018-09-26 14:23:48,696 INFO o.a.j.t.JMeterThread: Thread started: carsPerf 1-85
2018-09-26 14:23:48,697 INFO o.a.j.t.JMeterThread: Thread started: carsPerf 1-86
2018-09-26 14:23:48,697 INFO o.a.j.t.JMeterThread: Thread started: carsPerf 1-87
2018-09-26 14:23:48,698 INFO o.a.j.t.JMeterThread: Thread started: carsPerf 1-88
2018-09-26 14:23:49,702 INFO o.a.j.t.JMeterThread: Thread started: carsPerf 1-89
2018-09-26 14:23:49,702 INFO o.a.j.t.JMeterThread: Thread started: carsPerf 1-90
2018-09-26 14:23:49,703 INFO o.a.j.t.JMeterThread: Thread started: carsPerf 1-91
2018-09-26 14:23:49,703 INFO o.a.j.t.JMeterThread: Thread started: carsPerf 1-92
2018-09-26 14:23:49,703 INFO o.a.j.t.JMeterThread: Thread started: carsPerf 1-93
2018-09-26 14:23:49,704 INFO o.a.j.t.JMeterThread: Thread started: carsPerf 1-94
2018-09-26 14:23:49,704 INFO o.a.j.t.JMeterThread: Thread started: carsPerf 1-95
2018-09-26 14:23:50,709 INFO o.a.j.t.JMeterThread: Thread started: carsPerf 1-96
2018-09-26 14:23:50,709 INFO o.a.j.t.JMeterThread: Thread started: carsPerf 1-97
2018-09-26 14:23:50,710 INFO o.a.j.t.JMeterThread: Thread started: carsPerf 1-98
2018-09-26 14:23:50,710 INFO o.a.j.t.JMeterThread: Thread started: carsPerf 1-99
2018-09-26 14:23:50,711 INFO o.a.j.t.JMeterThread: Thread started: carsPerf 1-100
2018-09-26 14:23:50,711 INFO o.a.j.t.JMeterThread: Thread started: carsPerf 1-101
2018-09-26 14:23:51,714 INFO o.a.j.t.JMeterThread: Thread started: carsPerf 1-102
2018-09-26 14:23:51,714 INFO o.a.j.t.JMeterThread: Thread started: carsPerf 1-103
2018-09-26 14:23:51,715 INFO o.a.j.t.JMeterThread: Thread started: carsPerf 1-104
2018-09-26 14:23:51,715 INFO o.a.j.t.JMeterThread: Thread started: carsPerf 1-105
2018-09-26 14:23:51,715 INFO o.a.j.t.JMeterThread: Thread started: carsPerf 1-106
2018-09-26 14:23:51,715 INFO o.a.j.t.JMeterThread: Thread started: carsPerf 1-107
2018-09-26 14:23:51,716 INFO o.a.j.t.JMeterThread: Thread started: carsPerf 1-108
2018-09-26 14:23:52,720 INFO o.a.j.t.JMeterThread: Thread started: carsPerf 1-109
2018-09-26 14:23:52,720 INFO o.a.j.t.JMeterThread: Thread started: carsPerf 1-110
2018-09-26 14:23:52,720 INFO o.a.j.t.JMeterThread: Thread started: carsPerf 1-111
2018-09-26 14:23:52,721 INFO o.a.j.t.JMeterThread: Thread started: carsPerf 1-112
2018-09-26 14:23:52,721 INFO o.a.j.t.JMeterThread: Thread started: carsPerf 1-113
2018-09-26 14:23:52,721 INFO o.a.j.t.JMeterThread: Thread started: carsPerf 1-114
2018-09-26 14:23:52,722 INFO o.a.j.t.JMeterThread: Thread started: carsPerf 1-115
2018-09-26 14:23:53,722 INFO o.a.j.t.JMeterThread: Thread started: carsPerf 1-116
2018-09-26 14:23:53,723 INFO o.a.j.t.JMeterThread: Thread started: carsPerf 1-118
2018-09-26 14:23:53,722 INFO o.a.j.t.JMeterThread: Thread started: carsPerf 1-117
2018-09-26 14:23:53,723 INFO o.a.j.t.JMeterThread: Thread started: carsPerf 1-119
2018-09-26 14:23:53,723 INFO o.a.j.t.JMeterThread: Thread started: carsPerf 1-120
2018-09-26 14:23:53,724 INFO o.a.j.t.JMeterThread: Thread started: carsPerf 1-121
2018-09-26 14:23:53,724 INFO o.a.j.t.JMeterThread: Thread started: carsPerf 1-122
2018-09-26 14:23:54,725 INFO o.a.j.t.JMeterThread: Thread started: carsPerf 1-123
2018-09-26 14:23:54,725 INFO o.a.j.t.JMeterThread: Thread started: carsPerf 1-124
2018-09-26 14:23:54,726 INFO o.a.j.t.JMeterThread: Thread started: carsPerf 1-125
2018-09-26 14:23:54,726 INFO o.a.j.t.JMeterThread: Thread started: carsPerf 1-126
2018-09-26 14:23:54,726 INFO o.a.j.t.JMeterThread: Thread started: carsPerf 1-127
2018-09-26 14:23:54,727 INFO o.a.j.t.JMeterThread: Thread started: carsPerf 1-128
2018-09-26 14:23:55,728 INFO o.a.j.t.JMeterThread: Thread started: carsPerf 1-129
2018-09-26 14:23:55,729 INFO o.a.j.t.JMeterThread: Thread started: carsPerf 1-130
2018-09-26 14:23:55,729 INFO o.a.j.t.JMeterThread: Thread started: carsPerf 1-131
2018-09-26 14:23:55,729 INFO o.a.j.t.JMeterThread: Thread started: carsPerf 1-132
2018-09-26 14:23:55,730 INFO o.a.j.t.JMeterThread: Thread started: carsPerf 1-133
2018-09-26 14:23:55,730 INFO o.a.j.t.JMeterThread: Thread started: carsPerf 1-134
2018-09-26 14:23:55,731 INFO o.a.j.t.JMeterThread: Thread started: carsPerf 1-135
2018-09-26 14:23:56,736 INFO o.a.j.t.JMeterThread: Thread started: carsPerf 1-136
2018-09-26 14:23:56,736 INFO o.a.j.t.JMeterThread: Thread started: carsPerf 1-137
2018-09-26 14:23:56,736 INFO o.a.j.t.JMeterThread: Thread started: carsPerf 1-138
2018-09-26 14:23:56,736 INFO o.a.j.t.JMeterThread: Thread started: carsPerf 1-139
2018-09-26 14:23:56,737 INFO o.a.j.t.JMeterThread: Thread started: carsPerf 1-140
2018-09-26 14:23:56,737 INFO o.a.j.t.JMeterThread: Thread started: carsPerf 1-141
2018-09-26 14:23:56,738 INFO o.a.j.t.JMeterThread: Thread started: carsPerf 1-142
2018-09-26 14:23:57,742 INFO o.a.j.t.JMeterThread: Thread started: carsPerf 1-143
2018-09-26 14:23:57,742 INFO o.a.j.t.JMeterThread: Thread started: carsPerf 1-144
2018-09-26 14:23:57,742 INFO o.a.j.t.JMeterThread: Thread started: carsPerf 1-145
2018-09-26 14:23:57,743 INFO o.a.j.t.JMeterThread: Thread started: carsPerf 1-146
2018-09-26 14:23:57,743 INFO o.a.j.t.JMeterThread: Thread started: carsPerf 1-147
2018-09-26 14:23:57,743 INFO o.a.j.t.JMeterThread: Thread started: carsPerf 1-148
2018-09-26 14:23:58,747 INFO o.a.j.t.JMeterThread: Thread started: carsPerf 1-149
2018-09-26 14:23:58,748 INFO o.a.j.t.JMeterThread: Thread started: carsPerf 1-150
2018-09-26 14:23:58,748 INFO o.a.j.t.JMeterThread: Thread started: carsPerf 1-151
2018-09-26 14:23:58,748 INFO o.a.j.t.JMeterThread: Thread started: carsPerf 1-152
2018-09-26 14:23:58,748 INFO o.a.j.t.JMeterThread: Thread started: carsPerf 1-153
2018-09-26 14:23:58,749 INFO o.a.j.t.JMeterThread: Thread started: carsPerf 1-154
2018-09-26 14:23:58,749 INFO o.a.j.t.JMeterThread: Thread started: carsPerf 1-155
2018-09-26 14:23:59,753 INFO o.a.j.t.JMeterThread: Thread started: carsPerf 1-156
2018-09-26 14:23:59,753 INFO o.a.j.t.JMeterThread: Thread started: carsPerf 1-157
2018-09-26 14:23:59,754 INFO o.a.j.t.JMeterThread: Thread started: carsPerf 1-158
2018-09-26 14:23:59,754 INFO o.a.j.t.JMeterThread: Thread started: carsPerf 1-159
2018-09-26 14:23:59,754 INFO o.a.j.t.JMeterThread: Thread started: carsPerf 1-160
2018-09-26 14:23:59,755 INFO o.a.j.t.JMeterThread: Thread started: carsPerf 1-161
2018-09-26 14:23:59,755 INFO o.a.j.t.JMeterThread: Thread started: carsPerf 1-162
2018-09-26 14:24:00,756 INFO o.a.j.t.JMeterThread: Thread started: carsPerf 1-165
2018-09-26 14:24:00,756 INFO o.a.j.t.JMeterThread: Thread started: carsPerf 1-163
2018-09-26 14:24:00,756 INFO o.a.j.t.JMeterThread: Thread started: carsPerf 1-164
2018-09-26 14:24:00,756 INFO o.a.j.t.JMeterThread: Thread started: carsPerf 1-166
2018-09-26 14:24:00,756 INFO o.a.j.t.JMeterThread: Thread started: carsPerf 1-167
2018-09-26 14:24:00,757 INFO o.a.j.t.JMeterThread: Thread started: carsPerf 1-168
2018-09-26 14:24:01,758 INFO o.a.j.t.JMeterThread: Thread started: carsPerf 1-169
2018-09-26 14:24:01,758 INFO o.a.j.t.JMeterThread: Thread started: carsPerf 1-170
2018-09-26 14:24:01,758 INFO o.a.j.t.JMeterThread: Thread started: carsPerf 1-171
2018-09-26 14:24:01,758 INFO o.a.j.t.JMeterThread: Thread started: carsPerf 1-172
2018-09-26 14:24:01,759 INFO o.a.j.t.JMeterThread: Thread started: carsPerf 1-173
2018-09-26 14:24:01,759 INFO o.a.j.t.JMeterThread: Thread started: carsPerf 1-174
2018-09-26 14:24:01,759 INFO o.a.j.t.JMeterThread: Thread started: carsPerf 1-175
2018-09-26 14:24:02,764 INFO o.a.j.t.JMeterThread: Thread started: carsPerf 1-176
2018-09-26 14:24:02,764 INFO o.a.j.t.JMeterThread: Thread started: carsPerf 1-177
2018-09-26 14:24:02,764 INFO o.a.j.t.JMeterThread: Thread started: carsPerf 1-178
2018-09-26 14:24:02,765 INFO o.a.j.t.JMeterThread: Thread started: carsPerf 1-179
2018-09-26 14:24:02,765 INFO o.a.j.t.JMeterThread: Thread started: carsPerf 1-180
2018-09-26 14:24:02,765 INFO o.a.j.t.JMeterThread: Thread started: carsPerf 1-181
2018-09-26 14:24:02,765 INFO o.a.j.t.JMeterThread: Thread started: carsPerf 1-182
2018-09-26 14:24:03,416 INFO o.a.j.JMeter: Command: Shutdown received from /127.0.0.1
2018-09-26 14:24:03,417 INFO c.b.j.t.c.ConcurrencyThreadStarter: Done supplying threads
2018-09-26 14:24:03,417 WARN o.a.j.t.JMeterThread: Interrupting: carsPerf 1-114 sampler: http://gaspa03mac.local:7901/inventory/carMake/2/models.json
2018-09-26 14:24:03,420 WARN o.a.j.t.JMeterThread: Interrupting: carsPerf 1-143 sampler: http://gaspa03mac.local:7901/inventory/carInventory/2T1KR32E37C639014
2018-09-26 14:24:03,423 WARN o.a.j.t.JMeterThread: Interrupting: carsPerf 1-3 sampler: http://gaspa03mac.local:7901/inventory/carMake/3/models.json
2018-09-26 14:24:03,426 WARN o.a.j.t.JMeterThread: Interrupting: carsPerf 1-47 sampler: http://gaspa03mac.local:7901/inventory/carMake/3/models.json
2018-09-26 14:24:03,428 WARN o.a.j.t.JMeterThread: Interrupting: carsPerf 1-22 sampler: http://gaspa03mac.local:7901/inventory/carMake/2/models.json
2018-09-26 14:24:03,432 WARN o.a.j.t.JMeterThread: Interrupting: carsPerf 1-163 sampler: http://gaspa03mac.local:7901/inventory/carMake/2/models.json
2018-09-26 14:24:03,435 WARN o.a.j.t.JMeterThread: Interrupting: carsPerf 1-107 sampler: http://gaspa03mac.local:7901/inventory/carMake/1/models.json
2018-09-26 14:24:03,437 WARN o.a.j.t.JMeterThread: Interrupting: carsPerf 1-156 sampler: http://gaspa03mac.local:7901/inventory/carMake/2/models.json
2018-09-26 14:24:03,440 WARN o.a.j.t.JMeterThread: Interrupting: carsPerf 1-181 sampler: http://gaspa03mac.local:7901/inventory/carMake/3/models.json
2018-09-26 14:24:03,443 WARN o.a.j.t.JMeterThread: Interrupting: carsPerf 1-42 sampler: http://gaspa03mac.local:7901/inventory/carMake/3/models.json
2018-09-26 14:24:03,447 WARN o.a.j.t.JMeterThread: Interrupting: carsPerf 1-174 sampler: http://gaspa03mac.local:7901/inventory/carMake/3/models.json
2018-09-26 14:24:03,448 WARN o.a.j.t.JMeterThread: Interrupting: carsPerf 1-91 sampler: http://gaspa03mac.local:7901/inventory/carMake/3/models.json
2018-09-26 14:24:03,450 WARN o.a.j.t.JMeterThread: Interrupting: carsPerf 1-130 sampler: http://gaspa03mac.local:7901/inventory/carMake/3/models.json
2018-09-26 14:24:03,451 WARN o.a.j.t.JMeterThread: Interrupting: carsPerf 1-77 sampler: http://gaspa03mac.local:7901/inventory/carMake/2/models.json
2018-09-26 14:24:03,453 WARN o.a.j.t.JMeterThread: Interrupting: carsPerf 1-119 sampler: http://gaspa03mac.local:7901/inventory/carMake/2/models.json
2018-09-26 14:24:03,454 WARN o.a.j.t.JMeterThread: Interrupting: carsPerf 1-120 sampler: http://gaspa03mac.local:7901/inventory/carMake/2/models.json
2018-09-26 14:24:03,456 WARN o.a.j.t.JMeterThread: Interrupting: carsPerf 1-179 sampler: http://gaspa03mac.local:7901/inventory/carMake/3/models.json
2018-09-26 14:24:03,456 WARN o.a.j.t.JMeterThread: Interrupting: carsPerf 1-175 sampler: http://gaspa03mac.local:7901/inventory/carMake/3/models.json
2018-09-26 14:24:03,457 WARN o.a.j.t.JMeterThread: Interrupting: carsPerf 1-140 sampler: http://gaspa03mac.local:7901/inventory/carMake/3/models.json
2018-09-26 14:24:03,458 WARN o.a.j.t.JMeterThread: Interrupting: carsPerf 1-132 sampler: http://gaspa03mac.local:7901/inventory/carMake/3/models.json
2018-09-26 14:24:03,462 WARN o.a.j.t.JMeterThread: Interrupting: carsPerf 1-171 sampler: http://gaspa03mac.local:7901/inventory/carMake/3/models.json
2018-09-26 14:24:03,464 WARN o.a.j.t.JMeterThread: Interrupting: carsPerf 1-38 sampler: http://gaspa03mac.local:7901/inventory/carMake/3/models.json
2018-09-26 14:24:03,467 WARN o.a.j.t.JMeterThread: Interrupting: carsPerf 1-14 sampler: http://gaspa03mac.local:7901/inventory/carInventory/2T1KR32EERATDH
2018-09-26 14:24:03,468 WARN o.a.j.t.JMeterThread: Interrupting: carsPerf 1-27 sampler: http://gaspa03mac.local:7901/inventory/carMake/2/models.json
2018-09-26 14:24:03,469 WARN o.a.j.t.JMeterThread: Interrupting: carsPerf 1-111 sampler: http://gaspa03mac.local:7901/inventory/carMake/2/models.json
2018-09-26 14:24:03,470 WARN o.a.j.t.JMeterThread: Interrupting: carsPerf 1-97 sampler: http://gaspa03mac.local:7901/inventory/carInventory/2T1KR32EERATDH
2018-09-26 14:24:03,470 WARN o.a.j.t.JMeterThread: Interrupting: carsPerf 1-95 sampler: http://gaspa03mac.local:7901/inventory/carMake/3/models.json
2018-09-26 14:24:03,471 WARN o.a.j.t.JMeterThread: Interrupting: carsPerf 1-172 sampler: http://gaspa03mac.local:7901/inventory/carMake/3/models.json
2018-09-26 14:24:03,472 WARN o.a.j.t.JMeterThread: Interrupting: carsPerf 1-9 sampler: http://gaspa03mac.local:7901/inventory/carInventory/2T1KR32EERATDH
2018-09-26 14:24:03,473 WARN o.a.j.t.JMeterThread: Interrupting: carsPerf 1-5 sampler: http://gaspa03mac.local:7901/inventory/carMake/3/models.json
2018-09-26 14:24:03,473 WARN o.a.j.t.JMeterThread: Interrupting: carsPerf 1-104 sampler: http://gaspa03mac.local:7901/inventory/carMake/1/models.json
2018-09-26 14:24:03,475 WARN o.a.j.t.JMeterThread: Interrupting: carsPerf 1-167 sampler: http://gaspa03mac.local:7901/inventory/carMake/2/models.json
2018-09-26 14:24:03,476 WARN o.a.j.t.JMeterThread: Interrupting: carsPerf 1-55 sampler: http://gaspa03mac.local:7901/inventory/carInventory/2T1KR32E37C639014
2018-09-26 14:24:03,476 WARN o.a.j.t.JMeterThread: Interrupting: carsPerf 1-94 sampler: http://gaspa03mac.local:7901/inventory/carMake/3/models.json
2018-09-26 14:24:03,477 WARN o.a.j.t.JMeterThread: Interrupting: carsPerf 1-71 sampler: http://gaspa03mac.local:7901/inventory/carMake/2/models.json
2018-09-26 14:24:03,478 WARN o.a.j.t.JMeterThread: Interrupting: carsPerf 1-135 sampler: http://gaspa03mac.local:7901/inventory/carMake/3/models.json
2018-09-26 14:24:03,478 WARN o.a.j.t.JMeterThread: Interrupting: carsPerf 1-46 sampler: http://gaspa03mac.local:7901/inventory/carMake/3/models.json
2018-09-26 14:24:03,479 WARN o.a.j.t.JMeterThread: Interrupting: carsPerf 1-76 sampler: http://gaspa03mac.local:7901/inventory/carMake/2/models.json
2018-09-26 14:24:03,480 WARN o.a.j.t.JMeterThread: Interrupting: carsPerf 1-109 sampler: http://gaspa03mac.local:7901/inventory/carMake/2/models.json
2018-09-26 14:24:03,481 WARN o.a.j.t.JMeterThread: Interrupting: carsPerf 1-168 sampler: http://gaspa03mac.local:7901/inventory/carMake/2/models.json
2018-09-26 14:24:03,481 WARN o.a.j.t.JMeterThread: Interrupting: carsPerf 1-137 sampler: http://gaspa03mac.local:7901/inventory/carMake/3/models.json
2018-09-26 14:24:03,485 WARN o.a.j.t.JMeterThread: Interrupting: carsPerf 1-154 sampler: http://gaspa03mac.local:7901/inventory/carMake/2/models.json
2018-09-26 14:24:03,486 WARN o.a.j.t.JMeterThread: Interrupting: carsPerf 1-10 sampler: http://gaspa03mac.local:7901/inventory/carInventory/2T1KR32EERATDH
2018-09-26 14:24:03,486 WARN o.a.j.t.JMeterThread: Interrupting: carsPerf 1-8 sampler: http://gaspa03mac.local:7901/inventory/carInventory/2T1KR32EERATDH
2018-09-26 14:24:03,486 WARN o.a.j.t.JMeterThread: Interrupting: carsPerf 1-100 sampler: http://gaspa03mac.local:7901/inventory/carInventory/2T1KR32EERATDH
2018-09-26 14:24:03,486 WARN o.a.j.t.JMeterThread: Interrupting: carsPerf 1-146 sampler: http://gaspa03mac.local:7901/inventory/carInventory/2T1KR32E37C639014
2018-09-26 14:24:03,486 WARN o.a.j.t.JMeterThread: Interrupting: carsPerf 1-86 sampler: http://gaspa03mac.local:7901/inventory/carMake/3/models.json
2018-09-26 14:24:03,486 WARN o.a.j.t.JMeterThread: Interrupting: carsPerf 1-16 sampler: http://gaspa03mac.local:7901/inventory/carMake/1/models.json
2018-09-26 14:24:03,487 WARN o.a.j.t.JMeterThread: Interrupting: carsPerf 1-57 sampler: http://gaspa03mac.local:7901/inventory/carInventory/2T1KR32E37C639014
2018-09-26 14:24:03,487 WARN o.a.j.t.JMeterThread: Interrupting: carsPerf 1-62 sampler: http://gaspa03mac.local:7901/inventory/carMake/2/models.json
2018-09-26 14:24:03,487 WARN o.a.j.t.JMeterThread: Interrupting: carsPerf 1-126 sampler: http://gaspa03mac.local:7901/inventory/carMake/3/models.json
2018-09-26 14:24:03,487 WARN o.a.j.t.JMeterThread: Interrupting: carsPerf 1-20 sampler: http://gaspa03mac.local:7901/inventory/carMake/1/models.json
2018-09-26 14:24:03,487 WARN o.a.j.t.JMeterThread: Interrupting: carsPerf 1-70 sampler: http://gaspa03mac.local:7901/inventory/carMake/2/models.json
2018-09-26 14:24:03,487 WARN o.a.j.t.JMeterThread: Interrupting: carsPerf 1-155 sampler: http://gaspa03mac.local:7901/inventory/carMake/2/models.json
2018-09-26 14:24:03,487 WARN o.a.j.t.JMeterThread: Interrupting: carsPerf 1-164 sampler: http://gaspa03mac.local:7901/inventory/carMake/2/models.json
2018-09-26 14:24:03,488 WARN o.a.j.t.JMeterThread: Interrupting: carsPerf 1-60 sampler: http://gaspa03mac.local:7901/inventory/carInventory/2T1KR32E37C639014
2018-09-26 14:24:03,488 WARN o.a.j.t.JMeterThread: Interrupting: carsPerf 1-138 sampler: http://gaspa03mac.local:7901/inventory/carMake/3/models.json
2018-09-26 14:24:03,488 WARN o.a.j.t.JMeterThread: Interrupting: carsPerf 1-25 sampler: http://gaspa03mac.local:7901/inventory/carMake/2/models.json
2018-09-26 14:24:03,488 WARN o.a.j.t.JMeterThread: Interrupting: carsPerf 1-113 sampler: http://gaspa03mac.local:7901/inventory/carMake/2/models.json
2018-09-26 14:24:03,488 WARN o.a.j.t.JMeterThread: Interrupting: carsPerf 1-115 sampler: http://gaspa03mac.local:7901/inventory/carMake/2/models.json
2018-09-26 14:24:03,488 WARN o.a.j.t.JMeterThread: Interrupting: carsPerf 1-11 sampler: http://gaspa03mac.local:7901/inventory/carInventory/2T1KR32EERATDH
2018-09-26 14:24:03,489 WARN o.a.j.t.JMeterThread: Interrupting: carsPerf 1-170 sampler: http://gaspa03mac.local:7901/inventory/carMake/3/models.json
2018-09-26 14:24:03,489 WARN o.a.j.t.JMeterThread: Interrupting: carsPerf 1-23 sampler: http://gaspa03mac.local:7901/inventory/carMake/2/models.json
2018-09-26 14:24:03,489 WARN o.a.j.t.JMeterThread: Interrupting: carsPerf 1-48 sampler: http://gaspa03mac.local:7901/inventory/carMake/3/models.json
2018-09-26 14:24:03,489 WARN o.a.j.t.JMeterThread: Interrupting: carsPerf 1-53 sampler: http://gaspa03mac.local:7901/inventory/carMake/3/models.json
2018-09-26 14:24:03,489 WARN o.a.j.t.JMeterThread: Interrupting: carsPerf 1-52 sampler: http://gaspa03mac.local:7901/inventory/carMake/3/models.json
2018-09-26 14:24:03,490 WARN o.a.j.t.JMeterThread: Interrupting: carsPerf 1-61 sampler: http://gaspa03mac.local:7901/inventory/carInventory/2T1KR32E37C639014
2018-09-26 14:24:03,490 WARN o.a.j.t.JMeterThread: Interrupting: carsPerf 1-40 sampler: http://gaspa03mac.local:7901/inventory/carMake/3/models.json
2018-09-26 14:24:03,490 WARN o.a.j.t.JMeterThread: Interrupting: carsPerf 1-176 sampler: http://gaspa03mac.local:7901/inventory/carMake/3/models.json
2018-09-26 14:24:03,490 WARN o.a.j.t.JMeterThread: Interrupting: carsPerf 1-67 sampler: http://gaspa03mac.local:7901/inventory/carMake/2/models.json
2018-09-26 14:24:03,490 WARN o.a.j.t.JMeterThread: Interrupting: carsPerf 1-78 sampler: http://gaspa03mac.local:7901/inventory/carMake/2/models.json
2018-09-26 14:24:03,490 WARN o.a.j.t.JMeterThread: Interrupting: carsPerf 1-64 sampler: http://gaspa03mac.local:7901/inventory/carMake/2/models.json
2018-09-26 14:24:03,490 WARN o.a.j.t.JMeterThread: Interrupting: carsPerf 1-142 sampler: http://gaspa03mac.local:7901/inventory/carMake/3/models.json
2018-09-26 14:24:03,491 WARN o.a.j.t.JMeterThread: Interrupting: carsPerf 1-28 sampler: http://gaspa03mac.local:7901/inventory/carMake/2/models.json
2018-09-26 14:24:03,491 WARN o.a.j.t.JMeterThread: Interrupting: carsPerf 1-147 sampler: http://gaspa03mac.local:7901/inventory/carInventory/2T1KR32E37C639014
2018-09-26 14:24:03,491 WARN o.a.j.t.JMeterThread: Interrupting: carsPerf 1-69 sampler: http://gaspa03mac.local:7901/inventory/carMake/2/models.json
2018-09-26 14:24:03,491 WARN o.a.j.t.JMeterThread: Interrupting: carsPerf 1-165 sampler: http://gaspa03mac.local:7901/inventory/carMake/2/models.json
2018-09-26 14:24:03,491 WARN o.a.j.t.JMeterThread: Interrupting: carsPerf 1-81 sampler: http://gaspa03mac.local:7901/inventory/carMake/2/models.json
2018-09-26 14:24:03,491 INFO o.a.j.t.JMeterThread: Thread is done: carsPerf 1-114
2018-09-26 14:24:03,492 WARN o.a.j.t.JMeterThread: Interrupting: carsPerf 1-49 sampler: http://gaspa03mac.local:7901/inventory/carMake/3/models.json
2018-09-26 14:24:03,492 INFO o.a.j.t.JMeterThread: Thread finished: carsPerf 1-114
2018-09-26 14:24:03,492 WARN o.a.j.t.JMeterThread: Interrupting: carsPerf 1-110 sampler: http://gaspa03mac.local:7901/inventory/carMake/2/models.json
2018-09-26 14:24:03,492 WARN o.a.j.t.JMeterThread: Interrupting: carsPerf 1-131 sampler: http://gaspa03mac.local:7901/inventory/carMake/3/models.json
2018-09-26 14:24:03,492 INFO o.a.j.e.StandardJMeterEngine: Notifying test listeners of end of test
2018-09-26 14:24:03,492 WARN o.a.j.t.JMeterThread: Interrupting: carsPerf 1-79 sampler: http://gaspa03mac.local:7901/inventory/carMake/2/models.json
2018-09-26 14:24:03,492 WARN o.a.j.t.JMeterThread: Interrupting: carsPerf 1-129 sampler: http://gaspa03mac.local:7901/inventory/carMake/3/models.json
2018-09-26 14:24:03,493 WARN o.a.j.t.JMeterThread: Interrupting: carsPerf 1-173 sampler: http://gaspa03mac.local:7901/inventory/carMake/3/models.json
2018-09-26 14:24:03,493 INFO o.a.j.t.JMeterThread: Thread is done: carsPerf 1-147
2018-09-26 14:24:03,493 INFO o.a.j.t.JMeterThread: Thread finished: carsPerf 1-147
2018-09-26 14:24:03,493 WARN o.a.j.t.JMeterThread: Interrupting: carsPerf 1-103 sampler: http://gaspa03mac.local:7901/inventory/carMake/1/models.json
2018-09-26 14:24:03,494 WARN o.a.j.t.JMeterThread: Interrupting: carsPerf 1-158 sampler: http://gaspa03mac.local:7901/inventory/carMake/2/models.json
2018-09-26 14:24:03,494 WARN o.a.j.t.JMeterThread: Interrupting: carsPerf 1-88 sampler: http://gaspa03mac.local:7901/inventory/carMake/3/models.json
2018-09-26 14:24:03,494 INFO o.a.j.t.JMeterThread: Thread is done: carsPerf 1-103
2018-09-26 14:24:03,495 INFO o.a.j.e.StandardJMeterEngine: Forced JVM shutdown requested at end of test
2018-09-26 14:24:03,495 WARN o.a.j.t.JMeterThread: Interrupting: carsPerf 1-34 sampler: http://gaspa03mac.local:7901/inventory/carMake/2/models.json
2018-09-26 14:24:03,495 INFO o.a.j.t.JMeterThread: Thread finished: carsPerf 1-103
2018-09-26 14:24:03,495 INFO o.a.j.t.JMeterThread: Thread is done: carsPerf 1-158
2018-09-26 14:24:03,495 INFO o.a.j.t.JMeterThread: Thread finished: carsPerf 1-158
2018-09-26 14:24:03,495 INFO o.a.j.t.JMeterThread: Thread is done: carsPerf 1-88
2018-09-26 14:24:03,495 INFO o.a.j.t.JMeterThread: Thread finished: carsPerf 1-88
2018-09-26 14:24:03,496 WARN o.a.j.t.JMeterThread: Interrupting: carsPerf 1-39 sampler: http://gaspa03mac.local:7901/inventory/carMake/3/models.json
2018-09-26 14:24:03,497 INFO o.a.j.t.JMeterThread: Thread is done: carsPerf 1-34
2018-09-26 14:24:03,497 WARN o.a.j.t.JMeterThread: Interrupting: carsPerf 1-141 sampler: http://gaspa03mac.local:7901/inventory/carMake/3/models.json
2018-09-26 14:24:03,497 INFO o.a.j.t.JMeterThread: Thread finished: carsPerf 1-34
2018-09-26 14:24:03,497 INFO o.a.j.t.JMeterThread: Thread is done: carsPerf 1-79
2018-09-26 14:24:03,497 INFO o.a.j.t.JMeterThread: Thread finished: carsPerf 1-79
2018-09-26 14:24:03,498 WARN o.a.j.t.JMeterThread: Interrupting: carsPerf 1-85 sampler: http://gaspa03mac.local:7901/inventory/carMake/3/models.json
2018-09-26 14:24:03,498 INFO o.a.j.t.JMeterThread: Thread is done: carsPerf 1-39
2018-09-26 14:24:03,498 INFO o.a.j.t.JMeterThread: Thread finished: carsPerf 1-39
2018-09-26 14:24:03,500 INFO o.a.j.t.JMeterThread: Thread is done: carsPerf 1-85
2018-09-26 14:24:03,500 INFO o.a.j.t.JMeterThread: Thread is done: carsPerf 1-28
2018-09-26 14:24:03,500 INFO o.a.j.t.JMeterThread: Thread finished: carsPerf 1-85
2018-09-26 14:24:03,500 INFO o.a.j.t.JMeterThread: Thread finished: carsPerf 1-28
